# Logfile created on 2026-03-15 21:25:55 +0100 by logger.rb/v1.6.0
2026-03-15 21:25:55 +0100: Memory Usage (421672K) : Starting running IHP-SG13G2 KLayout DRC runset on /home/cmaier/EDA/PUDDING/gds/dacbuffer.gds
2026-03-15 21:25:55 +0100: Memory Usage (421672K) : Ruby Version for klayout: 3.3.10
2026-03-15 21:25:55 +0100: Memory Usage (422824K) : Loading database to memory is complete.
2026-03-15 21:25:55 +0100: Memory Usage (422824K) : IHP-SG13G2 KLayout DRC runset output at: /home/cmaier/EDA/PUDDING/gds/drc_run_dacbuffer/dacbuffer_dacbuffer_main.lyrdb
2026-03-15 21:25:55 +0100: Memory Usage (422824K) : Evaluate switches.
2026-03-15 21:25:55 +0100: Memory Usage (422824K) : tables selected: main
2026-03-15 21:25:55 +0100: Memory Usage (422824K) : KLayout will use 1 thread(s) in tiling mode.
2026-03-15 21:25:55 +0100: Memory Usage (422824K) : deep mode is enabled.
2026-03-15 21:25:55 +0100: Memory Usage (422824K) : FEOL enabled: true
2026-03-15 21:25:55 +0100: Memory Usage (422824K) : BEOL enabled: true
2026-03-15 21:25:55 +0100: Memory Usage (422824K) : OFFGRID enabled: true
2026-03-15 21:25:55 +0100: Memory Usage (422824K) : PIN enabled: true
2026-03-15 21:25:55 +0100: Memory Usage (422824K) : FORBIDDEN enabled: true
2026-03-15 21:25:55 +0100: Memory Usage (422824K) : RECOMMENDED enabled: true
2026-03-15 21:25:55 +0100: Memory Usage (422824K) : PreCheck DRC enabled: false
2026-03-15 21:25:55 +0100: Memory Usage (422824K) : CONNECTIVITY_RULES enabled: true.
2026-03-15 21:25:55 +0100: Memory Usage (422824K) : Read in polygons from layers.
2026-03-15 21:25:55 +0100: Memory Usage (424036K) : activ_drw has 20 polygons
2026-03-15 21:25:55 +0100: Memory Usage (424036K) : activ_pin has 0 polygons
2026-03-15 21:25:55 +0100: Memory Usage (424036K) : activ_mask has 0 polygons
2026-03-15 21:25:55 +0100: Memory Usage (424036K) : activ_filler has 0 polygons
2026-03-15 21:25:55 +0100: Memory Usage (424036K) : activ_nofill has 0 polygons
2026-03-15 21:25:55 +0100: Memory Usage (424036K) : activ_opc has 0 polygons
2026-03-15 21:25:55 +0100: Memory Usage (424036K) : activ_iopc has 0 polygons
2026-03-15 21:25:55 +0100: Memory Usage (424036K) : activ_noqrc has 0 polygons
2026-03-15 21:25:55 +0100: Memory Usage (424036K) : biwind_drw has 0 polygons
2026-03-15 21:25:55 +0100: Memory Usage (424036K) : biwind_opc has 0 polygons
2026-03-15 21:25:55 +0100: Memory Usage (424036K) : pemwind_drw has 0 polygons
2026-03-15 21:25:55 +0100: Memory Usage (424036K) : gatpoly_drw has 8 polygons
2026-03-15 21:25:55 +0100: Memory Usage (424036K) : gatpoly_pin has 4 polygons
2026-03-15 21:25:55 +0100: Memory Usage (424036K) : gatpoly_filler has 0 polygons
2026-03-15 21:25:55 +0100: Memory Usage (424036K) : gatpoly_nofill has 0 polygons
2026-03-15 21:25:55 +0100: Memory Usage (424036K) : gatpoly_opc has 0 polygons
2026-03-15 21:25:55 +0100: Memory Usage (424036K) : gatpoly_iopc has 0 polygons
2026-03-15 21:25:55 +0100: Memory Usage (424036K) : gatpoly_noqrc has 0 polygons
2026-03-15 21:25:55 +0100: Memory Usage (424036K) : cont_drw has 472 polygons
2026-03-15 21:25:55 +0100: Memory Usage (424036K) : cont_opc has 0 polygons
2026-03-15 21:25:55 +0100: Memory Usage (424036K) : nsd_drw has 0 polygons
2026-03-15 21:25:55 +0100: Memory Usage (424036K) : nsd_block has 0 polygons
2026-03-15 21:25:55 +0100: Memory Usage (424316K) : metal1_drw has 15 polygons
2026-03-15 21:25:55 +0100: Memory Usage (424316K) : metal1_pin has 9 polygons
2026-03-15 21:25:55 +0100: Memory Usage (424316K) : metal1_mask has 0 polygons
2026-03-15 21:25:55 +0100: Memory Usage (424316K) : metal1_filler has 0 polygons
2026-03-15 21:25:55 +0100: Memory Usage (424444K) : metal1_nofill has 0 polygons
2026-03-15 21:25:55 +0100: Memory Usage (424444K) : metal1_slit has 0 polygons
2026-03-15 21:25:55 +0100: Memory Usage (424616K) : metal1_text has 1 polygons
2026-03-15 21:25:55 +0100: Memory Usage (424744K) : metal1_opc has 0 polygons
2026-03-15 21:25:55 +0100: Memory Usage (424872K) : metal1_noqrc has 0 polygons
2026-03-15 21:25:55 +0100: Memory Usage (425000K) : metal1_res has 0 polygons
2026-03-15 21:25:55 +0100: Memory Usage (425000K) : metal1_iprobe has 0 polygons
2026-03-15 21:25:55 +0100: Memory Usage (425000K) : metal1_diffprb has 0 polygons
2026-03-15 21:25:55 +0100: Memory Usage (425000K) : passiv_drw has 0 polygons
2026-03-15 21:25:55 +0100: Memory Usage (425000K) : passiv_pin has 0 polygons
2026-03-15 21:25:55 +0100: Memory Usage (425000K) : passiv_sbump has 0 polygons
2026-03-15 21:25:55 +0100: Memory Usage (425128K) : passiv_pillar has 0 polygons
2026-03-15 21:25:55 +0100: Memory Usage (425128K) : passiv_pdl has 0 polygons
2026-03-15 21:25:55 +0100: Memory Usage (425256K) : metal2_drw has 0 polygons
2026-03-15 21:25:55 +0100: Memory Usage (425256K) : metal2_pin has 0 polygons
2026-03-15 21:25:55 +0100: Memory Usage (425384K) : metal2_mask has 0 polygons
2026-03-15 21:25:55 +0100: Memory Usage (425384K) : metal2_filler has 0 polygons
2026-03-15 21:25:55 +0100: Memory Usage (425512K) : metal2_nofill has 0 polygons
2026-03-15 21:25:55 +0100: Memory Usage (425512K) : metal2_slit has 0 polygons
2026-03-15 21:25:55 +0100: Memory Usage (425640K) : metal2_text has 0 polygons
2026-03-15 21:25:55 +0100: Memory Usage (425640K) : metal2_opc has 0 polygons
2026-03-15 21:25:55 +0100: Memory Usage (425768K) : metal2_noqrc has 0 polygons
2026-03-15 21:25:55 +0100: Memory Usage (425768K) : metal2_res has 0 polygons
2026-03-15 21:25:55 +0100: Memory Usage (425768K) : metal2_iprobe has 0 polygons
2026-03-15 21:25:55 +0100: Memory Usage (425896K) : metal2_diffprb has 0 polygons
2026-03-15 21:25:55 +0100: Memory Usage (425896K) : baspoly_drw has 0 polygons
2026-03-15 21:25:55 +0100: Memory Usage (425896K) : baspoly_pin has 0 polygons
2026-03-15 21:25:55 +0100: Memory Usage (425896K) : psd_drw has 4 polygons
2026-03-15 21:25:55 +0100: Memory Usage (425896K) : nldb_drw has 0 polygons
2026-03-15 21:25:55 +0100: Memory Usage (425896K) : digibnd_drw has 0 polygons
2026-03-15 21:25:55 +0100: Memory Usage (425896K) : via1_drw has 0 polygons
2026-03-15 21:25:55 +0100: Memory Usage (426024K) : backmetal1_drw has 0 polygons
2026-03-15 21:25:55 +0100: Memory Usage (426024K) : backmetal1_pin has 0 polygons
2026-03-15 21:25:55 +0100: Memory Usage (426152K) : backmetal1_mask has 0 polygons
2026-03-15 21:25:55 +0100: Memory Usage (426152K) : backmetal1_filler has 0 polygons
2026-03-15 21:25:55 +0100: Memory Usage (426280K) : backmetal1_nofill has 0 polygons
2026-03-15 21:25:55 +0100: Memory Usage (426280K) : backmetal1_slit has 0 polygons
2026-03-15 21:25:55 +0100: Memory Usage (426280K) : backmetal1_text has 0 polygons
2026-03-15 21:25:55 +0100: Memory Usage (426408K) : backmetal1_opc has 0 polygons
2026-03-15 21:25:55 +0100: Memory Usage (426408K) : backmetal1_noqrc has 0 polygons
2026-03-15 21:25:55 +0100: Memory Usage (426536K) : backmetal1_res has 0 polygons
2026-03-15 21:25:55 +0100: Memory Usage (426664K) : backmetal1_iprobe has 0 polygons
2026-03-15 21:25:55 +0100: Memory Usage (426664K) : backmetal1_diffprb has 0 polygons
2026-03-15 21:25:55 +0100: Memory Usage (426792K) : backpassiv_drw has 0 polygons
2026-03-15 21:25:55 +0100: Memory Usage (426792K) : res_drw has 0 polygons
2026-03-15 21:25:55 +0100: Memory Usage (426920K) : sram_drw has 0 polygons
2026-03-15 21:25:55 +0100: Memory Usage (426920K) : trans_drw has 0 polygons
2026-03-15 21:25:55 +0100: Memory Usage (427048K) : ind_drw has 0 polygons
2026-03-15 21:25:55 +0100: Memory Usage (427048K) : ind_pin has 0 polygons
2026-03-15 21:25:55 +0100: Memory Usage (427048K) : ind_text has 0 polygons
2026-03-15 21:25:55 +0100: Memory Usage (427176K) : salblock_drw has 0 polygons
2026-03-15 21:25:55 +0100: Memory Usage (427304K) : via2_drw has 0 polygons
2026-03-15 21:25:55 +0100: Memory Usage (427304K) : metal3_drw has 6 polygons
2026-03-15 21:25:55 +0100: Memory Usage (427432K) : metal3_pin has 6 polygons
2026-03-15 21:25:55 +0100: Memory Usage (427432K) : metal3_mask has 0 polygons
2026-03-15 21:25:55 +0100: Memory Usage (427432K) : metal3_filler has 0 polygons
2026-03-15 21:25:55 +0100: Memory Usage (427560K) : metal3_nofill has 0 polygons
2026-03-15 21:25:55 +0100: Memory Usage (427688K) : metal3_slit has 0 polygons
2026-03-15 21:25:55 +0100: Memory Usage (427688K) : metal3_text has 6 polygons
2026-03-15 21:25:55 +0100: Memory Usage (427688K) : metal3_opc has 0 polygons
2026-03-15 21:25:55 +0100: Memory Usage (427816K) : metal3_noqrc has 0 polygons
2026-03-15 21:25:55 +0100: Memory Usage (427816K) : metal3_res has 0 polygons
2026-03-15 21:25:55 +0100: Memory Usage (427944K) : metal3_iprobe has 0 polygons
2026-03-15 21:25:55 +0100: Memory Usage (427944K) : metal3_diffprb has 0 polygons
2026-03-15 21:25:55 +0100: Memory Usage (428328K) : nwell_drw has 4 polygons
2026-03-15 21:25:55 +0100: Memory Usage (428328K) : nwell_pin has 0 polygons
2026-03-15 21:25:55 +0100: Memory Usage (428328K) : nbulay_drw has 0 polygons
2026-03-15 21:25:55 +0100: Memory Usage (428456K) : nbulay_pin has 0 polygons
2026-03-15 21:25:55 +0100: Memory Usage (428456K) : nbulay_block has 0 polygons
2026-03-15 21:25:55 +0100: Memory Usage (428456K) : emwind_drw has 0 polygons
2026-03-15 21:25:55 +0100: Memory Usage (428456K) : emwind_opc has 0 polygons
2026-03-15 21:25:55 +0100: Memory Usage (428456K) : deepco_drw has 0 polygons
2026-03-15 21:25:55 +0100: Memory Usage (428456K) : deepco_drw has 0 polygons
2026-03-15 21:25:55 +0100: Memory Usage (428584K) : mim_drw has 0 polygons
2026-03-15 21:25:55 +0100: Memory Usage (428584K) : edgeseal_drw has 0 polygons
2026-03-15 21:25:55 +0100: Memory Usage (428712K) : edgeseal_bound has 0 polygons
2026-03-15 21:25:55 +0100: Memory Usage (428712K) : substrate_drw has 4 polygons
2026-03-15 21:25:56 +0100: Memory Usage (428840K) : substrate_text has 0 polygons
2026-03-15 21:25:56 +0100: Memory Usage (428840K) : dfpad_drw has 0 polygons
2026-03-15 21:25:56 +0100: Memory Usage (428968K) : dfpad_pillar has 0 polygons
2026-03-15 21:25:56 +0100: Memory Usage (428968K) : dfpad_sbump has 0 polygons
2026-03-15 21:25:56 +0100: Memory Usage (429096K) : thickgateox_drw has 4 polygons
2026-03-15 21:25:56 +0100: Memory Usage (429096K) : pldb_drw has 0 polygons
2026-03-15 21:25:56 +0100: Memory Usage (429224K) : pwell_drw has 0 polygons
2026-03-15 21:25:56 +0100: Memory Usage (429224K) : pwell_pin has 0 polygons
2026-03-15 21:25:56 +0100: Memory Usage (429352K) : pwell_block has 0 polygons
2026-03-15 21:25:56 +0100: Memory Usage (429352K) : ic_drw has 0 polygons
2026-03-15 21:25:56 +0100: Memory Usage (429480K) : via3_drw has 0 polygons
2026-03-15 21:25:56 +0100: Memory Usage (429480K) : metal4_drw has 0 polygons
2026-03-15 21:25:56 +0100: Memory Usage (429608K) : metal4_pin has 0 polygons
2026-03-15 21:25:56 +0100: Memory Usage (429608K) : metal4_mask has 0 polygons
2026-03-15 21:25:56 +0100: Memory Usage (429736K) : metal4_filler has 0 polygons
2026-03-15 21:25:56 +0100: Memory Usage (429736K) : metal4_nofill has 0 polygons
2026-03-15 21:25:56 +0100: Memory Usage (429864K) : metal4_slit has 0 polygons
2026-03-15 21:25:56 +0100: Memory Usage (429864K) : metal4_text has 0 polygons
2026-03-15 21:25:56 +0100: Memory Usage (429992K) : metal4_opc has 0 polygons
2026-03-15 21:25:56 +0100: Memory Usage (429992K) : metal4_noqrc has 0 polygons
2026-03-15 21:25:56 +0100: Memory Usage (430120K) : metal4_res has 0 polygons
2026-03-15 21:25:56 +0100: Memory Usage (430120K) : metal4_iprobe has 0 polygons
2026-03-15 21:25:56 +0100: Memory Usage (430248K) : metal4_diffprb has 0 polygons
2026-03-15 21:25:56 +0100: Memory Usage (430248K) : heattrans_drw has 4 polygons
2026-03-15 21:25:56 +0100: Memory Usage (430376K) : heatres_drw has 0 polygons
2026-03-15 21:25:56 +0100: Memory Usage (430376K) : pempoly_drw has 0 polygons
2026-03-15 21:25:56 +0100: Memory Usage (430504K) : fbe_drw has 0 polygons
2026-03-15 21:25:56 +0100: Memory Usage (430504K) : empoly_drw has 0 polygons
2026-03-15 21:25:56 +0100: Memory Usage (430632K) : ldmos_drw has 0 polygons
2026-03-15 21:25:56 +0100: Memory Usage (430632K) : pbiwind_drw has 0 polygons
2026-03-15 21:25:56 +0100: Memory Usage (430760K) : digisub_drw has 0 polygons
2026-03-15 21:25:56 +0100: Memory Usage (430760K) : nodrc_drw has 0 polygons
2026-03-15 21:25:56 +0100: Memory Usage (430888K) : text_drw has 0 polygons
2026-03-15 21:25:56 +0100: Memory Usage (430888K) : via4_drw has 0 polygons
2026-03-15 21:25:56 +0100: Memory Usage (431016K) : metal5_drw has 0 polygons
2026-03-15 21:25:56 +0100: Memory Usage (431016K) : metal5_pin has 0 polygons
2026-03-15 21:25:56 +0100: Memory Usage (431144K) : metal5_mask has 0 polygons
2026-03-15 21:25:56 +0100: Memory Usage (431144K) : metal5_filler has 0 polygons
2026-03-15 21:25:56 +0100: Memory Usage (431272K) : metal5_nofill has 0 polygons
2026-03-15 21:25:56 +0100: Memory Usage (431272K) : metal5_slit has 0 polygons
2026-03-15 21:25:56 +0100: Memory Usage (431400K) : metal5_text has 0 polygons
2026-03-15 21:25:56 +0100: Memory Usage (431400K) : metal5_opc has 0 polygons
2026-03-15 21:25:56 +0100: Memory Usage (431528K) : metal5_noqrc has 0 polygons
2026-03-15 21:25:56 +0100: Memory Usage (431528K) : metal5_res has 0 polygons
2026-03-15 21:25:56 +0100: Memory Usage (431656K) : metal5_iprobe has 0 polygons
2026-03-15 21:25:56 +0100: Memory Usage (431656K) : metal5_diffprb has 0 polygons
2026-03-15 21:25:56 +0100: Memory Usage (431784K) : radhard_drw has 0 polygons
2026-03-15 21:25:56 +0100: Memory Usage (431784K) : memcap_drw has 0 polygons
2026-03-15 21:25:56 +0100: Memory Usage (431912K) : varicap_drw has 0 polygons
2026-03-15 21:25:56 +0100: Memory Usage (431912K) : flash_drw has 0 polygons
2026-03-15 21:25:56 +0100: Memory Usage (432040K) : intbondvia_drw has 0 polygons
2026-03-15 21:25:56 +0100: Memory Usage (432168K) : intbondmet_drw has 0 polygons
2026-03-15 21:25:56 +0100: Memory Usage (432168K) : devbondvia_drw has 0 polygons
2026-03-15 21:25:56 +0100: Memory Usage (432168K) : devbondmet_drw has 0 polygons
2026-03-15 21:25:56 +0100: Memory Usage (432168K) : devtrench_drw has 0 polygons
2026-03-15 21:25:56 +0100: Memory Usage (432168K) : redist_drw has 0 polygons
2026-03-15 21:25:56 +0100: Memory Usage (432168K) : graphbot_drw has 0 polygons
2026-03-15 21:25:56 +0100: Memory Usage (432168K) : graphtop_drw has 0 polygons
2026-03-15 21:25:56 +0100: Memory Usage (432168K) : antvia1_drw has 0 polygons
2026-03-15 21:25:56 +0100: Memory Usage (432168K) : antmetal2_drw has 0 polygons
2026-03-15 21:25:56 +0100: Memory Usage (432168K) : graphcont_drw has 0 polygons
2026-03-15 21:25:56 +0100: Memory Usage (432168K) : siwg_drw has 0 polygons
2026-03-15 21:25:56 +0100: Memory Usage (432168K) : siwg_filler has 0 polygons
2026-03-15 21:25:56 +0100: Memory Usage (432168K) : siwg_nofill has 0 polygons
2026-03-15 21:25:56 +0100: Memory Usage (432168K) : sigrating_drw has 0 polygons
2026-03-15 21:25:56 +0100: Memory Usage (432168K) : singrating_drw has 0 polygons
2026-03-15 21:25:56 +0100: Memory Usage (432168K) : graphpas_drw has 0 polygons
2026-03-15 21:25:56 +0100: Memory Usage (432168K) : emwind3_drw has 0 polygons
2026-03-15 21:25:56 +0100: Memory Usage (432168K) : emwihv3_drw has 0 polygons
2026-03-15 21:25:56 +0100: Memory Usage (432168K) : redbulay_drw has 0 polygons
2026-03-15 21:25:56 +0100: Memory Usage (432168K) : smos_drw has 0 polygons
2026-03-15 21:25:56 +0100: Memory Usage (432168K) : graphpad_drw has 0 polygons
2026-03-15 21:25:56 +0100: Memory Usage (432168K) : polimide_drw has 0 polygons
2026-03-15 21:25:56 +0100: Memory Usage (432168K) : polimide_pin has 0 polygons
2026-03-15 21:25:56 +0100: Memory Usage (432168K) : recog_drw has 0 polygons
2026-03-15 21:25:56 +0100: Memory Usage (432168K) : recog_pin has 0 polygons
2026-03-15 21:25:56 +0100: Memory Usage (432168K) : recog_esd has 0 polygons
2026-03-15 21:25:56 +0100: Memory Usage (432168K) : recog_diode has 0 polygons
2026-03-15 21:25:56 +0100: Memory Usage (432168K) : recog_tsv has 0 polygons
2026-03-15 21:25:56 +0100: Memory Usage (432168K) : recog_iprobe has 0 polygons
2026-03-15 21:25:56 +0100: Memory Usage (432168K) : recog_diffprb has 0 polygons
2026-03-15 21:25:56 +0100: Memory Usage (432168K) : recog_pillar has 0 polygons
2026-03-15 21:25:56 +0100: Memory Usage (432168K) : recog_sbump has 0 polygons
2026-03-15 21:25:56 +0100: Memory Usage (432168K) : recog_otp has 0 polygons
2026-03-15 21:25:56 +0100: Memory Usage (432168K) : recog_pdiode has 0 polygons
2026-03-15 21:25:56 +0100: Memory Usage (432168K) : recog_mom has 0 polygons
2026-03-15 21:25:56 +0100: Memory Usage (432168K) : recog_pcm has 0 polygons
2026-03-15 21:25:56 +0100: Memory Usage (432168K) : colopen_drw has 0 polygons
2026-03-15 21:25:56 +0100: Memory Usage (432168K) : graphmetal1_drw has 0 polygons
2026-03-15 21:25:56 +0100: Memory Usage (432168K) : graphmetal1_filler has 0 polygons
2026-03-15 21:25:56 +0100: Memory Usage (432168K) : graphmetal1_nofill has 0 polygons
2026-03-15 21:25:56 +0100: Memory Usage (432168K) : graphmetal1_slit has 0 polygons
2026-03-15 21:25:56 +0100: Memory Usage (432168K) : graphmetal1_opc has 0 polygons
2026-03-15 21:25:56 +0100: Memory Usage (432168K) : graphmet1l_drw has 0 polygons
2026-03-15 21:25:56 +0100: Memory Usage (432168K) : graphmet1l_filler has 0 polygons
2026-03-15 21:25:56 +0100: Memory Usage (432168K) : graphmet1l_nofill has 0 polygons
2026-03-15 21:25:56 +0100: Memory Usage (432168K) : graphmet1l_slit has 0 polygons
2026-03-15 21:25:56 +0100: Memory Usage (432168K) : graphmet1l_opc has 0 polygons
2026-03-15 21:25:56 +0100: Memory Usage (432168K) : extblock_drw has 0 polygons
2026-03-15 21:25:56 +0100: Memory Usage (432168K) : nldd_drw has 0 polygons
2026-03-15 21:25:56 +0100: Memory Usage (432168K) : pldd_drw has 0 polygons
2026-03-15 21:25:56 +0100: Memory Usage (432168K) : next_drw has 0 polygons
2026-03-15 21:25:56 +0100: Memory Usage (432168K) : pext_drw has 0 polygons
2026-03-15 21:25:56 +0100: Memory Usage (432168K) : nexthv_drw has 0 polygons
2026-03-15 21:25:56 +0100: Memory Usage (432168K) : pexthv_drw has 0 polygons
2026-03-15 21:25:56 +0100: Memory Usage (432168K) : graphgate_drw has 0 polygons
2026-03-15 21:25:56 +0100: Memory Usage (432168K) : sinwg_drw has 0 polygons
2026-03-15 21:25:56 +0100: Memory Usage (432168K) : sinwg_filler has 0 polygons
2026-03-15 21:25:56 +0100: Memory Usage (432296K) : sinwg_nofill has 0 polygons
2026-03-15 21:25:56 +0100: Memory Usage (432296K) : mempad_drw has 0 polygons
2026-03-15 21:25:56 +0100: Memory Usage (432424K) : topvia1_drw has 0 polygons
2026-03-15 21:25:56 +0100: Memory Usage (432424K) : topmetal1_drw has 0 polygons
2026-03-15 21:25:56 +0100: Memory Usage (432552K) : topmetal1_pin has 0 polygons
2026-03-15 21:25:56 +0100: Memory Usage (432552K) : topmetal1_mask has 0 polygons
2026-03-15 21:25:56 +0100: Memory Usage (432680K) : topmetal1_filler has 0 polygons
2026-03-15 21:25:56 +0100: Memory Usage (432680K) : topmetal1_nofill has 0 polygons
2026-03-15 21:25:56 +0100: Memory Usage (432808K) : topmetal1_slit has 0 polygons
2026-03-15 21:25:56 +0100: Memory Usage (432808K) : topmetal1_text has 0 polygons
2026-03-15 21:25:56 +0100: Memory Usage (432936K) : topmetal1_noqrc has 0 polygons
2026-03-15 21:25:56 +0100: Memory Usage (432936K) : topmetal1_res has 0 polygons
2026-03-15 21:25:56 +0100: Memory Usage (433064K) : topmetal1_iprobe has 0 polygons
2026-03-15 21:25:56 +0100: Memory Usage (433064K) : topmetal1_diffprb has 0 polygons
2026-03-15 21:25:56 +0100: Memory Usage (433192K) : inldpwl_drw has 0 polygons
2026-03-15 21:25:56 +0100: Memory Usage (433192K) : polyres_drw has 0 polygons
2026-03-15 21:25:56 +0100: Memory Usage (433320K) : polyres_pin has 0 polygons
2026-03-15 21:25:56 +0100: Memory Usage (433320K) : vmim_drw has 0 polygons
2026-03-15 21:25:56 +0100: Memory Usage (433448K) : nbulaycut_drw has 0 polygons
2026-03-15 21:25:56 +0100: Memory Usage (433448K) : antmetal1_drw has 0 polygons
2026-03-15 21:25:56 +0100: Memory Usage (433576K) : topvia2_drw has 0 polygons
2026-03-15 21:25:56 +0100: Memory Usage (433576K) : topmetal2_drw has 0 polygons
2026-03-15 21:25:56 +0100: Memory Usage (433704K) : topmetal2_pin has 0 polygons
2026-03-15 21:25:56 +0100: Memory Usage (433704K) : topmetal2_mask has 0 polygons
2026-03-15 21:25:56 +0100: Memory Usage (433832K) : topmetal2_filler has 0 polygons
2026-03-15 21:25:56 +0100: Memory Usage (433832K) : topmetal2_nofill has 0 polygons
2026-03-15 21:25:56 +0100: Memory Usage (433960K) : topmetal2_slit has 0 polygons
2026-03-15 21:25:56 +0100: Memory Usage (433960K) : topmetal2_text has 0 polygons
2026-03-15 21:25:56 +0100: Memory Usage (434088K) : topmetal2_noqrc has 0 polygons
2026-03-15 21:25:56 +0100: Memory Usage (434088K) : topmetal2_res has 0 polygons
2026-03-15 21:25:56 +0100: Memory Usage (434216K) : topmetal2_iprobe has 0 polygons
2026-03-15 21:25:56 +0100: Memory Usage (434216K) : topmetal2_diffprb has 0 polygons
2026-03-15 21:25:56 +0100: Memory Usage (434344K) : snsring_drw has 0 polygons
2026-03-15 21:25:56 +0100: Memory Usage (434344K) : sensor_drw has 0 polygons
2026-03-15 21:25:56 +0100: Memory Usage (434472K) : snsarms_drw has 0 polygons
2026-03-15 21:25:56 +0100: Memory Usage (434472K) : snscmosvia_drw has 0 polygons
2026-03-15 21:25:56 +0100: Memory Usage (434600K) : colwind_drw has 0 polygons
2026-03-15 21:25:56 +0100: Memory Usage (434600K) : flm_drw has 0 polygons
2026-03-15 21:25:56 +0100: Memory Usage (434728K) : hafniumox_drw has 0 polygons
2026-03-15 21:25:56 +0100: Memory Usage (434728K) : memvia_drw has 0 polygons
2026-03-15 21:25:56 +0100: Memory Usage (434856K) : thinfilmres_drw has 0 polygons
2026-03-15 21:25:56 +0100: Memory Usage (434856K) : rfmem_drw has 0 polygons
2026-03-15 21:25:56 +0100: Memory Usage (434984K) : norcx_drw has 0 polygons
2026-03-15 21:25:56 +0100: Memory Usage (434984K) : norcx_m2m3 has 0 polygons
2026-03-15 21:25:56 +0100: Memory Usage (435112K) : norcx_m2m4 has 0 polygons
2026-03-15 21:25:56 +0100: Memory Usage (435240K) : norcx_m2m5 has 0 polygons
2026-03-15 21:25:56 +0100: Memory Usage (435240K) : norcx_m2tm1 has 0 polygons
2026-03-15 21:25:56 +0100: Memory Usage (435240K) : norcx_m2tm2 has 0 polygons
2026-03-15 21:25:56 +0100: Memory Usage (435240K) : norcx_m3m4 has 0 polygons
2026-03-15 21:25:56 +0100: Memory Usage (435240K) : norcx_m3m5 has 0 polygons
2026-03-15 21:25:56 +0100: Memory Usage (435240K) : norcx_m3tm1 has 0 polygons
2026-03-15 21:25:56 +0100: Memory Usage (435240K) : norcx_m3tm2 has 0 polygons
2026-03-15 21:25:56 +0100: Memory Usage (435240K) : norcx_m4m5 has 0 polygons
2026-03-15 21:25:56 +0100: Memory Usage (435240K) : norcx_m4tm1 has 0 polygons
2026-03-15 21:25:56 +0100: Memory Usage (435240K) : norcx_m4tm2 has 0 polygons
2026-03-15 21:25:56 +0100: Memory Usage (435240K) : norcx_m5tm1 has 0 polygons
2026-03-15 21:25:56 +0100: Memory Usage (435240K) : norcx_m5tm2 has 0 polygons
2026-03-15 21:25:56 +0100: Memory Usage (435240K) : norcx_tm1tm2 has 0 polygons
2026-03-15 21:25:56 +0100: Memory Usage (435240K) : norcx_m1sub has 0 polygons
2026-03-15 21:25:56 +0100: Memory Usage (435240K) : norcx_m2sub has 0 polygons
2026-03-15 21:25:56 +0100: Memory Usage (435240K) : norcx_m3sub has 0 polygons
2026-03-15 21:25:56 +0100: Memory Usage (435240K) : norcx_m4sub has 0 polygons
2026-03-15 21:25:56 +0100: Memory Usage (435240K) : norcx_m5sub has 0 polygons
2026-03-15 21:25:56 +0100: Memory Usage (435240K) : norcx_tm1sub has 0 polygons
2026-03-15 21:25:56 +0100: Memory Usage (435240K) : norcx_tm2sub has 0 polygons
2026-03-15 21:25:56 +0100: Memory Usage (435240K) : snsbotvia_drw has 0 polygons
2026-03-15 21:25:56 +0100: Memory Usage (435240K) : snstopvia_drw has 0 polygons
2026-03-15 21:25:56 +0100: Memory Usage (435240K) : deepvia_drw has 0 polygons
2026-03-15 21:25:56 +0100: Memory Usage (435240K) : fgetch_drw has 0 polygons
2026-03-15 21:25:56 +0100: Memory Usage (435240K) : ctrgat_drw has 0 polygons
2026-03-15 21:25:56 +0100: Memory Usage (435240K) : fgimp_drw has 0 polygons
2026-03-15 21:25:56 +0100: Memory Usage (435240K) : emwihv_drw has 0 polygons
2026-03-15 21:25:56 +0100: Memory Usage (435240K) : lbe_drw has 0 polygons
2026-03-15 21:25:56 +0100: Memory Usage (435240K) : alcustop_drw has 0 polygons
2026-03-15 21:25:56 +0100: Memory Usage (435240K) : nometfiller_drw has 0 polygons
2026-03-15 21:25:56 +0100: Memory Usage (435240K) : prboundary_drw has 0 polygons
2026-03-15 21:25:56 +0100: Memory Usage (435240K) : exchange0_drw has 0 polygons
2026-03-15 21:25:56 +0100: Memory Usage (435240K) : exchange0_pin has 0 polygons
2026-03-15 21:25:56 +0100: Memory Usage (435240K) : exchange0_text has 0 polygons
2026-03-15 21:25:56 +0100: Memory Usage (435240K) : exchange1_drw has 0 polygons
2026-03-15 21:25:56 +0100: Memory Usage (435240K) : exchange1_pin has 0 polygons
2026-03-15 21:25:56 +0100: Memory Usage (435240K) : exchange1_text has 0 polygons
2026-03-15 21:25:56 +0100: Memory Usage (435240K) : exchange2_drw has 0 polygons
2026-03-15 21:25:56 +0100: Memory Usage (435240K) : exchange2_pin has 0 polygons
2026-03-15 21:25:56 +0100: Memory Usage (435240K) : exchange2_text has 0 polygons
2026-03-15 21:25:56 +0100: Memory Usage (435240K) : exchange3_drw has 0 polygons
2026-03-15 21:25:56 +0100: Memory Usage (435240K) : exchange3_pin has 0 polygons
2026-03-15 21:25:56 +0100: Memory Usage (435240K) : exchange3_text has 0 polygons
2026-03-15 21:25:56 +0100: Memory Usage (435240K) : exchange4_drw has 0 polygons
2026-03-15 21:25:56 +0100: Memory Usage (435240K) : exchange4_pin has 0 polygons
2026-03-15 21:25:56 +0100: Memory Usage (435240K) : exchange4_text has 0 polygons
2026-03-15 21:25:56 +0100: Memory Usage (435240K) : isonwell_drw has 0 polygons
2026-03-15 21:25:56 +0100: Memory Usage (435240K) : Total no. of polygons in the design is 567
2026-03-15 21:25:56 +0100: Memory Usage (435240K) : Loaded TECH DRC rules values from /home/cmaier/.ciel/ciel/ihp-sg13g2/versions/c4b8b4e5e7a05f375cca3815d51b3a37721fbf5c/ihp-sg13g2/libs.tech/klayout/python/sg13g2_pycell_lib/sg13g2_tech_mod.json
2026-03-15 21:25:56 +0100: Memory Usage (435240K) : Loaded default DRC rules values from /home/cmaier/.ciel/ciel/ihp-sg13g2/versions/c4b8b4e5e7a05f375cca3815d51b3a37721fbf5c/ihp-sg13g2/libs.tech/klayout/tech/drc/rule_decks/sg13g2_tech_default.json
2026-03-15 21:25:56 +0100: Memory Usage (435240K) : The following rules values were missing in tech json and default values were used:
2026-03-15 21:25:56 +0100: Memory Usage (435240K) :   - Cnt_c_digibnd
2026-03-15 21:25:56 +0100: Memory Usage (436148K) : Total area of the design is 995.274 um^2.
2026-03-15 21:25:56 +0100: Memory Usage (436148K) : The design dimensions are 37.800000000000004 µm * 26.330000000000002 µm.
2026-03-15 21:25:56 +0100: Memory Usage (436148K) : Starting general IHP-SG13G2 derivations.
2026-03-15 21:25:56 +0100: Memory Usage (436148K) : Starting Pwell derivations
2026-03-15 21:25:56 +0100: Memory Usage (437276K) : Starting n-Activ derivations
2026-03-15 21:25:56 +0100: Memory Usage (437604K) : Starting p-Activ derivations
2026-03-15 21:25:56 +0100: Memory Usage (437604K) : Starting ptap derivations
2026-03-15 21:25:56 +0100: Memory Usage (437604K) : Starting ntap derivations
2026-03-15 21:25:56 +0100: Memory Usage (437604K) : Starting pact FET derivations
2026-03-15 21:25:56 +0100: Memory Usage (437604K) : Starting nact FET derivations
2026-03-15 21:25:56 +0100: Memory Usage (437604K) : Starting Gate derivations
2026-03-15 21:25:56 +0100: Memory Usage (437604K) : Starting cont/contbar general derivations
2026-03-15 21:25:56 +0100: Memory Usage (437604K) : Starting pad general derivations
2026-03-15 21:25:56 +0100: Memory Usage (437604K) : Starting IHP-SG13G2 DRC connectivity related derivations.
2026-03-15 21:25:56 +0100: Memory Usage (438244K) : Starting IHP-SG13G2 DRC connectivity setup
2026-03-15 21:25:56 +0100: Memory Usage (438628K) : Starting IHP-SG13G2 DRC rules.
2026-03-15 21:25:56 +0100: Memory Usage (438628K) : Running all FEOL rules
2026-03-15 21:25:56 +0100: Memory Usage (438628K) : Running all BEOL rules
2026-03-15 21:25:56 +0100: Memory Usage (438628K) : Running all PIN rules
2026-03-15 21:25:56 +0100: Memory Usage (438628K) : Running all FORBIDDEN rules
2026-03-15 21:25:56 +0100: Memory Usage (438628K) : Starting 5.1 NWell table
2026-03-15 21:25:56 +0100: Memory Usage (438628K) : Executing rule NW.b
2026-03-15 21:25:56 +0100: Memory Usage (439436K) : Executing rule NW.b1
2026-03-15 21:25:56 +0100: Memory Usage (439692K) : Starting 5.2 PWell:block
2026-03-15 21:25:56 +0100: Memory Usage (439692K) : Executing rule PWB.e
2026-03-15 21:25:56 +0100: Memory Usage (439948K) : Executing rule PWB.e1
2026-03-15 21:25:56 +0100: Memory Usage (440076K) : Executing rule PWB.f
2026-03-15 21:25:56 +0100: Memory Usage (440204K) : Executing rule PWB.f1
2026-03-15 21:25:56 +0100: Memory Usage (440844K) : Starting 5.3 nBuLay table
2026-03-15 21:25:56 +0100: Memory Usage (441100K) : Executing rule NBL.b
2026-03-15 21:25:56 +0100: Memory Usage (441228K) : Executing rule NBL.c
2026-03-15 21:25:56 +0100: Memory Usage (441484K) : Executing rule NBL.d
2026-03-15 21:25:56 +0100: Memory Usage (441612K) : Executing rule NBL.e
2026-03-15 21:25:56 +0100: Memory Usage (441612K) : Executing rule NBL.f
2026-03-15 21:25:56 +0100: Memory Usage (441612K) : Starting 5.5. Activ table
2026-03-15 21:25:56 +0100: Memory Usage (441612K) : Executing rule Act.a
2026-03-15 21:25:56 +0100: Memory Usage (441612K) : Executing rule Act.b
2026-03-15 21:25:56 +0100: Memory Usage (441760K) : Starting 5.6 Activ:filler table
2026-03-15 21:25:56 +0100: Memory Usage (441760K) : Executing rule AFil.c1
2026-03-15 21:25:56 +0100: Memory Usage (441760K) : Executing rule AFil.c
2026-03-15 21:25:56 +0100: Memory Usage (441760K) : Executing rule AFil.d
2026-03-15 21:25:56 +0100: Memory Usage (441760K) : Executing rule AFil.e
2026-03-15 21:25:56 +0100: Memory Usage (441760K) : Executing rule AFil.j
2026-03-15 21:25:56 +0100: Memory Usage (441760K) : Starting 5.7. ThickGateOx table
2026-03-15 21:25:56 +0100: Memory Usage (441760K) : Executing rule TGO.f
2026-03-15 21:25:56 +0100: Memory Usage (441760K) : Starting 5.8. GatPoly table
2026-03-15 21:25:56 +0100: Memory Usage (441760K) : Executing rule Gat.a
2026-03-15 21:25:56 +0100: Memory Usage (441760K) : Executing rule Gat.b
2026-03-15 21:25:56 +0100: Memory Usage (441760K) : Executing rule Gat.d
2026-03-15 21:25:56 +0100: Memory Usage (441760K) : Executing rule Gat.a1
2026-03-15 21:25:56 +0100: Memory Usage (441928K) : Executing rule Gat.a2
2026-03-15 21:25:56 +0100: Memory Usage (441928K) : Executing rule Gat.g
2026-03-15 21:25:56 +0100: Memory Usage (442096K) : Starting 5.9 GatPoly:filler
2026-03-15 21:25:56 +0100: Memory Usage (442096K) : Executing rule GFil.d
2026-03-15 21:25:56 +0100: Memory Usage (442096K) : Executing rule GFil.e
2026-03-15 21:25:56 +0100: Memory Usage (442096K) : Executing rule GFil.i
2026-03-15 21:25:56 +0100: Memory Usage (442096K) : Starting 5.10 pSD table
2026-03-15 21:25:56 +0100: Memory Usage (442096K) : Executing rule pSD.c1
2026-03-15 21:25:56 +0100: Memory Usage (442096K) : Starting 5.14. Cont table
2026-03-15 21:25:56 +0100: Memory Usage (442096K) : Executing rule Cnt.a
2026-03-15 21:25:56 +0100: Memory Usage (442096K) : Executing rule Cnt.b
2026-03-15 21:25:56 +0100: Memory Usage (442096K) : Executing rule Cnt.c
2026-03-15 21:25:56 +0100: Memory Usage (442096K) : Executing rule Cnt.c
2026-03-15 21:25:56 +0100: Memory Usage (442096K) : Executing rule Cnt.d
2026-03-15 21:25:56 +0100: Memory Usage (442096K) : Executing rule Cnt.e
2026-03-15 21:25:56 +0100: Memory Usage (442096K) : Executing rule Cnt.g1
2026-03-15 21:25:56 +0100: Memory Usage (442096K) : Executing rule Cnt.g2
2026-03-15 21:25:56 +0100: Memory Usage (442096K) : Starting 5.15. ContBar table
2026-03-15 21:25:56 +0100: Memory Usage (442096K) : Executing rule CntB.b1
2026-03-15 21:25:56 +0100: Memory Usage (442096K) : Executing rule CntB.h1
2026-03-15 21:25:56 +0100: Memory Usage (442096K) : Starting 6.1.3 NPN Substrate-Tie table
2026-03-15 21:25:56 +0100: Memory Usage (442096K) : Executing rule npn13G2.bR 
2026-03-15 21:25:56 +0100: Memory Usage (442096K) : Executing rule npn13G2L.cR 
2026-03-15 21:25:56 +0100: Memory Usage (442096K) : Executing rule npn13G2V.cR 
2026-03-15 21:25:56 +0100: Memory Usage (442096K) : Starting 6.7 Schottky diode table
2026-03-15 21:25:56 +0100: Memory Usage (442096K) : Executing rule Sdiod.d
2026-03-15 21:25:56 +0100: Memory Usage (442096K) : Executing rule Sdiod.e
2026-03-15 21:25:56 +0100: Memory Usage (442096K) : Starting 7.2 Latch-up table
2026-03-15 21:25:56 +0100: Memory Usage (442096K) : Executing rule LU.b
2026-03-15 21:25:56 +0100: Memory Usage (442096K) : Starting 5.16. Metal1 table
2026-03-15 21:25:56 +0100: Memory Usage (442096K) : Executing rule M1.a
2026-03-15 21:25:56 +0100: Memory Usage (442096K) : Executing rule M1.b
2026-03-15 21:25:56 +0100: Memory Usage (442096K) : Executing rule M1.e
2026-03-15 21:25:56 +0100: Memory Usage (442096K) : Executing rule M1.f
2026-03-15 21:25:56 +0100: Memory Usage (442096K) : Executing rule M1.g
2026-03-15 21:25:56 +0100: Memory Usage (442096K) : Executing rule M1.i
2026-03-15 21:25:56 +0100: Memory Usage (442224K) : Starting 5.17 Metaln table
2026-03-15 21:25:56 +0100: Memory Usage (442224K) : Executing rule M2.a
2026-03-15 21:25:56 +0100: Memory Usage (442224K) : Executing rule M2.b
2026-03-15 21:25:56 +0100: Memory Usage (442224K) : Executing rule M2.e
2026-03-15 21:25:56 +0100: Memory Usage (442224K) : Executing rule M2.f
2026-03-15 21:25:56 +0100: Memory Usage (442224K) : Executing rule M2.g
2026-03-15 21:25:56 +0100: Memory Usage (442224K) : Executing rule M2.i
2026-03-15 21:25:56 +0100: Memory Usage (442224K) : Executing rule M3.a
2026-03-15 21:25:56 +0100: Memory Usage (442224K) : Executing rule M3.b
2026-03-15 21:25:56 +0100: Memory Usage (442224K) : Executing rule M3.e
2026-03-15 21:25:56 +0100: Memory Usage (442224K) : Executing rule M3.f
2026-03-15 21:25:56 +0100: Memory Usage (442224K) : Executing rule M3.g
2026-03-15 21:25:56 +0100: Memory Usage (442224K) : Executing rule M3.i
2026-03-15 21:25:56 +0100: Memory Usage (442224K) : Executing rule M4.a
2026-03-15 21:25:56 +0100: Memory Usage (442224K) : Executing rule M4.b
2026-03-15 21:25:56 +0100: Memory Usage (442224K) : Executing rule M4.e
2026-03-15 21:25:56 +0100: Memory Usage (442224K) : Executing rule M4.f
2026-03-15 21:25:56 +0100: Memory Usage (442224K) : Executing rule M4.g
2026-03-15 21:25:56 +0100: Memory Usage (442224K) : Executing rule M4.i
2026-03-15 21:25:56 +0100: Memory Usage (442224K) : Executing rule M5.a
2026-03-15 21:25:56 +0100: Memory Usage (442224K) : Executing rule M5.b
2026-03-15 21:25:56 +0100: Memory Usage (442224K) : Executing rule M5.e
2026-03-15 21:25:56 +0100: Memory Usage (442224K) : Executing rule M5.f
2026-03-15 21:25:56 +0100: Memory Usage (442224K) : Executing rule M5.g
2026-03-15 21:25:56 +0100: Memory Usage (442224K) : Executing rule M5.i
2026-03-15 21:25:56 +0100: Memory Usage (442480K) : Starting 5.18 Metaln:filler table
2026-03-15 21:25:56 +0100: Memory Usage (442480K) : Executing rule M1Fil.c
2026-03-15 21:25:56 +0100: Memory Usage (442736K) : Executing rule M1Fil.a2
2026-03-15 21:25:56 +0100: Memory Usage (442864K) : Executing rule M2Fil.c
2026-03-15 21:25:56 +0100: Memory Usage (442992K) : Executing rule M2Fil.a2
2026-03-15 21:25:56 +0100: Memory Usage (443120K) : Executing rule M3Fil.c
2026-03-15 21:25:56 +0100: Memory Usage (443248K) : Executing rule M3Fil.a2
2026-03-15 21:25:56 +0100: Memory Usage (443376K) : Executing rule M4Fil.c
2026-03-15 21:25:56 +0100: Memory Usage (443376K) : Executing rule M4Fil.a2
2026-03-15 21:25:56 +0100: Memory Usage (443376K) : Executing rule M5Fil.c
2026-03-15 21:25:56 +0100: Memory Usage (443376K) : Executing rule M5Fil.a2
2026-03-15 21:25:56 +0100: Memory Usage (443376K) : Starting 5.19. Via1 table
2026-03-15 21:25:56 +0100: Memory Usage (443376K) : Starting 5.19. Via1 table derivations
2026-03-15 21:25:56 +0100: Memory Usage (443376K) : Executing rule V1.a
2026-03-15 21:25:56 +0100: Memory Usage (443376K) : Executing rule V1.b
2026-03-15 21:25:56 +0100: Memory Usage (443376K) : Executing rule V1.c
2026-03-15 21:25:56 +0100: Memory Usage (443376K) : Starting 5.20. Vian table
2026-03-15 21:25:56 +0100: Memory Usage (443376K) : Executing rule V2.a
2026-03-15 21:25:56 +0100: Memory Usage (443376K) : Executing rule V2.b
2026-03-15 21:25:56 +0100: Memory Usage (443376K) : Executing rule V2.c
2026-03-15 21:25:56 +0100: Memory Usage (443376K) : Executing rule V3.a
2026-03-15 21:25:56 +0100: Memory Usage (443376K) : Executing rule V3.b
2026-03-15 21:25:56 +0100: Memory Usage (443376K) : Executing rule V3.c
2026-03-15 21:25:56 +0100: Memory Usage (443376K) : Executing rule V4.a
2026-03-15 21:25:56 +0100: Memory Usage (443376K) : Executing rule V4.b
2026-03-15 21:25:56 +0100: Memory Usage (443376K) : Executing rule V4.c
2026-03-15 21:25:56 +0100: Memory Usage (443376K) : Starting 5.21. TopVia1 table
2026-03-15 21:25:56 +0100: Memory Usage (443376K) : Executing rule TV1.a
2026-03-15 21:25:56 +0100: Memory Usage (443376K) : Executing rule TV1.b
2026-03-15 21:25:56 +0100: Memory Usage (443376K) : Executing rule TV1.c
2026-03-15 21:25:56 +0100: Memory Usage (443376K) : Executing rule TV1.d
2026-03-15 21:25:56 +0100: Memory Usage (443376K) : Starting 5.22. TopMetal1 table
2026-03-15 21:25:56 +0100: Memory Usage (443376K) : Executing rule TM1.a
2026-03-15 21:25:56 +0100: Memory Usage (443376K) : Executing rule TM1.b
2026-03-15 21:25:56 +0100: Memory Usage (443376K) : Starting 5.23 TopMetal1:filler table
2026-03-15 21:25:56 +0100: Memory Usage (443376K) : Executing rule TM1Fil.c
2026-03-15 21:25:56 +0100: Memory Usage (443376K) : Executing rule TM1Fil.a1
2026-03-15 21:25:56 +0100: Memory Usage (443376K) : Starting 5.24. TopVia2 table
2026-03-15 21:25:56 +0100: Memory Usage (443376K) : Executing rule TV2.a
2026-03-15 21:25:56 +0100: Memory Usage (443376K) : Executing rule TV2.b
2026-03-15 21:25:56 +0100: Memory Usage (443376K) : Executing rule TV2.c
2026-03-15 21:25:56 +0100: Memory Usage (443376K) : Executing rule TV2.d
2026-03-15 21:25:56 +0100: Memory Usage (443376K) : Starting 5.25. TopMetal2 table
2026-03-15 21:25:56 +0100: Memory Usage (443376K) : Executing rule TM2.a
2026-03-15 21:25:56 +0100: Memory Usage (443376K) : Executing rule TM2.b
2026-03-15 21:25:56 +0100: Memory Usage (443376K) : Executing rule TM2.bR
2026-03-15 21:25:56 +0100: Memory Usage (443376K) : Starting 5.26 TopMetal2:filler table
2026-03-15 21:25:56 +0100: Memory Usage (443376K) : Executing rule TM2Fil.c
2026-03-15 21:25:56 +0100: Memory Usage (443376K) : Executing rule TM2Fil.a1
2026-03-15 21:25:56 +0100: Memory Usage (443376K) : Starting 5.27. Passiv table
2026-03-15 21:25:56 +0100: Memory Usage (443376K) : Executing rule Pas.a
2026-03-15 21:25:56 +0100: Memory Usage (443376K) : Executing rule Pas.b
2026-03-15 21:25:56 +0100: Memory Usage (443376K) : Executing rule Pas.c
2026-03-15 21:25:56 +0100: Memory Usage (443376K) : Starting 6.9.2 Copper Pillar table
2026-03-15 21:25:56 +0100: Memory Usage (443376K) : Executing rule Padc.a
2026-03-15 21:25:56 +0100: Memory Usage (443376K) : Executing rule Padc.b
2026-03-15 21:25:56 +0100: Memory Usage (443376K) : Executing rule Padc.c
2026-03-15 21:25:56 +0100: Memory Usage (443376K) : Executing rule Padb.f
2026-03-15 21:25:56 +0100: Memory Usage (443376K) : Starting 6.9 Pad table
2026-03-15 21:25:56 +0100: Memory Usage (443376K) : Executing rule Pad.m
2026-03-15 21:25:56 +0100: Memory Usage (443376K) : Executing rule Pad.fR_M1
2026-03-15 21:25:56 +0100: Memory Usage (443376K) : Executing rule Pad.fR_M2
2026-03-15 21:25:56 +0100: Memory Usage (443376K) : Executing rule Pad.fR_M3
2026-03-15 21:25:56 +0100: Memory Usage (443376K) : Executing rule Pad.fR_M4
2026-03-15 21:25:56 +0100: Memory Usage (443376K) : Executing rule Pad.fR_M5
2026-03-15 21:25:56 +0100: Memory Usage (443376K) : Executing rule Pad.fR_TM1
2026-03-15 21:25:56 +0100: Memory Usage (443376K) : Executing rule Pad.fR_TM2
2026-03-15 21:25:56 +0100: Memory Usage (443376K) : Executing rule Pad.i
2026-03-15 21:25:56 +0100: Memory Usage (443376K) : Starting 6.9.1 Solder Bump
2026-03-15 21:25:56 +0100: Memory Usage (443376K) : Executing rule Padb.a
2026-03-15 21:25:56 +0100: Memory Usage (443504K) : Executing rule Padb.b
2026-03-15 21:25:56 +0100: Memory Usage (443504K) : Executing rule Padb.c
2026-03-15 21:25:56 +0100: Memory Usage (443504K) : Executing rule Padb.f
2026-03-15 21:25:56 +0100: Memory Usage (443504K) : Executing rule Padb.d
2026-03-15 21:25:56 +0100: Memory Usage (443504K) : Starting 6.10 Sealring table
2026-03-15 21:25:56 +0100: Memory Usage (443504K) : Executing rule Seal.l
2026-03-15 21:25:56 +0100: Memory Usage (443504K) : Executing rule Seal.n
2026-03-15 21:25:56 +0100: Memory Usage (443504K) : Executing rule seal.b_metal1
2026-03-15 21:25:56 +0100: Memory Usage (443504K) : Executing rule seal.b_metal2
2026-03-15 21:25:56 +0100: Memory Usage (443504K) : Executing rule seal.b_metal3
2026-03-15 21:25:56 +0100: Memory Usage (443504K) : Executing rule seal.b_metal4
2026-03-15 21:25:56 +0100: Memory Usage (443504K) : Executing rule seal.b_metal5
2026-03-15 21:25:56 +0100: Memory Usage (443504K) : Executing rule seal.b_topmetal1
2026-03-15 21:25:56 +0100: Memory Usage (443504K) : Executing rule seal.b_topmetal2
2026-03-15 21:25:56 +0100: Memory Usage (443504K) : Executing rule seal.b_activ
2026-03-15 21:25:56 +0100: Memory Usage (443504K) : Executing rule seal.b_psd
2026-03-15 21:25:56 +0100: Memory Usage (443504K) : Executing rule Seal.k
2026-03-15 21:25:56 +0100: Memory Usage (443504K) : Executing rule Seal.m
2026-03-15 21:25:56 +0100: Memory Usage (443504K) : Starting 6.11 MIM table
2026-03-15 21:25:56 +0100: Memory Usage (443504K) : Executing rule MIM.c
2026-03-15 21:25:56 +0100: Memory Usage (443504K) : Executing rule MIM.d
2026-03-15 21:25:56 +0100: Memory Usage (443504K) : Executing rule MIM.gR
2026-03-15 21:25:56 +0100: Memory Usage (443504K) : Starting 7.3 Metal Slits table
2026-03-15 21:25:56 +0100: Memory Usage (443504K) : Executing rule Slt.e1_M1
2026-03-15 21:25:56 +0100: Memory Usage (443504K) : Executing rule Slt.e1_M2
2026-03-15 21:25:56 +0100: Memory Usage (443504K) : Executing rule Slt.e1_M3
2026-03-15 21:25:56 +0100: Memory Usage (443504K) : Executing rule Slt.e1_M4
2026-03-15 21:25:56 +0100: Memory Usage (443504K) : Executing rule Slt.e1_M5
2026-03-15 21:25:56 +0100: Memory Usage (443504K) : Executing rule Slt.e1_TM1
2026-03-15 21:25:56 +0100: Memory Usage (443504K) : Executing rule Slt.e1_TM2
2026-03-15 21:25:57 +0100: Memory Usage (443504K) : Starting 9.1. LBE table
2026-03-15 21:25:57 +0100: Memory Usage (443504K) : Executing rule LBE.a
2026-03-15 21:25:57 +0100: Memory Usage (443504K) : Executing rule LBE.b
2026-03-15 21:25:57 +0100: Memory Usage (443504K) : Executing rule LBE.b1
2026-03-15 21:25:57 +0100: Memory Usage (443504K) : Executing rule LBE.c
2026-03-15 21:25:57 +0100: Memory Usage (443504K) : Executing rule LBE.d
2026-03-15 21:25:57 +0100: Memory Usage (443504K) : Executing rule LBE.h
2026-03-15 21:25:57 +0100: Memory Usage (443504K) : Starting 7.4. PIN table
2026-03-15 21:25:57 +0100: Memory Usage (443504K) : Executing rule Pin.a
2026-03-15 21:25:57 +0100: Memory Usage (443504K) : Executing rule Pin.b
2026-03-15 21:25:57 +0100: Memory Usage (443504K) : Executing rule Pin.e
2026-03-15 21:25:57 +0100: Memory Usage (443504K) : Executing rule Pin.f_M2
2026-03-15 21:25:57 +0100: Memory Usage (443504K) : Executing rule Pin.f_M3
2026-03-15 21:25:57 +0100: Memory Usage (443504K) : Executing rule Pin.f_M4
2026-03-15 21:25:57 +0100: Memory Usage (443504K) : Executing rule Pin.f_M5
2026-03-15 21:25:57 +0100: Memory Usage (443504K) : Executing rule Pin.g
2026-03-15 21:25:57 +0100: Memory Usage (443504K) : Executing rule Pin.h
2026-03-15 21:25:57 +0100: Memory Usage (443504K) : Starting 3.2. FORBIDDEN table
2026-03-15 21:25:57 +0100: Memory Usage (443504K) : Executing rule forbidden.biwind
2026-03-15 21:25:57 +0100: Memory Usage (443504K) : Executing rule forbidden.pemwind
2026-03-15 21:25:57 +0100: Memory Usage (443504K) : Executing rule forbidden.baspoly
2026-03-15 21:25:57 +0100: Memory Usage (443504K) : Executing rule forbidden.deepco
2026-03-15 21:25:57 +0100: Memory Usage (443504K) : Executing rule forbidden.pempoly
2026-03-15 21:25:57 +0100: Memory Usage (443504K) : Executing rule forbidden.empoly
2026-03-15 21:25:57 +0100: Memory Usage (443504K) : Executing rule forbidden.ldmos
2026-03-15 21:25:57 +0100: Memory Usage (443504K) : Executing rule forbidden.pbiwind
2026-03-15 21:25:57 +0100: Memory Usage (443504K) : Executing rule forbidden.nodrc
2026-03-15 21:25:57 +0100: Memory Usage (443504K) : Executing rule forbidden.flash
2026-03-15 21:25:57 +0100: Memory Usage (443504K) : Executing rule forbidden.colwind
2026-03-15 21:25:57 +0100: Memory Usage (443504K) : KLayout DRC run for tables 'main' completed in 1.17 seconds
