# Logfile created on 2026-03-16 22:20:01 +0100 by logger.rb/v1.6.0
2026-03-16 22:20:01 +0100: Memory Usage (421872K) : Starting running IHP-SG13G2 KLayout DRC runset on /home/cmaier/EDA/PUDDING/gds/hvnmirror.gds
2026-03-16 22:20:01 +0100: Memory Usage (421872K) : Ruby Version for klayout: 3.3.10
2026-03-16 22:20:01 +0100: Memory Usage (422984K) : Loading database to memory is complete.
2026-03-16 22:20:01 +0100: Memory Usage (422984K) : IHP-SG13G2 KLayout DRC runset output at: /home/cmaier/EDA/PUDDING/gds/drc_run_hvnmirror/hvnmirror_hvnmirror_main.lyrdb
2026-03-16 22:20:01 +0100: Memory Usage (423112K) : Evaluate switches.
2026-03-16 22:20:01 +0100: Memory Usage (423112K) : tables selected: main
2026-03-16 22:20:01 +0100: Memory Usage (423112K) : KLayout will use 1 thread(s) in tiling mode.
2026-03-16 22:20:01 +0100: Memory Usage (423112K) : deep mode is enabled.
2026-03-16 22:20:01 +0100: Memory Usage (423112K) : FEOL enabled: true
2026-03-16 22:20:01 +0100: Memory Usage (423112K) : BEOL enabled: true
2026-03-16 22:20:01 +0100: Memory Usage (423112K) : OFFGRID enabled: true
2026-03-16 22:20:01 +0100: Memory Usage (423112K) : PIN enabled: true
2026-03-16 22:20:01 +0100: Memory Usage (423112K) : FORBIDDEN enabled: true
2026-03-16 22:20:01 +0100: Memory Usage (423112K) : RECOMMENDED enabled: true
2026-03-16 22:20:01 +0100: Memory Usage (423112K) : PreCheck DRC enabled: false
2026-03-16 22:20:01 +0100: Memory Usage (423112K) : CONNECTIVITY_RULES enabled: true.
2026-03-16 22:20:01 +0100: Memory Usage (423112K) : Read in polygons from layers.
2026-03-16 22:20:01 +0100: Memory Usage (424520K) : activ_drw has 99 polygons
2026-03-16 22:20:01 +0100: Memory Usage (424520K) : activ_pin has 0 polygons
2026-03-16 22:20:01 +0100: Memory Usage (424520K) : activ_mask has 0 polygons
2026-03-16 22:20:01 +0100: Memory Usage (424520K) : activ_filler has 0 polygons
2026-03-16 22:20:01 +0100: Memory Usage (424520K) : activ_nofill has 0 polygons
2026-03-16 22:20:01 +0100: Memory Usage (424520K) : activ_opc has 0 polygons
2026-03-16 22:20:01 +0100: Memory Usage (424520K) : activ_iopc has 0 polygons
2026-03-16 22:20:01 +0100: Memory Usage (424520K) : activ_noqrc has 0 polygons
2026-03-16 22:20:01 +0100: Memory Usage (424520K) : biwind_drw has 0 polygons
2026-03-16 22:20:01 +0100: Memory Usage (424520K) : biwind_opc has 0 polygons
2026-03-16 22:20:01 +0100: Memory Usage (424520K) : pemwind_drw has 0 polygons
2026-03-16 22:20:01 +0100: Memory Usage (424520K) : gatpoly_drw has 34 polygons
2026-03-16 22:20:01 +0100: Memory Usage (424520K) : gatpoly_pin has 32 polygons
2026-03-16 22:20:01 +0100: Memory Usage (424520K) : gatpoly_filler has 0 polygons
2026-03-16 22:20:01 +0100: Memory Usage (424520K) : gatpoly_nofill has 0 polygons
2026-03-16 22:20:01 +0100: Memory Usage (424520K) : gatpoly_opc has 0 polygons
2026-03-16 22:20:01 +0100: Memory Usage (424776K) : gatpoly_iopc has 0 polygons
2026-03-16 22:20:01 +0100: Memory Usage (424776K) : gatpoly_noqrc has 0 polygons
2026-03-16 22:20:01 +0100: Memory Usage (424776K) : cont_drw has 956 polygons
2026-03-16 22:20:01 +0100: Memory Usage (424776K) : cont_opc has 0 polygons
2026-03-16 22:20:01 +0100: Memory Usage (424776K) : nsd_drw has 0 polygons
2026-03-16 22:20:01 +0100: Memory Usage (424776K) : nsd_block has 0 polygons
2026-03-16 22:20:01 +0100: Memory Usage (424776K) : metal1_drw has 83 polygons
2026-03-16 22:20:01 +0100: Memory Usage (424776K) : metal1_pin has 64 polygons
2026-03-16 22:20:01 +0100: Memory Usage (424904K) : metal1_mask has 0 polygons
2026-03-16 22:20:01 +0100: Memory Usage (424904K) : metal1_filler has 0 polygons
2026-03-16 22:20:01 +0100: Memory Usage (425032K) : metal1_nofill has 0 polygons
2026-03-16 22:20:01 +0100: Memory Usage (425032K) : metal1_slit has 0 polygons
2026-03-16 22:20:01 +0100: Memory Usage (425032K) : metal1_text has 0 polygons
2026-03-16 22:20:01 +0100: Memory Usage (425160K) : metal1_opc has 0 polygons
2026-03-16 22:20:01 +0100: Memory Usage (425288K) : metal1_noqrc has 0 polygons
2026-03-16 22:20:01 +0100: Memory Usage (425288K) : metal1_res has 0 polygons
2026-03-16 22:20:01 +0100: Memory Usage (425416K) : metal1_iprobe has 0 polygons
2026-03-16 22:20:01 +0100: Memory Usage (425416K) : metal1_diffprb has 0 polygons
2026-03-16 22:20:01 +0100: Memory Usage (425544K) : passiv_drw has 0 polygons
2026-03-16 22:20:01 +0100: Memory Usage (425544K) : passiv_pin has 0 polygons
2026-03-16 22:20:01 +0100: Memory Usage (425544K) : passiv_sbump has 0 polygons
2026-03-16 22:20:01 +0100: Memory Usage (425544K) : passiv_pillar has 0 polygons
2026-03-16 22:20:01 +0100: Memory Usage (425544K) : passiv_pdl has 0 polygons
2026-03-16 22:20:01 +0100: Memory Usage (425544K) : metal2_drw has 0 polygons
2026-03-16 22:20:01 +0100: Memory Usage (425672K) : metal2_pin has 0 polygons
2026-03-16 22:20:01 +0100: Memory Usage (425672K) : metal2_mask has 0 polygons
2026-03-16 22:20:01 +0100: Memory Usage (425672K) : metal2_filler has 0 polygons
2026-03-16 22:20:01 +0100: Memory Usage (425672K) : metal2_nofill has 0 polygons
2026-03-16 22:20:01 +0100: Memory Usage (425800K) : metal2_slit has 0 polygons
2026-03-16 22:20:01 +0100: Memory Usage (425800K) : metal2_text has 0 polygons
2026-03-16 22:20:01 +0100: Memory Usage (425800K) : metal2_opc has 0 polygons
2026-03-16 22:20:01 +0100: Memory Usage (425928K) : metal2_noqrc has 0 polygons
2026-03-16 22:20:01 +0100: Memory Usage (425928K) : metal2_res has 0 polygons
2026-03-16 22:20:01 +0100: Memory Usage (425928K) : metal2_iprobe has 0 polygons
2026-03-16 22:20:01 +0100: Memory Usage (426056K) : metal2_diffprb has 0 polygons
2026-03-16 22:20:01 +0100: Memory Usage (426056K) : baspoly_drw has 0 polygons
2026-03-16 22:20:01 +0100: Memory Usage (426056K) : baspoly_pin has 0 polygons
2026-03-16 22:20:01 +0100: Memory Usage (426184K) : psd_drw has 3 polygons
2026-03-16 22:20:01 +0100: Memory Usage (426184K) : nldb_drw has 0 polygons
2026-03-16 22:20:01 +0100: Memory Usage (426184K) : digibnd_drw has 0 polygons
2026-03-16 22:20:01 +0100: Memory Usage (426184K) : via1_drw has 0 polygons
2026-03-16 22:20:01 +0100: Memory Usage (426184K) : backmetal1_drw has 0 polygons
2026-03-16 22:20:01 +0100: Memory Usage (426184K) : backmetal1_pin has 0 polygons
2026-03-16 22:20:01 +0100: Memory Usage (426312K) : backmetal1_mask has 0 polygons
2026-03-16 22:20:01 +0100: Memory Usage (426312K) : backmetal1_filler has 0 polygons
2026-03-16 22:20:01 +0100: Memory Usage (426440K) : backmetal1_nofill has 0 polygons
2026-03-16 22:20:01 +0100: Memory Usage (426440K) : backmetal1_slit has 0 polygons
2026-03-16 22:20:01 +0100: Memory Usage (426568K) : backmetal1_text has 0 polygons
2026-03-16 22:20:01 +0100: Memory Usage (426568K) : backmetal1_opc has 0 polygons
2026-03-16 22:20:01 +0100: Memory Usage (426696K) : backmetal1_noqrc has 0 polygons
2026-03-16 22:20:01 +0100: Memory Usage (426696K) : backmetal1_res has 0 polygons
2026-03-16 22:20:01 +0100: Memory Usage (426824K) : backmetal1_iprobe has 0 polygons
2026-03-16 22:20:01 +0100: Memory Usage (426824K) : backmetal1_diffprb has 0 polygons
2026-03-16 22:20:01 +0100: Memory Usage (426952K) : backpassiv_drw has 0 polygons
2026-03-16 22:20:01 +0100: Memory Usage (426952K) : res_drw has 0 polygons
2026-03-16 22:20:01 +0100: Memory Usage (427080K) : sram_drw has 0 polygons
2026-03-16 22:20:01 +0100: Memory Usage (427080K) : trans_drw has 0 polygons
2026-03-16 22:20:01 +0100: Memory Usage (427208K) : ind_drw has 0 polygons
2026-03-16 22:20:01 +0100: Memory Usage (427208K) : ind_pin has 0 polygons
2026-03-16 22:20:01 +0100: Memory Usage (427336K) : ind_text has 0 polygons
2026-03-16 22:20:01 +0100: Memory Usage (427336K) : salblock_drw has 0 polygons
2026-03-16 22:20:01 +0100: Memory Usage (427464K) : via2_drw has 0 polygons
2026-03-16 22:20:01 +0100: Memory Usage (427464K) : metal3_drw has 0 polygons
2026-03-16 22:20:01 +0100: Memory Usage (427592K) : metal3_pin has 0 polygons
2026-03-16 22:20:01 +0100: Memory Usage (427592K) : metal3_mask has 0 polygons
2026-03-16 22:20:01 +0100: Memory Usage (427720K) : metal3_filler has 0 polygons
2026-03-16 22:20:01 +0100: Memory Usage (427720K) : metal3_nofill has 0 polygons
2026-03-16 22:20:01 +0100: Memory Usage (427848K) : metal3_slit has 0 polygons
2026-03-16 22:20:01 +0100: Memory Usage (427848K) : metal3_text has 0 polygons
2026-03-16 22:20:01 +0100: Memory Usage (427848K) : metal3_opc has 0 polygons
2026-03-16 22:20:01 +0100: Memory Usage (427976K) : metal3_noqrc has 0 polygons
2026-03-16 22:20:01 +0100: Memory Usage (427976K) : metal3_res has 0 polygons
2026-03-16 22:20:01 +0100: Memory Usage (428104K) : metal3_iprobe has 0 polygons
2026-03-16 22:20:01 +0100: Memory Usage (428104K) : metal3_diffprb has 0 polygons
2026-03-16 22:20:01 +0100: Memory Usage (428488K) : nwell_drw has 0 polygons
2026-03-16 22:20:01 +0100: Memory Usage (428488K) : nwell_pin has 0 polygons
2026-03-16 22:20:01 +0100: Memory Usage (428616K) : nbulay_drw has 0 polygons
2026-03-16 22:20:01 +0100: Memory Usage (428616K) : nbulay_pin has 0 polygons
2026-03-16 22:20:01 +0100: Memory Usage (428616K) : nbulay_block has 0 polygons
2026-03-16 22:20:01 +0100: Memory Usage (428616K) : emwind_drw has 0 polygons
2026-03-16 22:20:01 +0100: Memory Usage (428616K) : emwind_opc has 0 polygons
2026-03-16 22:20:01 +0100: Memory Usage (428616K) : deepco_drw has 0 polygons
2026-03-16 22:20:01 +0100: Memory Usage (428744K) : deepco_drw has 0 polygons
2026-03-16 22:20:01 +0100: Memory Usage (428744K) : mim_drw has 0 polygons
2026-03-16 22:20:01 +0100: Memory Usage (428872K) : edgeseal_drw has 0 polygons
2026-03-16 22:20:01 +0100: Memory Usage (428872K) : edgeseal_bound has 0 polygons
2026-03-16 22:20:01 +0100: Memory Usage (429000K) : substrate_drw has 0 polygons
2026-03-16 22:20:01 +0100: Memory Usage (429000K) : substrate_text has 0 polygons
2026-03-16 22:20:01 +0100: Memory Usage (429128K) : dfpad_drw has 0 polygons
2026-03-16 22:20:01 +0100: Memory Usage (429128K) : dfpad_pillar has 0 polygons
2026-03-16 22:20:01 +0100: Memory Usage (429256K) : dfpad_sbump has 0 polygons
2026-03-16 22:20:01 +0100: Memory Usage (429256K) : thickgateox_drw has 32 polygons
2026-03-16 22:20:01 +0100: Memory Usage (429384K) : pldb_drw has 0 polygons
2026-03-16 22:20:01 +0100: Memory Usage (429384K) : pwell_drw has 0 polygons
2026-03-16 22:20:01 +0100: Memory Usage (429512K) : pwell_pin has 0 polygons
2026-03-16 22:20:01 +0100: Memory Usage (429512K) : pwell_block has 0 polygons
2026-03-16 22:20:01 +0100: Memory Usage (429640K) : ic_drw has 0 polygons
2026-03-16 22:20:01 +0100: Memory Usage (429640K) : via3_drw has 0 polygons
2026-03-16 22:20:01 +0100: Memory Usage (429768K) : metal4_drw has 0 polygons
2026-03-16 22:20:01 +0100: Memory Usage (429768K) : metal4_pin has 0 polygons
2026-03-16 22:20:01 +0100: Memory Usage (429896K) : metal4_mask has 0 polygons
2026-03-16 22:20:01 +0100: Memory Usage (429896K) : metal4_filler has 0 polygons
2026-03-16 22:20:01 +0100: Memory Usage (430024K) : metal4_nofill has 0 polygons
2026-03-16 22:20:01 +0100: Memory Usage (430024K) : metal4_slit has 0 polygons
2026-03-16 22:20:01 +0100: Memory Usage (430152K) : metal4_text has 0 polygons
2026-03-16 22:20:01 +0100: Memory Usage (430152K) : metal4_opc has 0 polygons
2026-03-16 22:20:01 +0100: Memory Usage (430280K) : metal4_noqrc has 0 polygons
2026-03-16 22:20:01 +0100: Memory Usage (430280K) : metal4_res has 0 polygons
2026-03-16 22:20:01 +0100: Memory Usage (430408K) : metal4_iprobe has 0 polygons
2026-03-16 22:20:01 +0100: Memory Usage (430408K) : metal4_diffprb has 0 polygons
2026-03-16 22:20:01 +0100: Memory Usage (430536K) : heattrans_drw has 32 polygons
2026-03-16 22:20:01 +0100: Memory Usage (430536K) : heatres_drw has 0 polygons
2026-03-16 22:20:01 +0100: Memory Usage (430664K) : pempoly_drw has 0 polygons
2026-03-16 22:20:01 +0100: Memory Usage (430664K) : fbe_drw has 0 polygons
2026-03-16 22:20:01 +0100: Memory Usage (430792K) : empoly_drw has 0 polygons
2026-03-16 22:20:01 +0100: Memory Usage (430792K) : ldmos_drw has 0 polygons
2026-03-16 22:20:01 +0100: Memory Usage (430920K) : pbiwind_drw has 0 polygons
2026-03-16 22:20:01 +0100: Memory Usage (430920K) : digisub_drw has 0 polygons
2026-03-16 22:20:01 +0100: Memory Usage (431048K) : nodrc_drw has 0 polygons
2026-03-16 22:20:01 +0100: Memory Usage (431188K) : text_drw has 32 polygons
2026-03-16 22:20:01 +0100: Memory Usage (431316K) : via4_drw has 0 polygons
2026-03-16 22:20:01 +0100: Memory Usage (431316K) : metal5_drw has 0 polygons
2026-03-16 22:20:01 +0100: Memory Usage (431444K) : metal5_pin has 0 polygons
2026-03-16 22:20:01 +0100: Memory Usage (431444K) : metal5_mask has 0 polygons
2026-03-16 22:20:01 +0100: Memory Usage (431572K) : metal5_filler has 0 polygons
2026-03-16 22:20:01 +0100: Memory Usage (431572K) : metal5_nofill has 0 polygons
2026-03-16 22:20:01 +0100: Memory Usage (431700K) : metal5_slit has 0 polygons
2026-03-16 22:20:01 +0100: Memory Usage (431700K) : metal5_text has 0 polygons
2026-03-16 22:20:01 +0100: Memory Usage (431828K) : metal5_opc has 0 polygons
2026-03-16 22:20:01 +0100: Memory Usage (431828K) : metal5_noqrc has 0 polygons
2026-03-16 22:20:01 +0100: Memory Usage (431956K) : metal5_res has 0 polygons
2026-03-16 22:20:01 +0100: Memory Usage (431956K) : metal5_iprobe has 0 polygons
2026-03-16 22:20:01 +0100: Memory Usage (432084K) : metal5_diffprb has 0 polygons
2026-03-16 22:20:01 +0100: Memory Usage (432084K) : radhard_drw has 0 polygons
2026-03-16 22:20:01 +0100: Memory Usage (432212K) : memcap_drw has 0 polygons
2026-03-16 22:20:01 +0100: Memory Usage (432212K) : varicap_drw has 0 polygons
2026-03-16 22:20:01 +0100: Memory Usage (432340K) : flash_drw has 0 polygons
2026-03-16 22:20:01 +0100: Memory Usage (432340K) : intbondvia_drw has 0 polygons
2026-03-16 22:20:01 +0100: Memory Usage (432468K) : intbondmet_drw has 0 polygons
2026-03-16 22:20:01 +0100: Memory Usage (432596K) : devbondvia_drw has 0 polygons
2026-03-16 22:20:01 +0100: Memory Usage (432596K) : devbondmet_drw has 0 polygons
2026-03-16 22:20:01 +0100: Memory Usage (432596K) : devtrench_drw has 0 polygons
2026-03-16 22:20:01 +0100: Memory Usage (432596K) : redist_drw has 0 polygons
2026-03-16 22:20:01 +0100: Memory Usage (432596K) : graphbot_drw has 0 polygons
2026-03-16 22:20:01 +0100: Memory Usage (432596K) : graphtop_drw has 0 polygons
2026-03-16 22:20:01 +0100: Memory Usage (432596K) : antvia1_drw has 0 polygons
2026-03-16 22:20:01 +0100: Memory Usage (432596K) : antmetal2_drw has 0 polygons
2026-03-16 22:20:01 +0100: Memory Usage (432596K) : graphcont_drw has 0 polygons
2026-03-16 22:20:01 +0100: Memory Usage (432596K) : siwg_drw has 0 polygons
2026-03-16 22:20:01 +0100: Memory Usage (432596K) : siwg_filler has 0 polygons
2026-03-16 22:20:01 +0100: Memory Usage (432596K) : siwg_nofill has 0 polygons
2026-03-16 22:20:01 +0100: Memory Usage (432596K) : sigrating_drw has 0 polygons
2026-03-16 22:20:01 +0100: Memory Usage (432596K) : singrating_drw has 0 polygons
2026-03-16 22:20:01 +0100: Memory Usage (432596K) : graphpas_drw has 0 polygons
2026-03-16 22:20:01 +0100: Memory Usage (432596K) : emwind3_drw has 0 polygons
2026-03-16 22:20:01 +0100: Memory Usage (432596K) : emwihv3_drw has 0 polygons
2026-03-16 22:20:01 +0100: Memory Usage (432596K) : redbulay_drw has 0 polygons
2026-03-16 22:20:01 +0100: Memory Usage (432596K) : smos_drw has 0 polygons
2026-03-16 22:20:01 +0100: Memory Usage (432596K) : graphpad_drw has 0 polygons
2026-03-16 22:20:01 +0100: Memory Usage (432596K) : polimide_drw has 0 polygons
2026-03-16 22:20:01 +0100: Memory Usage (432596K) : polimide_pin has 0 polygons
2026-03-16 22:20:01 +0100: Memory Usage (432596K) : recog_drw has 0 polygons
2026-03-16 22:20:01 +0100: Memory Usage (432596K) : recog_pin has 0 polygons
2026-03-16 22:20:01 +0100: Memory Usage (432596K) : recog_esd has 0 polygons
2026-03-16 22:20:01 +0100: Memory Usage (432596K) : recog_diode has 0 polygons
2026-03-16 22:20:01 +0100: Memory Usage (432596K) : recog_tsv has 0 polygons
2026-03-16 22:20:01 +0100: Memory Usage (432596K) : recog_iprobe has 0 polygons
2026-03-16 22:20:01 +0100: Memory Usage (432596K) : recog_diffprb has 0 polygons
2026-03-16 22:20:01 +0100: Memory Usage (432596K) : recog_pillar has 0 polygons
2026-03-16 22:20:01 +0100: Memory Usage (432596K) : recog_sbump has 0 polygons
2026-03-16 22:20:01 +0100: Memory Usage (432596K) : recog_otp has 0 polygons
2026-03-16 22:20:01 +0100: Memory Usage (432596K) : recog_pdiode has 0 polygons
2026-03-16 22:20:01 +0100: Memory Usage (432596K) : recog_mom has 0 polygons
2026-03-16 22:20:01 +0100: Memory Usage (432596K) : recog_pcm has 0 polygons
2026-03-16 22:20:01 +0100: Memory Usage (432596K) : colopen_drw has 0 polygons
2026-03-16 22:20:01 +0100: Memory Usage (432596K) : graphmetal1_drw has 0 polygons
2026-03-16 22:20:01 +0100: Memory Usage (432596K) : graphmetal1_filler has 0 polygons
2026-03-16 22:20:01 +0100: Memory Usage (432596K) : graphmetal1_nofill has 0 polygons
2026-03-16 22:20:01 +0100: Memory Usage (432596K) : graphmetal1_slit has 0 polygons
2026-03-16 22:20:01 +0100: Memory Usage (432596K) : graphmetal1_opc has 0 polygons
2026-03-16 22:20:01 +0100: Memory Usage (432596K) : graphmet1l_drw has 0 polygons
2026-03-16 22:20:01 +0100: Memory Usage (432596K) : graphmet1l_filler has 0 polygons
2026-03-16 22:20:01 +0100: Memory Usage (432596K) : graphmet1l_nofill has 0 polygons
2026-03-16 22:20:01 +0100: Memory Usage (432596K) : graphmet1l_slit has 0 polygons
2026-03-16 22:20:01 +0100: Memory Usage (432596K) : graphmet1l_opc has 0 polygons
2026-03-16 22:20:01 +0100: Memory Usage (432596K) : extblock_drw has 0 polygons
2026-03-16 22:20:01 +0100: Memory Usage (432596K) : nldd_drw has 0 polygons
2026-03-16 22:20:01 +0100: Memory Usage (432596K) : pldd_drw has 0 polygons
2026-03-16 22:20:01 +0100: Memory Usage (432596K) : next_drw has 0 polygons
2026-03-16 22:20:01 +0100: Memory Usage (432596K) : pext_drw has 0 polygons
2026-03-16 22:20:01 +0100: Memory Usage (432596K) : nexthv_drw has 0 polygons
2026-03-16 22:20:01 +0100: Memory Usage (432596K) : pexthv_drw has 0 polygons
2026-03-16 22:20:01 +0100: Memory Usage (432596K) : graphgate_drw has 0 polygons
2026-03-16 22:20:01 +0100: Memory Usage (432596K) : sinwg_drw has 0 polygons
2026-03-16 22:20:01 +0100: Memory Usage (432596K) : sinwg_filler has 0 polygons
2026-03-16 22:20:01 +0100: Memory Usage (432596K) : sinwg_nofill has 0 polygons
2026-03-16 22:20:01 +0100: Memory Usage (432724K) : mempad_drw has 0 polygons
2026-03-16 22:20:01 +0100: Memory Usage (432724K) : topvia1_drw has 0 polygons
2026-03-16 22:20:01 +0100: Memory Usage (432724K) : topmetal1_drw has 0 polygons
2026-03-16 22:20:01 +0100: Memory Usage (432852K) : topmetal1_pin has 0 polygons
2026-03-16 22:20:01 +0100: Memory Usage (432980K) : topmetal1_mask has 0 polygons
2026-03-16 22:20:01 +0100: Memory Usage (432980K) : topmetal1_filler has 0 polygons
2026-03-16 22:20:01 +0100: Memory Usage (433108K) : topmetal1_nofill has 0 polygons
2026-03-16 22:20:01 +0100: Memory Usage (433108K) : topmetal1_slit has 0 polygons
2026-03-16 22:20:01 +0100: Memory Usage (433108K) : topmetal1_text has 0 polygons
2026-03-16 22:20:01 +0100: Memory Usage (433236K) : topmetal1_noqrc has 0 polygons
2026-03-16 22:20:01 +0100: Memory Usage (433364K) : topmetal1_res has 0 polygons
2026-03-16 22:20:01 +0100: Memory Usage (433364K) : topmetal1_iprobe has 0 polygons
2026-03-16 22:20:01 +0100: Memory Usage (433492K) : topmetal1_diffprb has 0 polygons
2026-03-16 22:20:01 +0100: Memory Usage (433492K) : inldpwl_drw has 0 polygons
2026-03-16 22:20:01 +0100: Memory Usage (433620K) : polyres_drw has 0 polygons
2026-03-16 22:20:01 +0100: Memory Usage (433620K) : polyres_pin has 0 polygons
2026-03-16 22:20:01 +0100: Memory Usage (433748K) : vmim_drw has 0 polygons
2026-03-16 22:20:01 +0100: Memory Usage (433748K) : nbulaycut_drw has 0 polygons
2026-03-16 22:20:01 +0100: Memory Usage (433876K) : antmetal1_drw has 0 polygons
2026-03-16 22:20:01 +0100: Memory Usage (433876K) : topvia2_drw has 0 polygons
2026-03-16 22:20:01 +0100: Memory Usage (434004K) : topmetal2_drw has 0 polygons
2026-03-16 22:20:01 +0100: Memory Usage (434004K) : topmetal2_pin has 0 polygons
2026-03-16 22:20:01 +0100: Memory Usage (434132K) : topmetal2_mask has 0 polygons
2026-03-16 22:20:01 +0100: Memory Usage (434132K) : topmetal2_filler has 0 polygons
2026-03-16 22:20:01 +0100: Memory Usage (434260K) : topmetal2_nofill has 0 polygons
2026-03-16 22:20:01 +0100: Memory Usage (434260K) : topmetal2_slit has 0 polygons
2026-03-16 22:20:01 +0100: Memory Usage (434388K) : topmetal2_text has 0 polygons
2026-03-16 22:20:01 +0100: Memory Usage (434388K) : topmetal2_noqrc has 0 polygons
2026-03-16 22:20:01 +0100: Memory Usage (434516K) : topmetal2_res has 0 polygons
2026-03-16 22:20:01 +0100: Memory Usage (434516K) : topmetal2_iprobe has 0 polygons
2026-03-16 22:20:01 +0100: Memory Usage (434644K) : topmetal2_diffprb has 0 polygons
2026-03-16 22:20:01 +0100: Memory Usage (434644K) : snsring_drw has 0 polygons
2026-03-16 22:20:01 +0100: Memory Usage (434772K) : sensor_drw has 0 polygons
2026-03-16 22:20:01 +0100: Memory Usage (434772K) : snsarms_drw has 0 polygons
2026-03-16 22:20:01 +0100: Memory Usage (434900K) : snscmosvia_drw has 0 polygons
2026-03-16 22:20:01 +0100: Memory Usage (434900K) : colwind_drw has 0 polygons
2026-03-16 22:20:01 +0100: Memory Usage (435028K) : flm_drw has 0 polygons
2026-03-16 22:20:01 +0100: Memory Usage (435028K) : hafniumox_drw has 0 polygons
2026-03-16 22:20:01 +0100: Memory Usage (435156K) : memvia_drw has 0 polygons
2026-03-16 22:20:01 +0100: Memory Usage (435156K) : thinfilmres_drw has 0 polygons
2026-03-16 22:20:01 +0100: Memory Usage (435284K) : rfmem_drw has 0 polygons
2026-03-16 22:20:01 +0100: Memory Usage (435284K) : norcx_drw has 0 polygons
2026-03-16 22:20:01 +0100: Memory Usage (435412K) : norcx_m2m3 has 0 polygons
2026-03-16 22:20:01 +0100: Memory Usage (435540K) : norcx_m2m4 has 0 polygons
2026-03-16 22:20:01 +0100: Memory Usage (435540K) : norcx_m2m5 has 0 polygons
2026-03-16 22:20:01 +0100: Memory Usage (435540K) : norcx_m2tm1 has 0 polygons
2026-03-16 22:20:01 +0100: Memory Usage (435540K) : norcx_m2tm2 has 0 polygons
2026-03-16 22:20:01 +0100: Memory Usage (435540K) : norcx_m3m4 has 0 polygons
2026-03-16 22:20:01 +0100: Memory Usage (435540K) : norcx_m3m5 has 0 polygons
2026-03-16 22:20:01 +0100: Memory Usage (435540K) : norcx_m3tm1 has 0 polygons
2026-03-16 22:20:01 +0100: Memory Usage (435540K) : norcx_m3tm2 has 0 polygons
2026-03-16 22:20:01 +0100: Memory Usage (435540K) : norcx_m4m5 has 0 polygons
2026-03-16 22:20:01 +0100: Memory Usage (435540K) : norcx_m4tm1 has 0 polygons
2026-03-16 22:20:01 +0100: Memory Usage (435540K) : norcx_m4tm2 has 0 polygons
2026-03-16 22:20:01 +0100: Memory Usage (435540K) : norcx_m5tm1 has 0 polygons
2026-03-16 22:20:01 +0100: Memory Usage (435540K) : norcx_m5tm2 has 0 polygons
2026-03-16 22:20:01 +0100: Memory Usage (435540K) : norcx_tm1tm2 has 0 polygons
2026-03-16 22:20:01 +0100: Memory Usage (435540K) : norcx_m1sub has 0 polygons
2026-03-16 22:20:01 +0100: Memory Usage (435540K) : norcx_m2sub has 0 polygons
2026-03-16 22:20:01 +0100: Memory Usage (435540K) : norcx_m3sub has 0 polygons
2026-03-16 22:20:01 +0100: Memory Usage (435540K) : norcx_m4sub has 0 polygons
2026-03-16 22:20:01 +0100: Memory Usage (435540K) : norcx_m5sub has 0 polygons
2026-03-16 22:20:01 +0100: Memory Usage (435540K) : norcx_tm1sub has 0 polygons
2026-03-16 22:20:01 +0100: Memory Usage (435540K) : norcx_tm2sub has 0 polygons
2026-03-16 22:20:01 +0100: Memory Usage (435540K) : snsbotvia_drw has 0 polygons
2026-03-16 22:20:01 +0100: Memory Usage (435540K) : snstopvia_drw has 0 polygons
2026-03-16 22:20:01 +0100: Memory Usage (435540K) : deepvia_drw has 0 polygons
2026-03-16 22:20:01 +0100: Memory Usage (435540K) : fgetch_drw has 0 polygons
2026-03-16 22:20:01 +0100: Memory Usage (435540K) : ctrgat_drw has 0 polygons
2026-03-16 22:20:01 +0100: Memory Usage (435540K) : fgimp_drw has 0 polygons
2026-03-16 22:20:01 +0100: Memory Usage (435540K) : emwihv_drw has 0 polygons
2026-03-16 22:20:01 +0100: Memory Usage (435540K) : lbe_drw has 0 polygons
2026-03-16 22:20:01 +0100: Memory Usage (435540K) : alcustop_drw has 0 polygons
2026-03-16 22:20:01 +0100: Memory Usage (435540K) : nometfiller_drw has 0 polygons
2026-03-16 22:20:01 +0100: Memory Usage (435540K) : prboundary_drw has 0 polygons
2026-03-16 22:20:01 +0100: Memory Usage (435540K) : exchange0_drw has 0 polygons
2026-03-16 22:20:01 +0100: Memory Usage (435540K) : exchange0_pin has 0 polygons
2026-03-16 22:20:01 +0100: Memory Usage (435540K) : exchange0_text has 0 polygons
2026-03-16 22:20:01 +0100: Memory Usage (435540K) : exchange1_drw has 0 polygons
2026-03-16 22:20:01 +0100: Memory Usage (435540K) : exchange1_pin has 0 polygons
2026-03-16 22:20:01 +0100: Memory Usage (435540K) : exchange1_text has 0 polygons
2026-03-16 22:20:01 +0100: Memory Usage (435540K) : exchange2_drw has 0 polygons
2026-03-16 22:20:01 +0100: Memory Usage (435540K) : exchange2_pin has 0 polygons
2026-03-16 22:20:01 +0100: Memory Usage (435540K) : exchange2_text has 0 polygons
2026-03-16 22:20:01 +0100: Memory Usage (435540K) : exchange3_drw has 0 polygons
2026-03-16 22:20:01 +0100: Memory Usage (435540K) : exchange3_pin has 0 polygons
2026-03-16 22:20:01 +0100: Memory Usage (435540K) : exchange3_text has 0 polygons
2026-03-16 22:20:01 +0100: Memory Usage (435540K) : exchange4_drw has 0 polygons
2026-03-16 22:20:01 +0100: Memory Usage (435540K) : exchange4_pin has 0 polygons
2026-03-16 22:20:01 +0100: Memory Usage (435540K) : exchange4_text has 0 polygons
2026-03-16 22:20:01 +0100: Memory Usage (435540K) : isonwell_drw has 0 polygons
2026-03-16 22:20:01 +0100: Memory Usage (435540K) : Total no. of polygons in the design is 1367
2026-03-16 22:20:01 +0100: Memory Usage (435540K) : Loaded TECH DRC rules values from /home/cmaier/.ciel/ciel/ihp-sg13g2/versions/c4b8b4e5e7a05f375cca3815d51b3a37721fbf5c/ihp-sg13g2/libs.tech/klayout/python/sg13g2_pycell_lib/sg13g2_tech_mod.json
2026-03-16 22:20:01 +0100: Memory Usage (435540K) : Loaded default DRC rules values from /home/cmaier/.ciel/ciel/ihp-sg13g2/versions/c4b8b4e5e7a05f375cca3815d51b3a37721fbf5c/ihp-sg13g2/libs.tech/klayout/tech/drc/rule_decks/sg13g2_tech_default.json
2026-03-16 22:20:01 +0100: Memory Usage (435540K) : The following rules values were missing in tech json and default values were used:
2026-03-16 22:20:01 +0100: Memory Usage (435540K) :   - Cnt_c_digibnd
2026-03-16 22:20:01 +0100: Memory Usage (436180K) : Total area of the design is 716.131 um^2.
2026-03-16 22:20:01 +0100: Memory Usage (436180K) : The design dimensions are 40.300000000000004 µm * 17.77 µm.
2026-03-16 22:20:01 +0100: Memory Usage (436180K) : Starting general IHP-SG13G2 derivations.
2026-03-16 22:20:01 +0100: Memory Usage (436180K) : Starting Pwell derivations
2026-03-16 22:20:01 +0100: Memory Usage (436180K) : Starting n-Activ derivations
2026-03-16 22:20:01 +0100: Memory Usage (437320K) : Starting p-Activ derivations
2026-03-16 22:20:01 +0100: Memory Usage (437320K) : Starting ptap derivations
2026-03-16 22:20:01 +0100: Memory Usage (437320K) : Starting ntap derivations
2026-03-16 22:20:01 +0100: Memory Usage (437320K) : Starting pact FET derivations
2026-03-16 22:20:01 +0100: Memory Usage (437320K) : Starting nact FET derivations
2026-03-16 22:20:01 +0100: Memory Usage (437320K) : Starting Gate derivations
2026-03-16 22:20:01 +0100: Memory Usage (437320K) : Starting cont/contbar general derivations
2026-03-16 22:20:01 +0100: Memory Usage (437464K) : Starting pad general derivations
2026-03-16 22:20:01 +0100: Memory Usage (437464K) : Starting IHP-SG13G2 DRC connectivity related derivations.
2026-03-16 22:20:01 +0100: Memory Usage (438104K) : Starting IHP-SG13G2 DRC connectivity setup
2026-03-16 22:20:01 +0100: Memory Usage (438360K) : Starting IHP-SG13G2 DRC rules.
2026-03-16 22:20:01 +0100: Memory Usage (438360K) : Running all FEOL rules
2026-03-16 22:20:01 +0100: Memory Usage (438360K) : Running all BEOL rules
2026-03-16 22:20:01 +0100: Memory Usage (438360K) : Running all PIN rules
2026-03-16 22:20:01 +0100: Memory Usage (438360K) : Running all FORBIDDEN rules
2026-03-16 22:20:01 +0100: Memory Usage (438360K) : Starting 5.1 NWell table
2026-03-16 22:20:01 +0100: Memory Usage (438360K) : Executing rule NW.b
2026-03-16 22:20:01 +0100: Memory Usage (438616K) : Executing rule NW.b1
2026-03-16 22:20:01 +0100: Memory Usage (439000K) : Starting 5.2 PWell:block
2026-03-16 22:20:01 +0100: Memory Usage (439000K) : Executing rule PWB.e
2026-03-16 22:20:01 +0100: Memory Usage (439256K) : Executing rule PWB.e1
2026-03-16 22:20:01 +0100: Memory Usage (439384K) : Executing rule PWB.f
2026-03-16 22:20:01 +0100: Memory Usage (439640K) : Executing rule PWB.f1
2026-03-16 22:20:01 +0100: Memory Usage (440280K) : Starting 5.3 nBuLay table
2026-03-16 22:20:01 +0100: Memory Usage (440408K) : Executing rule NBL.b
2026-03-16 22:20:01 +0100: Memory Usage (440536K) : Executing rule NBL.c
2026-03-16 22:20:01 +0100: Memory Usage (440920K) : Executing rule NBL.d
2026-03-16 22:20:01 +0100: Memory Usage (440920K) : Executing rule NBL.e
2026-03-16 22:20:01 +0100: Memory Usage (440920K) : Executing rule NBL.f
2026-03-16 22:20:01 +0100: Memory Usage (440920K) : Starting 5.5. Activ table
2026-03-16 22:20:01 +0100: Memory Usage (440920K) : Executing rule Act.a
2026-03-16 22:20:01 +0100: Memory Usage (440920K) : Executing rule Act.b
2026-03-16 22:20:01 +0100: Memory Usage (441216K) : Starting 5.6 Activ:filler table
2026-03-16 22:20:01 +0100: Memory Usage (441216K) : Executing rule AFil.c1
2026-03-16 22:20:01 +0100: Memory Usage (441216K) : Executing rule AFil.c
2026-03-16 22:20:01 +0100: Memory Usage (441216K) : Executing rule AFil.d
2026-03-16 22:20:01 +0100: Memory Usage (441216K) : Executing rule AFil.e
2026-03-16 22:20:01 +0100: Memory Usage (441216K) : Executing rule AFil.j
2026-03-16 22:20:01 +0100: Memory Usage (441216K) : Starting 5.7. ThickGateOx table
2026-03-16 22:20:01 +0100: Memory Usage (441216K) : Executing rule TGO.f
2026-03-16 22:20:01 +0100: Memory Usage (441216K) : Starting 5.8. GatPoly table
2026-03-16 22:20:01 +0100: Memory Usage (441216K) : Executing rule Gat.a
2026-03-16 22:20:01 +0100: Memory Usage (441216K) : Executing rule Gat.b
2026-03-16 22:20:01 +0100: Memory Usage (441216K) : Executing rule Gat.d
2026-03-16 22:20:01 +0100: Memory Usage (441216K) : Executing rule Gat.a1
2026-03-16 22:20:02 +0100: Memory Usage (441480K) : Executing rule Gat.a2
2026-03-16 22:20:02 +0100: Memory Usage (441480K) : Executing rule Gat.g
2026-03-16 22:20:02 +0100: Memory Usage (441664K) : Starting 5.9 GatPoly:filler
2026-03-16 22:20:02 +0100: Memory Usage (441664K) : Executing rule GFil.d
2026-03-16 22:20:02 +0100: Memory Usage (441664K) : Executing rule GFil.e
2026-03-16 22:20:02 +0100: Memory Usage (441664K) : Executing rule GFil.i
2026-03-16 22:20:02 +0100: Memory Usage (441664K) : Starting 5.10 pSD table
2026-03-16 22:20:02 +0100: Memory Usage (441664K) : Executing rule pSD.c1
2026-03-16 22:20:02 +0100: Memory Usage (441664K) : Starting 5.14. Cont table
2026-03-16 22:20:02 +0100: Memory Usage (441664K) : Executing rule Cnt.a
2026-03-16 22:20:02 +0100: Memory Usage (441664K) : Executing rule Cnt.b
2026-03-16 22:20:02 +0100: Memory Usage (441664K) : Executing rule Cnt.c
2026-03-16 22:20:02 +0100: Memory Usage (441664K) : Executing rule Cnt.c
2026-03-16 22:20:02 +0100: Memory Usage (441664K) : Executing rule Cnt.d
2026-03-16 22:20:02 +0100: Memory Usage (441664K) : Executing rule Cnt.e
2026-03-16 22:20:02 +0100: Memory Usage (441664K) : Executing rule Cnt.g1
2026-03-16 22:20:02 +0100: Memory Usage (441664K) : Executing rule Cnt.g2
2026-03-16 22:20:02 +0100: Memory Usage (441664K) : Starting 5.15. ContBar table
2026-03-16 22:20:02 +0100: Memory Usage (441664K) : Executing rule CntB.b1
2026-03-16 22:20:02 +0100: Memory Usage (441664K) : Executing rule CntB.h1
2026-03-16 22:20:02 +0100: Memory Usage (441664K) : Starting 6.1.3 NPN Substrate-Tie table
2026-03-16 22:20:02 +0100: Memory Usage (441664K) : Executing rule npn13G2.bR 
2026-03-16 22:20:02 +0100: Memory Usage (441664K) : Executing rule npn13G2L.cR 
2026-03-16 22:20:02 +0100: Memory Usage (441664K) : Executing rule npn13G2V.cR 
2026-03-16 22:20:02 +0100: Memory Usage (441664K) : Starting 6.7 Schottky diode table
2026-03-16 22:20:02 +0100: Memory Usage (441664K) : Executing rule Sdiod.d
2026-03-16 22:20:02 +0100: Memory Usage (441664K) : Executing rule Sdiod.e
2026-03-16 22:20:02 +0100: Memory Usage (441664K) : Starting 7.2 Latch-up table
2026-03-16 22:20:02 +0100: Memory Usage (441664K) : Executing rule LU.b
2026-03-16 22:20:02 +0100: Memory Usage (441664K) : Starting 5.16. Metal1 table
2026-03-16 22:20:02 +0100: Memory Usage (441664K) : Executing rule M1.a
2026-03-16 22:20:02 +0100: Memory Usage (441664K) : Executing rule M1.b
2026-03-16 22:20:02 +0100: Memory Usage (441664K) : Executing rule M1.e
2026-03-16 22:20:02 +0100: Memory Usage (441664K) : Executing rule M1.f
2026-03-16 22:20:02 +0100: Memory Usage (441664K) : Executing rule M1.g
2026-03-16 22:20:02 +0100: Memory Usage (441664K) : Executing rule M1.i
2026-03-16 22:20:02 +0100: Memory Usage (441792K) : Starting 5.17 Metaln table
2026-03-16 22:20:02 +0100: Memory Usage (441792K) : Executing rule M2.a
2026-03-16 22:20:02 +0100: Memory Usage (441792K) : Executing rule M2.b
2026-03-16 22:20:02 +0100: Memory Usage (441792K) : Executing rule M2.e
2026-03-16 22:20:02 +0100: Memory Usage (441792K) : Executing rule M2.f
2026-03-16 22:20:02 +0100: Memory Usage (441792K) : Executing rule M2.g
2026-03-16 22:20:02 +0100: Memory Usage (441792K) : Executing rule M2.i
2026-03-16 22:20:02 +0100: Memory Usage (441792K) : Executing rule M3.a
2026-03-16 22:20:02 +0100: Memory Usage (441792K) : Executing rule M3.b
2026-03-16 22:20:02 +0100: Memory Usage (441792K) : Executing rule M3.e
2026-03-16 22:20:02 +0100: Memory Usage (441792K) : Executing rule M3.f
2026-03-16 22:20:02 +0100: Memory Usage (441792K) : Executing rule M3.g
2026-03-16 22:20:02 +0100: Memory Usage (441792K) : Executing rule M3.i
2026-03-16 22:20:02 +0100: Memory Usage (441792K) : Executing rule M4.a
2026-03-16 22:20:02 +0100: Memory Usage (441792K) : Executing rule M4.b
2026-03-16 22:20:02 +0100: Memory Usage (441792K) : Executing rule M4.e
2026-03-16 22:20:02 +0100: Memory Usage (441792K) : Executing rule M4.f
2026-03-16 22:20:02 +0100: Memory Usage (441792K) : Executing rule M4.g
2026-03-16 22:20:02 +0100: Memory Usage (441792K) : Executing rule M4.i
2026-03-16 22:20:02 +0100: Memory Usage (441792K) : Executing rule M5.a
2026-03-16 22:20:02 +0100: Memory Usage (441920K) : Executing rule M5.b
2026-03-16 22:20:02 +0100: Memory Usage (442176K) : Executing rule M5.e
2026-03-16 22:20:02 +0100: Memory Usage (442432K) : Executing rule M5.f
2026-03-16 22:20:02 +0100: Memory Usage (442688K) : Executing rule M5.g
2026-03-16 22:20:02 +0100: Memory Usage (443072K) : Executing rule M5.i
2026-03-16 22:20:02 +0100: Memory Usage (443072K) : Starting 5.18 Metaln:filler table
2026-03-16 22:20:02 +0100: Memory Usage (443072K) : Executing rule M1Fil.c
2026-03-16 22:20:02 +0100: Memory Usage (443072K) : Executing rule M1Fil.a2
2026-03-16 22:20:02 +0100: Memory Usage (443072K) : Executing rule M2Fil.c
2026-03-16 22:20:02 +0100: Memory Usage (443072K) : Executing rule M2Fil.a2
2026-03-16 22:20:02 +0100: Memory Usage (443072K) : Executing rule M3Fil.c
2026-03-16 22:20:02 +0100: Memory Usage (443072K) : Executing rule M3Fil.a2
2026-03-16 22:20:02 +0100: Memory Usage (443072K) : Executing rule M4Fil.c
2026-03-16 22:20:02 +0100: Memory Usage (443072K) : Executing rule M4Fil.a2
2026-03-16 22:20:02 +0100: Memory Usage (443072K) : Executing rule M5Fil.c
2026-03-16 22:20:02 +0100: Memory Usage (443072K) : Executing rule M5Fil.a2
2026-03-16 22:20:02 +0100: Memory Usage (443072K) : Starting 5.19. Via1 table
2026-03-16 22:20:02 +0100: Memory Usage (443072K) : Starting 5.19. Via1 table derivations
2026-03-16 22:20:02 +0100: Memory Usage (443072K) : Executing rule V1.a
2026-03-16 22:20:02 +0100: Memory Usage (443072K) : Executing rule V1.b
2026-03-16 22:20:02 +0100: Memory Usage (443072K) : Executing rule V1.c
2026-03-16 22:20:02 +0100: Memory Usage (443072K) : Starting 5.20. Vian table
2026-03-16 22:20:02 +0100: Memory Usage (443072K) : Executing rule V2.a
2026-03-16 22:20:02 +0100: Memory Usage (443072K) : Executing rule V2.b
2026-03-16 22:20:02 +0100: Memory Usage (443072K) : Executing rule V2.c
2026-03-16 22:20:02 +0100: Memory Usage (443072K) : Executing rule V3.a
2026-03-16 22:20:02 +0100: Memory Usage (443072K) : Executing rule V3.b
2026-03-16 22:20:02 +0100: Memory Usage (443072K) : Executing rule V3.c
2026-03-16 22:20:02 +0100: Memory Usage (443072K) : Executing rule V4.a
2026-03-16 22:20:02 +0100: Memory Usage (443072K) : Executing rule V4.b
2026-03-16 22:20:02 +0100: Memory Usage (443072K) : Executing rule V4.c
2026-03-16 22:20:02 +0100: Memory Usage (443072K) : Starting 5.21. TopVia1 table
2026-03-16 22:20:02 +0100: Memory Usage (443072K) : Executing rule TV1.a
2026-03-16 22:20:02 +0100: Memory Usage (443072K) : Executing rule TV1.b
2026-03-16 22:20:02 +0100: Memory Usage (443072K) : Executing rule TV1.c
2026-03-16 22:20:02 +0100: Memory Usage (443072K) : Executing rule TV1.d
2026-03-16 22:20:02 +0100: Memory Usage (443072K) : Starting 5.22. TopMetal1 table
2026-03-16 22:20:02 +0100: Memory Usage (443072K) : Executing rule TM1.a
2026-03-16 22:20:02 +0100: Memory Usage (443072K) : Executing rule TM1.b
2026-03-16 22:20:02 +0100: Memory Usage (443072K) : Starting 5.23 TopMetal1:filler table
2026-03-16 22:20:02 +0100: Memory Usage (443072K) : Executing rule TM1Fil.c
2026-03-16 22:20:02 +0100: Memory Usage (443072K) : Executing rule TM1Fil.a1
2026-03-16 22:20:02 +0100: Memory Usage (443072K) : Starting 5.24. TopVia2 table
2026-03-16 22:20:02 +0100: Memory Usage (443072K) : Executing rule TV2.a
2026-03-16 22:20:02 +0100: Memory Usage (443072K) : Executing rule TV2.b
2026-03-16 22:20:02 +0100: Memory Usage (443072K) : Executing rule TV2.c
2026-03-16 22:20:02 +0100: Memory Usage (443072K) : Executing rule TV2.d
2026-03-16 22:20:02 +0100: Memory Usage (443072K) : Starting 5.25. TopMetal2 table
2026-03-16 22:20:02 +0100: Memory Usage (443072K) : Executing rule TM2.a
2026-03-16 22:20:02 +0100: Memory Usage (443072K) : Executing rule TM2.b
2026-03-16 22:20:02 +0100: Memory Usage (443072K) : Executing rule TM2.bR
2026-03-16 22:20:02 +0100: Memory Usage (443072K) : Starting 5.26 TopMetal2:filler table
2026-03-16 22:20:02 +0100: Memory Usage (443072K) : Executing rule TM2Fil.c
2026-03-16 22:20:02 +0100: Memory Usage (443072K) : Executing rule TM2Fil.a1
2026-03-16 22:20:02 +0100: Memory Usage (443072K) : Starting 5.27. Passiv table
2026-03-16 22:20:02 +0100: Memory Usage (443072K) : Executing rule Pas.a
2026-03-16 22:20:02 +0100: Memory Usage (443072K) : Executing rule Pas.b
2026-03-16 22:20:02 +0100: Memory Usage (443072K) : Executing rule Pas.c
2026-03-16 22:20:02 +0100: Memory Usage (443072K) : Starting 6.9.2 Copper Pillar table
2026-03-16 22:20:02 +0100: Memory Usage (443072K) : Executing rule Padc.a
2026-03-16 22:20:02 +0100: Memory Usage (443072K) : Executing rule Padc.b
2026-03-16 22:20:02 +0100: Memory Usage (443072K) : Executing rule Padc.c
2026-03-16 22:20:02 +0100: Memory Usage (443072K) : Executing rule Padb.f
2026-03-16 22:20:02 +0100: Memory Usage (443072K) : Starting 6.9 Pad table
2026-03-16 22:20:02 +0100: Memory Usage (443072K) : Executing rule Pad.m
2026-03-16 22:20:02 +0100: Memory Usage (443072K) : Executing rule Pad.fR_M1
2026-03-16 22:20:02 +0100: Memory Usage (443072K) : Executing rule Pad.fR_M2
2026-03-16 22:20:02 +0100: Memory Usage (443072K) : Executing rule Pad.fR_M3
2026-03-16 22:20:02 +0100: Memory Usage (443072K) : Executing rule Pad.fR_M4
2026-03-16 22:20:02 +0100: Memory Usage (443072K) : Executing rule Pad.fR_M5
2026-03-16 22:20:02 +0100: Memory Usage (443072K) : Executing rule Pad.fR_TM1
2026-03-16 22:20:02 +0100: Memory Usage (443072K) : Executing rule Pad.fR_TM2
2026-03-16 22:20:02 +0100: Memory Usage (443072K) : Executing rule Pad.i
2026-03-16 22:20:02 +0100: Memory Usage (443072K) : Starting 6.9.1 Solder Bump
2026-03-16 22:20:02 +0100: Memory Usage (443072K) : Executing rule Padb.a
2026-03-16 22:20:02 +0100: Memory Usage (443072K) : Executing rule Padb.b
2026-03-16 22:20:02 +0100: Memory Usage (443072K) : Executing rule Padb.c
2026-03-16 22:20:02 +0100: Memory Usage (443072K) : Executing rule Padb.f
2026-03-16 22:20:02 +0100: Memory Usage (443072K) : Executing rule Padb.d
2026-03-16 22:20:02 +0100: Memory Usage (443072K) : Starting 6.10 Sealring table
2026-03-16 22:20:02 +0100: Memory Usage (443072K) : Executing rule Seal.l
2026-03-16 22:20:02 +0100: Memory Usage (443072K) : Executing rule Seal.n
2026-03-16 22:20:02 +0100: Memory Usage (443072K) : Executing rule seal.b_metal1
2026-03-16 22:20:02 +0100: Memory Usage (443072K) : Executing rule seal.b_metal2
2026-03-16 22:20:02 +0100: Memory Usage (443072K) : Executing rule seal.b_metal3
2026-03-16 22:20:02 +0100: Memory Usage (443072K) : Executing rule seal.b_metal4
2026-03-16 22:20:02 +0100: Memory Usage (443072K) : Executing rule seal.b_metal5
2026-03-16 22:20:02 +0100: Memory Usage (443072K) : Executing rule seal.b_topmetal1
2026-03-16 22:20:02 +0100: Memory Usage (443072K) : Executing rule seal.b_topmetal2
2026-03-16 22:20:02 +0100: Memory Usage (443072K) : Executing rule seal.b_activ
2026-03-16 22:20:02 +0100: Memory Usage (443072K) : Executing rule seal.b_psd
2026-03-16 22:20:02 +0100: Memory Usage (443072K) : Executing rule Seal.k
2026-03-16 22:20:02 +0100: Memory Usage (443072K) : Executing rule Seal.m
2026-03-16 22:20:02 +0100: Memory Usage (443072K) : Starting 6.11 MIM table
2026-03-16 22:20:02 +0100: Memory Usage (443072K) : Executing rule MIM.c
2026-03-16 22:20:02 +0100: Memory Usage (443200K) : Executing rule MIM.d
2026-03-16 22:20:02 +0100: Memory Usage (443200K) : Executing rule MIM.gR
2026-03-16 22:20:02 +0100: Memory Usage (443200K) : Starting 7.3 Metal Slits table
2026-03-16 22:20:02 +0100: Memory Usage (443200K) : Executing rule Slt.e1_M1
2026-03-16 22:20:02 +0100: Memory Usage (443200K) : Executing rule Slt.e1_M2
2026-03-16 22:20:02 +0100: Memory Usage (443200K) : Executing rule Slt.e1_M3
2026-03-16 22:20:02 +0100: Memory Usage (443200K) : Executing rule Slt.e1_M4
2026-03-16 22:20:02 +0100: Memory Usage (443200K) : Executing rule Slt.e1_M5
2026-03-16 22:20:02 +0100: Memory Usage (443200K) : Executing rule Slt.e1_TM1
2026-03-16 22:20:02 +0100: Memory Usage (443200K) : Executing rule Slt.e1_TM2
2026-03-16 22:20:02 +0100: Memory Usage (443328K) : Starting 9.1. LBE table
2026-03-16 22:20:02 +0100: Memory Usage (443328K) : Executing rule LBE.a
2026-03-16 22:20:02 +0100: Memory Usage (443328K) : Executing rule LBE.b
2026-03-16 22:20:02 +0100: Memory Usage (443328K) : Executing rule LBE.b1
2026-03-16 22:20:02 +0100: Memory Usage (443328K) : Executing rule LBE.c
2026-03-16 22:20:02 +0100: Memory Usage (443328K) : Executing rule LBE.d
2026-03-16 22:20:02 +0100: Memory Usage (443328K) : Executing rule LBE.h
2026-03-16 22:20:02 +0100: Memory Usage (443328K) : Starting 7.4. PIN table
2026-03-16 22:20:02 +0100: Memory Usage (443328K) : Executing rule Pin.a
2026-03-16 22:20:02 +0100: Memory Usage (443328K) : Executing rule Pin.b
2026-03-16 22:20:02 +0100: Memory Usage (443456K) : Executing rule Pin.e
2026-03-16 22:20:02 +0100: Memory Usage (443456K) : Executing rule Pin.f_M2
2026-03-16 22:20:02 +0100: Memory Usage (443456K) : Executing rule Pin.f_M3
2026-03-16 22:20:02 +0100: Memory Usage (443456K) : Executing rule Pin.f_M4
2026-03-16 22:20:02 +0100: Memory Usage (443456K) : Executing rule Pin.f_M5
2026-03-16 22:20:02 +0100: Memory Usage (443456K) : Executing rule Pin.g
2026-03-16 22:20:02 +0100: Memory Usage (443456K) : Executing rule Pin.h
2026-03-16 22:20:02 +0100: Memory Usage (443456K) : Starting 3.2. FORBIDDEN table
2026-03-16 22:20:02 +0100: Memory Usage (443456K) : Executing rule forbidden.biwind
2026-03-16 22:20:02 +0100: Memory Usage (443584K) : Executing rule forbidden.pemwind
2026-03-16 22:20:02 +0100: Memory Usage (443584K) : Executing rule forbidden.baspoly
2026-03-16 22:20:02 +0100: Memory Usage (443584K) : Executing rule forbidden.deepco
2026-03-16 22:20:02 +0100: Memory Usage (443584K) : Executing rule forbidden.pempoly
2026-03-16 22:20:02 +0100: Memory Usage (443584K) : Executing rule forbidden.empoly
2026-03-16 22:20:02 +0100: Memory Usage (443584K) : Executing rule forbidden.ldmos
2026-03-16 22:20:02 +0100: Memory Usage (443584K) : Executing rule forbidden.pbiwind
2026-03-16 22:20:02 +0100: Memory Usage (443584K) : Executing rule forbidden.nodrc
2026-03-16 22:20:02 +0100: Memory Usage (443712K) : Executing rule forbidden.flash
2026-03-16 22:20:02 +0100: Memory Usage (443840K) : Executing rule forbidden.colwind
2026-03-16 22:20:02 +0100: Memory Usage (443840K) : KLayout DRC run for tables 'main' completed in 1.24 seconds
