# Logfile created on 2026-03-17 01:41:19 +0100 by logger.rb/v1.6.0
2026-03-17 01:41:19 +0100: Memory Usage (421888K) : Starting running IHP-SG13G2 KLayout DRC runset on /home/cmaier/EDA/PUDDING/gds/input_mirror.gds
2026-03-17 01:41:19 +0100: Memory Usage (421888K) : Ruby Version for klayout: 3.3.10
2026-03-17 01:41:19 +0100: Memory Usage (423148K) : Loading database to memory is complete.
2026-03-17 01:41:19 +0100: Memory Usage (423148K) : IHP-SG13G2 KLayout DRC runset output at: /home/cmaier/EDA/PUDDING/gds/drc_run_hvnmirror/input_mirror_hvnmirror_main.lyrdb
2026-03-17 01:41:19 +0100: Memory Usage (423148K) : Evaluate switches.
2026-03-17 01:41:19 +0100: Memory Usage (423148K) : tables selected: main
2026-03-17 01:41:19 +0100: Memory Usage (423148K) : KLayout will use 1 thread(s) in tiling mode.
2026-03-17 01:41:19 +0100: Memory Usage (423148K) : deep mode is enabled.
2026-03-17 01:41:19 +0100: Memory Usage (423148K) : FEOL enabled: true
2026-03-17 01:41:19 +0100: Memory Usage (423148K) : BEOL enabled: true
2026-03-17 01:41:19 +0100: Memory Usage (423148K) : OFFGRID enabled: true
2026-03-17 01:41:19 +0100: Memory Usage (423148K) : PIN enabled: true
2026-03-17 01:41:19 +0100: Memory Usage (423148K) : FORBIDDEN enabled: true
2026-03-17 01:41:19 +0100: Memory Usage (423148K) : RECOMMENDED enabled: true
2026-03-17 01:41:19 +0100: Memory Usage (423148K) : PreCheck DRC enabled: false
2026-03-17 01:41:19 +0100: Memory Usage (423148K) : CONNECTIVITY_RULES enabled: true.
2026-03-17 01:41:19 +0100: Memory Usage (423148K) : Read in polygons from layers.
2026-03-17 01:41:19 +0100: Memory Usage (424812K) : activ_drw has 99 polygons
2026-03-17 01:41:19 +0100: Memory Usage (424812K) : activ_pin has 0 polygons
2026-03-17 01:41:19 +0100: Memory Usage (424812K) : activ_mask has 0 polygons
2026-03-17 01:41:19 +0100: Memory Usage (424812K) : activ_filler has 0 polygons
2026-03-17 01:41:19 +0100: Memory Usage (424812K) : activ_nofill has 0 polygons
2026-03-17 01:41:19 +0100: Memory Usage (424812K) : activ_opc has 0 polygons
2026-03-17 01:41:19 +0100: Memory Usage (424812K) : activ_iopc has 0 polygons
2026-03-17 01:41:19 +0100: Memory Usage (424812K) : activ_noqrc has 0 polygons
2026-03-17 01:41:19 +0100: Memory Usage (424812K) : biwind_drw has 0 polygons
2026-03-17 01:41:19 +0100: Memory Usage (424812K) : biwind_opc has 0 polygons
2026-03-17 01:41:19 +0100: Memory Usage (424812K) : pemwind_drw has 0 polygons
2026-03-17 01:41:19 +0100: Memory Usage (424812K) : gatpoly_drw has 34 polygons
2026-03-17 01:41:19 +0100: Memory Usage (424812K) : gatpoly_pin has 32 polygons
2026-03-17 01:41:19 +0100: Memory Usage (424812K) : gatpoly_filler has 0 polygons
2026-03-17 01:41:19 +0100: Memory Usage (424812K) : gatpoly_nofill has 0 polygons
2026-03-17 01:41:19 +0100: Memory Usage (424812K) : gatpoly_opc has 0 polygons
2026-03-17 01:41:19 +0100: Memory Usage (424812K) : gatpoly_iopc has 0 polygons
2026-03-17 01:41:19 +0100: Memory Usage (424812K) : gatpoly_noqrc has 0 polygons
2026-03-17 01:41:19 +0100: Memory Usage (424812K) : cont_drw has 956 polygons
2026-03-17 01:41:19 +0100: Memory Usage (424812K) : cont_opc has 0 polygons
2026-03-17 01:41:19 +0100: Memory Usage (424812K) : nsd_drw has 0 polygons
2026-03-17 01:41:19 +0100: Memory Usage (424812K) : nsd_block has 0 polygons
2026-03-17 01:41:19 +0100: Memory Usage (424812K) : metal1_drw has 83 polygons
2026-03-17 01:41:19 +0100: Memory Usage (424812K) : metal1_pin has 74 polygons
2026-03-17 01:41:19 +0100: Memory Usage (424940K) : metal1_mask has 0 polygons
2026-03-17 01:41:19 +0100: Memory Usage (424940K) : metal1_filler has 0 polygons
2026-03-17 01:41:19 +0100: Memory Usage (425068K) : metal1_nofill has 0 polygons
2026-03-17 01:41:19 +0100: Memory Usage (425068K) : metal1_slit has 0 polygons
2026-03-17 01:41:19 +0100: Memory Usage (425324K) : metal1_text has 10 polygons
2026-03-17 01:41:19 +0100: Memory Usage (425324K) : metal1_opc has 0 polygons
2026-03-17 01:41:19 +0100: Memory Usage (425452K) : metal1_noqrc has 0 polygons
2026-03-17 01:41:19 +0100: Memory Usage (425452K) : metal1_res has 0 polygons
2026-03-17 01:41:19 +0100: Memory Usage (425452K) : metal1_iprobe has 0 polygons
2026-03-17 01:41:19 +0100: Memory Usage (425580K) : metal1_diffprb has 0 polygons
2026-03-17 01:41:19 +0100: Memory Usage (425580K) : passiv_drw has 0 polygons
2026-03-17 01:41:19 +0100: Memory Usage (425580K) : passiv_pin has 0 polygons
2026-03-17 01:41:19 +0100: Memory Usage (425580K) : passiv_sbump has 0 polygons
2026-03-17 01:41:19 +0100: Memory Usage (425580K) : passiv_pillar has 0 polygons
2026-03-17 01:41:19 +0100: Memory Usage (425580K) : passiv_pdl has 0 polygons
2026-03-17 01:41:19 +0100: Memory Usage (425708K) : metal2_drw has 0 polygons
2026-03-17 01:41:19 +0100: Memory Usage (425708K) : metal2_pin has 0 polygons
2026-03-17 01:41:19 +0100: Memory Usage (425836K) : metal2_mask has 0 polygons
2026-03-17 01:41:19 +0100: Memory Usage (425836K) : metal2_filler has 0 polygons
2026-03-17 01:41:19 +0100: Memory Usage (425836K) : metal2_nofill has 0 polygons
2026-03-17 01:41:19 +0100: Memory Usage (425836K) : metal2_slit has 0 polygons
2026-03-17 01:41:19 +0100: Memory Usage (425836K) : metal2_text has 0 polygons
2026-03-17 01:41:19 +0100: Memory Usage (425836K) : metal2_opc has 0 polygons
2026-03-17 01:41:19 +0100: Memory Usage (425964K) : metal2_noqrc has 0 polygons
2026-03-17 01:41:19 +0100: Memory Usage (425964K) : metal2_res has 0 polygons
2026-03-17 01:41:19 +0100: Memory Usage (426092K) : metal2_iprobe has 0 polygons
2026-03-17 01:41:19 +0100: Memory Usage (426092K) : metal2_diffprb has 0 polygons
2026-03-17 01:41:19 +0100: Memory Usage (426092K) : baspoly_drw has 0 polygons
2026-03-17 01:41:19 +0100: Memory Usage (426220K) : baspoly_pin has 0 polygons
2026-03-17 01:41:19 +0100: Memory Usage (426220K) : psd_drw has 3 polygons
2026-03-17 01:41:19 +0100: Memory Usage (426220K) : nldb_drw has 0 polygons
2026-03-17 01:41:19 +0100: Memory Usage (426220K) : digibnd_drw has 0 polygons
2026-03-17 01:41:19 +0100: Memory Usage (426220K) : via1_drw has 0 polygons
2026-03-17 01:41:19 +0100: Memory Usage (426220K) : backmetal1_drw has 0 polygons
2026-03-17 01:41:19 +0100: Memory Usage (426348K) : backmetal1_pin has 0 polygons
2026-03-17 01:41:19 +0100: Memory Usage (426476K) : backmetal1_mask has 0 polygons
2026-03-17 01:41:19 +0100: Memory Usage (426476K) : backmetal1_filler has 0 polygons
2026-03-17 01:41:19 +0100: Memory Usage (426604K) : backmetal1_nofill has 0 polygons
2026-03-17 01:41:19 +0100: Memory Usage (426604K) : backmetal1_slit has 0 polygons
2026-03-17 01:41:19 +0100: Memory Usage (426604K) : backmetal1_text has 0 polygons
2026-03-17 01:41:19 +0100: Memory Usage (426732K) : backmetal1_opc has 0 polygons
2026-03-17 01:41:19 +0100: Memory Usage (426732K) : backmetal1_noqrc has 0 polygons
2026-03-17 01:41:19 +0100: Memory Usage (426860K) : backmetal1_res has 0 polygons
2026-03-17 01:41:19 +0100: Memory Usage (426988K) : backmetal1_iprobe has 0 polygons
2026-03-17 01:41:19 +0100: Memory Usage (426988K) : backmetal1_diffprb has 0 polygons
2026-03-17 01:41:19 +0100: Memory Usage (427116K) : backpassiv_drw has 0 polygons
2026-03-17 01:41:19 +0100: Memory Usage (427116K) : res_drw has 0 polygons
2026-03-17 01:41:19 +0100: Memory Usage (427244K) : sram_drw has 0 polygons
2026-03-17 01:41:19 +0100: Memory Usage (427244K) : trans_drw has 0 polygons
2026-03-17 01:41:19 +0100: Memory Usage (427372K) : ind_drw has 0 polygons
2026-03-17 01:41:19 +0100: Memory Usage (427372K) : ind_pin has 0 polygons
2026-03-17 01:41:19 +0100: Memory Usage (427372K) : ind_text has 0 polygons
2026-03-17 01:41:19 +0100: Memory Usage (427500K) : salblock_drw has 0 polygons
2026-03-17 01:41:19 +0100: Memory Usage (427628K) : via2_drw has 0 polygons
2026-03-17 01:41:19 +0100: Memory Usage (427628K) : metal3_drw has 0 polygons
2026-03-17 01:41:19 +0100: Memory Usage (427756K) : metal3_pin has 0 polygons
2026-03-17 01:41:19 +0100: Memory Usage (427756K) : metal3_mask has 0 polygons
2026-03-17 01:41:19 +0100: Memory Usage (427756K) : metal3_filler has 0 polygons
2026-03-17 01:41:19 +0100: Memory Usage (427884K) : metal3_nofill has 0 polygons
2026-03-17 01:41:19 +0100: Memory Usage (427884K) : metal3_slit has 0 polygons
2026-03-17 01:41:19 +0100: Memory Usage (428012K) : metal3_text has 0 polygons
2026-03-17 01:41:19 +0100: Memory Usage (428012K) : metal3_opc has 0 polygons
2026-03-17 01:41:19 +0100: Memory Usage (428140K) : metal3_noqrc has 0 polygons
2026-03-17 01:41:19 +0100: Memory Usage (428140K) : metal3_res has 0 polygons
2026-03-17 01:41:19 +0100: Memory Usage (428268K) : metal3_iprobe has 0 polygons
2026-03-17 01:41:19 +0100: Memory Usage (428268K) : metal3_diffprb has 0 polygons
2026-03-17 01:41:19 +0100: Memory Usage (428652K) : nwell_drw has 0 polygons
2026-03-17 01:41:19 +0100: Memory Usage (428652K) : nwell_pin has 0 polygons
2026-03-17 01:41:19 +0100: Memory Usage (428652K) : nbulay_drw has 0 polygons
2026-03-17 01:41:19 +0100: Memory Usage (428652K) : nbulay_pin has 0 polygons
2026-03-17 01:41:19 +0100: Memory Usage (428652K) : nbulay_block has 0 polygons
2026-03-17 01:41:19 +0100: Memory Usage (428652K) : emwind_drw has 0 polygons
2026-03-17 01:41:19 +0100: Memory Usage (428652K) : emwind_opc has 0 polygons
2026-03-17 01:41:19 +0100: Memory Usage (428652K) : deepco_drw has 0 polygons
2026-03-17 01:41:19 +0100: Memory Usage (428780K) : deepco_drw has 0 polygons
2026-03-17 01:41:19 +0100: Memory Usage (428908K) : mim_drw has 0 polygons
2026-03-17 01:41:19 +0100: Memory Usage (428908K) : edgeseal_drw has 0 polygons
2026-03-17 01:41:19 +0100: Memory Usage (429036K) : edgeseal_bound has 0 polygons
2026-03-17 01:41:19 +0100: Memory Usage (429036K) : substrate_drw has 0 polygons
2026-03-17 01:41:19 +0100: Memory Usage (429164K) : substrate_text has 0 polygons
2026-03-17 01:41:19 +0100: Memory Usage (429164K) : dfpad_drw has 0 polygons
2026-03-17 01:41:19 +0100: Memory Usage (429292K) : dfpad_pillar has 0 polygons
2026-03-17 01:41:19 +0100: Memory Usage (429292K) : dfpad_sbump has 0 polygons
2026-03-17 01:41:19 +0100: Memory Usage (429420K) : thickgateox_drw has 32 polygons
2026-03-17 01:41:19 +0100: Memory Usage (429420K) : pldb_drw has 0 polygons
2026-03-17 01:41:19 +0100: Memory Usage (429548K) : pwell_drw has 0 polygons
2026-03-17 01:41:19 +0100: Memory Usage (429548K) : pwell_pin has 0 polygons
2026-03-17 01:41:19 +0100: Memory Usage (429676K) : pwell_block has 0 polygons
2026-03-17 01:41:19 +0100: Memory Usage (429676K) : ic_drw has 0 polygons
2026-03-17 01:41:19 +0100: Memory Usage (429804K) : via3_drw has 0 polygons
2026-03-17 01:41:19 +0100: Memory Usage (429804K) : metal4_drw has 0 polygons
2026-03-17 01:41:19 +0100: Memory Usage (429932K) : metal4_pin has 0 polygons
2026-03-17 01:41:19 +0100: Memory Usage (429932K) : metal4_mask has 0 polygons
2026-03-17 01:41:19 +0100: Memory Usage (430060K) : metal4_filler has 0 polygons
2026-03-17 01:41:19 +0100: Memory Usage (430060K) : metal4_nofill has 0 polygons
2026-03-17 01:41:19 +0100: Memory Usage (430188K) : metal4_slit has 0 polygons
2026-03-17 01:41:19 +0100: Memory Usage (430188K) : metal4_text has 0 polygons
2026-03-17 01:41:19 +0100: Memory Usage (430316K) : metal4_opc has 0 polygons
2026-03-17 01:41:19 +0100: Memory Usage (430316K) : metal4_noqrc has 0 polygons
2026-03-17 01:41:19 +0100: Memory Usage (430444K) : metal4_res has 0 polygons
2026-03-17 01:41:19 +0100: Memory Usage (430444K) : metal4_iprobe has 0 polygons
2026-03-17 01:41:19 +0100: Memory Usage (430572K) : metal4_diffprb has 0 polygons
2026-03-17 01:41:19 +0100: Memory Usage (430572K) : heattrans_drw has 32 polygons
2026-03-17 01:41:19 +0100: Memory Usage (430700K) : heatres_drw has 0 polygons
2026-03-17 01:41:19 +0100: Memory Usage (430700K) : pempoly_drw has 0 polygons
2026-03-17 01:41:19 +0100: Memory Usage (430828K) : fbe_drw has 0 polygons
2026-03-17 01:41:19 +0100: Memory Usage (430828K) : empoly_drw has 0 polygons
2026-03-17 01:41:19 +0100: Memory Usage (430956K) : ldmos_drw has 0 polygons
2026-03-17 01:41:19 +0100: Memory Usage (430956K) : pbiwind_drw has 0 polygons
2026-03-17 01:41:19 +0100: Memory Usage (431084K) : digisub_drw has 0 polygons
2026-03-17 01:41:19 +0100: Memory Usage (431084K) : nodrc_drw has 0 polygons
2026-03-17 01:41:19 +0100: Memory Usage (431212K) : text_drw has 32 polygons
2026-03-17 01:41:19 +0100: Memory Usage (431212K) : via4_drw has 0 polygons
2026-03-17 01:41:19 +0100: Memory Usage (431340K) : metal5_drw has 0 polygons
2026-03-17 01:41:19 +0100: Memory Usage (431340K) : metal5_pin has 0 polygons
2026-03-17 01:41:19 +0100: Memory Usage (431468K) : metal5_mask has 0 polygons
2026-03-17 01:41:19 +0100: Memory Usage (431468K) : metal5_filler has 0 polygons
2026-03-17 01:41:19 +0100: Memory Usage (431596K) : metal5_nofill has 0 polygons
2026-03-17 01:41:19 +0100: Memory Usage (431596K) : metal5_slit has 0 polygons
2026-03-17 01:41:19 +0100: Memory Usage (431724K) : metal5_text has 0 polygons
2026-03-17 01:41:19 +0100: Memory Usage (431724K) : metal5_opc has 0 polygons
2026-03-17 01:41:19 +0100: Memory Usage (431852K) : metal5_noqrc has 0 polygons
2026-03-17 01:41:19 +0100: Memory Usage (431852K) : metal5_res has 0 polygons
2026-03-17 01:41:19 +0100: Memory Usage (431980K) : metal5_iprobe has 0 polygons
2026-03-17 01:41:19 +0100: Memory Usage (431980K) : metal5_diffprb has 0 polygons
2026-03-17 01:41:19 +0100: Memory Usage (432108K) : radhard_drw has 0 polygons
2026-03-17 01:41:19 +0100: Memory Usage (432108K) : memcap_drw has 0 polygons
2026-03-17 01:41:19 +0100: Memory Usage (432236K) : varicap_drw has 0 polygons
2026-03-17 01:41:19 +0100: Memory Usage (432236K) : flash_drw has 0 polygons
2026-03-17 01:41:19 +0100: Memory Usage (432364K) : intbondvia_drw has 0 polygons
2026-03-17 01:41:19 +0100: Memory Usage (432492K) : intbondmet_drw has 0 polygons
2026-03-17 01:41:19 +0100: Memory Usage (432492K) : devbondvia_drw has 0 polygons
2026-03-17 01:41:19 +0100: Memory Usage (432492K) : devbondmet_drw has 0 polygons
2026-03-17 01:41:19 +0100: Memory Usage (432492K) : devtrench_drw has 0 polygons
2026-03-17 01:41:19 +0100: Memory Usage (432492K) : redist_drw has 0 polygons
2026-03-17 01:41:19 +0100: Memory Usage (432492K) : graphbot_drw has 0 polygons
2026-03-17 01:41:19 +0100: Memory Usage (432492K) : graphtop_drw has 0 polygons
2026-03-17 01:41:19 +0100: Memory Usage (432492K) : antvia1_drw has 0 polygons
2026-03-17 01:41:19 +0100: Memory Usage (432492K) : antmetal2_drw has 0 polygons
2026-03-17 01:41:19 +0100: Memory Usage (432492K) : graphcont_drw has 0 polygons
2026-03-17 01:41:19 +0100: Memory Usage (432492K) : siwg_drw has 0 polygons
2026-03-17 01:41:19 +0100: Memory Usage (432492K) : siwg_filler has 0 polygons
2026-03-17 01:41:19 +0100: Memory Usage (432492K) : siwg_nofill has 0 polygons
2026-03-17 01:41:19 +0100: Memory Usage (432492K) : sigrating_drw has 0 polygons
2026-03-17 01:41:19 +0100: Memory Usage (432492K) : singrating_drw has 0 polygons
2026-03-17 01:41:19 +0100: Memory Usage (432492K) : graphpas_drw has 0 polygons
2026-03-17 01:41:19 +0100: Memory Usage (432492K) : emwind3_drw has 0 polygons
2026-03-17 01:41:19 +0100: Memory Usage (432492K) : emwihv3_drw has 0 polygons
2026-03-17 01:41:19 +0100: Memory Usage (432492K) : redbulay_drw has 0 polygons
2026-03-17 01:41:19 +0100: Memory Usage (432492K) : smos_drw has 0 polygons
2026-03-17 01:41:19 +0100: Memory Usage (432492K) : graphpad_drw has 0 polygons
2026-03-17 01:41:19 +0100: Memory Usage (432492K) : polimide_drw has 0 polygons
2026-03-17 01:41:19 +0100: Memory Usage (432492K) : polimide_pin has 0 polygons
2026-03-17 01:41:19 +0100: Memory Usage (432492K) : recog_drw has 0 polygons
2026-03-17 01:41:19 +0100: Memory Usage (432492K) : recog_pin has 0 polygons
2026-03-17 01:41:19 +0100: Memory Usage (432492K) : recog_esd has 0 polygons
2026-03-17 01:41:19 +0100: Memory Usage (432492K) : recog_diode has 0 polygons
2026-03-17 01:41:19 +0100: Memory Usage (432492K) : recog_tsv has 0 polygons
2026-03-17 01:41:19 +0100: Memory Usage (432492K) : recog_iprobe has 0 polygons
2026-03-17 01:41:19 +0100: Memory Usage (432492K) : recog_diffprb has 0 polygons
2026-03-17 01:41:19 +0100: Memory Usage (432492K) : recog_pillar has 0 polygons
2026-03-17 01:41:19 +0100: Memory Usage (432492K) : recog_sbump has 0 polygons
2026-03-17 01:41:19 +0100: Memory Usage (432492K) : recog_otp has 0 polygons
2026-03-17 01:41:19 +0100: Memory Usage (432492K) : recog_pdiode has 0 polygons
2026-03-17 01:41:19 +0100: Memory Usage (432492K) : recog_mom has 0 polygons
2026-03-17 01:41:19 +0100: Memory Usage (432492K) : recog_pcm has 0 polygons
2026-03-17 01:41:19 +0100: Memory Usage (432492K) : colopen_drw has 0 polygons
2026-03-17 01:41:19 +0100: Memory Usage (432492K) : graphmetal1_drw has 0 polygons
2026-03-17 01:41:19 +0100: Memory Usage (432492K) : graphmetal1_filler has 0 polygons
2026-03-17 01:41:19 +0100: Memory Usage (432492K) : graphmetal1_nofill has 0 polygons
2026-03-17 01:41:19 +0100: Memory Usage (432492K) : graphmetal1_slit has 0 polygons
2026-03-17 01:41:19 +0100: Memory Usage (432492K) : graphmetal1_opc has 0 polygons
2026-03-17 01:41:19 +0100: Memory Usage (432492K) : graphmet1l_drw has 0 polygons
2026-03-17 01:41:19 +0100: Memory Usage (432492K) : graphmet1l_filler has 0 polygons
2026-03-17 01:41:19 +0100: Memory Usage (432492K) : graphmet1l_nofill has 0 polygons
2026-03-17 01:41:19 +0100: Memory Usage (432492K) : graphmet1l_slit has 0 polygons
2026-03-17 01:41:19 +0100: Memory Usage (432492K) : graphmet1l_opc has 0 polygons
2026-03-17 01:41:19 +0100: Memory Usage (432492K) : extblock_drw has 0 polygons
2026-03-17 01:41:19 +0100: Memory Usage (432492K) : nldd_drw has 0 polygons
2026-03-17 01:41:19 +0100: Memory Usage (432492K) : pldd_drw has 0 polygons
2026-03-17 01:41:19 +0100: Memory Usage (432492K) : next_drw has 0 polygons
2026-03-17 01:41:19 +0100: Memory Usage (432492K) : pext_drw has 0 polygons
2026-03-17 01:41:19 +0100: Memory Usage (432492K) : nexthv_drw has 0 polygons
2026-03-17 01:41:19 +0100: Memory Usage (432492K) : pexthv_drw has 0 polygons
2026-03-17 01:41:19 +0100: Memory Usage (432492K) : graphgate_drw has 0 polygons
2026-03-17 01:41:19 +0100: Memory Usage (432492K) : sinwg_drw has 0 polygons
2026-03-17 01:41:19 +0100: Memory Usage (432492K) : sinwg_filler has 0 polygons
2026-03-17 01:41:19 +0100: Memory Usage (432620K) : sinwg_nofill has 0 polygons
2026-03-17 01:41:19 +0100: Memory Usage (432620K) : mempad_drw has 0 polygons
2026-03-17 01:41:19 +0100: Memory Usage (432748K) : topvia1_drw has 0 polygons
2026-03-17 01:41:19 +0100: Memory Usage (432748K) : topmetal1_drw has 0 polygons
2026-03-17 01:41:19 +0100: Memory Usage (432876K) : topmetal1_pin has 0 polygons
2026-03-17 01:41:19 +0100: Memory Usage (432876K) : topmetal1_mask has 0 polygons
2026-03-17 01:41:19 +0100: Memory Usage (433004K) : topmetal1_filler has 0 polygons
2026-03-17 01:41:19 +0100: Memory Usage (433004K) : topmetal1_nofill has 0 polygons
2026-03-17 01:41:19 +0100: Memory Usage (433132K) : topmetal1_slit has 0 polygons
2026-03-17 01:41:19 +0100: Memory Usage (433132K) : topmetal1_text has 0 polygons
2026-03-17 01:41:19 +0100: Memory Usage (433132K) : topmetal1_noqrc has 0 polygons
2026-03-17 01:41:19 +0100: Memory Usage (433260K) : topmetal1_res has 0 polygons
2026-03-17 01:41:19 +0100: Memory Usage (433388K) : topmetal1_iprobe has 0 polygons
2026-03-17 01:41:19 +0100: Memory Usage (433388K) : topmetal1_diffprb has 0 polygons
2026-03-17 01:41:19 +0100: Memory Usage (433516K) : inldpwl_drw has 0 polygons
2026-03-17 01:41:19 +0100: Memory Usage (433516K) : polyres_drw has 0 polygons
2026-03-17 01:41:19 +0100: Memory Usage (433644K) : polyres_pin has 0 polygons
2026-03-17 01:41:19 +0100: Memory Usage (433644K) : vmim_drw has 0 polygons
2026-03-17 01:41:19 +0100: Memory Usage (433772K) : nbulaycut_drw has 0 polygons
2026-03-17 01:41:19 +0100: Memory Usage (433772K) : antmetal1_drw has 0 polygons
2026-03-17 01:41:19 +0100: Memory Usage (433900K) : topvia2_drw has 0 polygons
2026-03-17 01:41:19 +0100: Memory Usage (433900K) : topmetal2_drw has 0 polygons
2026-03-17 01:41:19 +0100: Memory Usage (434028K) : topmetal2_pin has 0 polygons
2026-03-17 01:41:19 +0100: Memory Usage (434028K) : topmetal2_mask has 0 polygons
2026-03-17 01:41:19 +0100: Memory Usage (434156K) : topmetal2_filler has 0 polygons
2026-03-17 01:41:19 +0100: Memory Usage (434156K) : topmetal2_nofill has 0 polygons
2026-03-17 01:41:19 +0100: Memory Usage (434284K) : topmetal2_slit has 0 polygons
2026-03-17 01:41:19 +0100: Memory Usage (434284K) : topmetal2_text has 0 polygons
2026-03-17 01:41:19 +0100: Memory Usage (434412K) : topmetal2_noqrc has 0 polygons
2026-03-17 01:41:19 +0100: Memory Usage (434412K) : topmetal2_res has 0 polygons
2026-03-17 01:41:19 +0100: Memory Usage (434540K) : topmetal2_iprobe has 0 polygons
2026-03-17 01:41:19 +0100: Memory Usage (434540K) : topmetal2_diffprb has 0 polygons
2026-03-17 01:41:19 +0100: Memory Usage (434668K) : snsring_drw has 0 polygons
2026-03-17 01:41:19 +0100: Memory Usage (434668K) : sensor_drw has 0 polygons
2026-03-17 01:41:19 +0100: Memory Usage (434796K) : snsarms_drw has 0 polygons
2026-03-17 01:41:19 +0100: Memory Usage (434796K) : snscmosvia_drw has 0 polygons
2026-03-17 01:41:19 +0100: Memory Usage (434924K) : colwind_drw has 0 polygons
2026-03-17 01:41:19 +0100: Memory Usage (434924K) : flm_drw has 0 polygons
2026-03-17 01:41:19 +0100: Memory Usage (435052K) : hafniumox_drw has 0 polygons
2026-03-17 01:41:19 +0100: Memory Usage (435052K) : memvia_drw has 0 polygons
2026-03-17 01:41:19 +0100: Memory Usage (435180K) : thinfilmres_drw has 0 polygons
2026-03-17 01:41:19 +0100: Memory Usage (435180K) : rfmem_drw has 0 polygons
2026-03-17 01:41:19 +0100: Memory Usage (435308K) : norcx_drw has 0 polygons
2026-03-17 01:41:19 +0100: Memory Usage (435308K) : norcx_m2m3 has 0 polygons
2026-03-17 01:41:19 +0100: Memory Usage (435436K) : norcx_m2m4 has 0 polygons
2026-03-17 01:41:19 +0100: Memory Usage (435564K) : norcx_m2m5 has 0 polygons
2026-03-17 01:41:19 +0100: Memory Usage (435564K) : norcx_m2tm1 has 0 polygons
2026-03-17 01:41:19 +0100: Memory Usage (435564K) : norcx_m2tm2 has 0 polygons
2026-03-17 01:41:19 +0100: Memory Usage (435564K) : norcx_m3m4 has 0 polygons
2026-03-17 01:41:19 +0100: Memory Usage (435564K) : norcx_m3m5 has 0 polygons
2026-03-17 01:41:19 +0100: Memory Usage (435564K) : norcx_m3tm1 has 0 polygons
2026-03-17 01:41:19 +0100: Memory Usage (435564K) : norcx_m3tm2 has 0 polygons
2026-03-17 01:41:19 +0100: Memory Usage (435564K) : norcx_m4m5 has 0 polygons
2026-03-17 01:41:19 +0100: Memory Usage (435564K) : norcx_m4tm1 has 0 polygons
2026-03-17 01:41:19 +0100: Memory Usage (435564K) : norcx_m4tm2 has 0 polygons
2026-03-17 01:41:19 +0100: Memory Usage (435564K) : norcx_m5tm1 has 0 polygons
2026-03-17 01:41:19 +0100: Memory Usage (435564K) : norcx_m5tm2 has 0 polygons
2026-03-17 01:41:19 +0100: Memory Usage (435564K) : norcx_tm1tm2 has 0 polygons
2026-03-17 01:41:19 +0100: Memory Usage (435564K) : norcx_m1sub has 0 polygons
2026-03-17 01:41:19 +0100: Memory Usage (435564K) : norcx_m2sub has 0 polygons
2026-03-17 01:41:19 +0100: Memory Usage (435564K) : norcx_m3sub has 0 polygons
2026-03-17 01:41:19 +0100: Memory Usage (435564K) : norcx_m4sub has 0 polygons
2026-03-17 01:41:19 +0100: Memory Usage (435564K) : norcx_m5sub has 0 polygons
2026-03-17 01:41:19 +0100: Memory Usage (435564K) : norcx_tm1sub has 0 polygons
2026-03-17 01:41:19 +0100: Memory Usage (435564K) : norcx_tm2sub has 0 polygons
2026-03-17 01:41:19 +0100: Memory Usage (435564K) : snsbotvia_drw has 0 polygons
2026-03-17 01:41:19 +0100: Memory Usage (435564K) : snstopvia_drw has 0 polygons
2026-03-17 01:41:19 +0100: Memory Usage (435564K) : deepvia_drw has 0 polygons
2026-03-17 01:41:19 +0100: Memory Usage (435564K) : fgetch_drw has 0 polygons
2026-03-17 01:41:19 +0100: Memory Usage (435564K) : ctrgat_drw has 0 polygons
2026-03-17 01:41:19 +0100: Memory Usage (435564K) : fgimp_drw has 0 polygons
2026-03-17 01:41:19 +0100: Memory Usage (435564K) : emwihv_drw has 0 polygons
2026-03-17 01:41:19 +0100: Memory Usage (435564K) : lbe_drw has 0 polygons
2026-03-17 01:41:19 +0100: Memory Usage (435564K) : alcustop_drw has 0 polygons
2026-03-17 01:41:19 +0100: Memory Usage (435564K) : nometfiller_drw has 0 polygons
2026-03-17 01:41:19 +0100: Memory Usage (435564K) : prboundary_drw has 0 polygons
2026-03-17 01:41:19 +0100: Memory Usage (435564K) : exchange0_drw has 0 polygons
2026-03-17 01:41:19 +0100: Memory Usage (435564K) : exchange0_pin has 0 polygons
2026-03-17 01:41:19 +0100: Memory Usage (435564K) : exchange0_text has 0 polygons
2026-03-17 01:41:19 +0100: Memory Usage (435564K) : exchange1_drw has 0 polygons
2026-03-17 01:41:19 +0100: Memory Usage (435564K) : exchange1_pin has 0 polygons
2026-03-17 01:41:19 +0100: Memory Usage (435564K) : exchange1_text has 0 polygons
2026-03-17 01:41:19 +0100: Memory Usage (435564K) : exchange2_drw has 0 polygons
2026-03-17 01:41:19 +0100: Memory Usage (435564K) : exchange2_pin has 0 polygons
2026-03-17 01:41:19 +0100: Memory Usage (435564K) : exchange2_text has 0 polygons
2026-03-17 01:41:19 +0100: Memory Usage (435564K) : exchange3_drw has 0 polygons
2026-03-17 01:41:19 +0100: Memory Usage (435564K) : exchange3_pin has 0 polygons
2026-03-17 01:41:19 +0100: Memory Usage (435564K) : exchange3_text has 0 polygons
2026-03-17 01:41:19 +0100: Memory Usage (435564K) : exchange4_drw has 0 polygons
2026-03-17 01:41:19 +0100: Memory Usage (435564K) : exchange4_pin has 0 polygons
2026-03-17 01:41:19 +0100: Memory Usage (435564K) : exchange4_text has 0 polygons
2026-03-17 01:41:19 +0100: Memory Usage (435564K) : isonwell_drw has 0 polygons
2026-03-17 01:41:19 +0100: Memory Usage (435564K) : Total no. of polygons in the design is 1387
2026-03-17 01:41:19 +0100: Memory Usage (435564K) : Loaded TECH DRC rules values from /home/cmaier/.ciel/ciel/ihp-sg13g2/versions/c4b8b4e5e7a05f375cca3815d51b3a37721fbf5c/ihp-sg13g2/libs.tech/klayout/python/sg13g2_pycell_lib/sg13g2_tech_mod.json
2026-03-17 01:41:19 +0100: Memory Usage (435564K) : Loaded default DRC rules values from /home/cmaier/.ciel/ciel/ihp-sg13g2/versions/c4b8b4e5e7a05f375cca3815d51b3a37721fbf5c/ihp-sg13g2/libs.tech/klayout/tech/drc/rule_decks/sg13g2_tech_default.json
2026-03-17 01:41:19 +0100: Memory Usage (435564K) : The following rules values were missing in tech json and default values were used:
2026-03-17 01:41:19 +0100: Memory Usage (435564K) :   - Cnt_c_digibnd
2026-03-17 01:41:19 +0100: Memory Usage (436344K) : Total area of the design is 718.408 um^2.
2026-03-17 01:41:19 +0100: Memory Usage (436344K) : The design dimensions are 40.36 µm * 17.8 µm.
2026-03-17 01:41:19 +0100: Memory Usage (436344K) : Starting general IHP-SG13G2 derivations.
2026-03-17 01:41:19 +0100: Memory Usage (436344K) : Starting Pwell derivations
2026-03-17 01:41:19 +0100: Memory Usage (436344K) : Starting n-Activ derivations
2026-03-17 01:41:19 +0100: Memory Usage (437512K) : Starting p-Activ derivations
2026-03-17 01:41:19 +0100: Memory Usage (437512K) : Starting ptap derivations
2026-03-17 01:41:19 +0100: Memory Usage (437512K) : Starting ntap derivations
2026-03-17 01:41:19 +0100: Memory Usage (437512K) : Starting pact FET derivations
2026-03-17 01:41:19 +0100: Memory Usage (437512K) : Starting nact FET derivations
2026-03-17 01:41:19 +0100: Memory Usage (437512K) : Starting Gate derivations
2026-03-17 01:41:19 +0100: Memory Usage (437512K) : Starting cont/contbar general derivations
2026-03-17 01:41:19 +0100: Memory Usage (437512K) : Starting pad general derivations
2026-03-17 01:41:19 +0100: Memory Usage (437512K) : Starting IHP-SG13G2 DRC connectivity related derivations.
2026-03-17 01:41:19 +0100: Memory Usage (438152K) : Starting IHP-SG13G2 DRC connectivity setup
2026-03-17 01:41:19 +0100: Memory Usage (438424K) : Starting IHP-SG13G2 DRC rules.
2026-03-17 01:41:19 +0100: Memory Usage (438424K) : Running all FEOL rules
2026-03-17 01:41:19 +0100: Memory Usage (438424K) : Running all BEOL rules
2026-03-17 01:41:19 +0100: Memory Usage (438424K) : Running all PIN rules
2026-03-17 01:41:19 +0100: Memory Usage (438424K) : Running all FORBIDDEN rules
2026-03-17 01:41:19 +0100: Memory Usage (438424K) : Starting 5.1 NWell table
2026-03-17 01:41:19 +0100: Memory Usage (438424K) : Executing rule NW.b
2026-03-17 01:41:19 +0100: Memory Usage (438680K) : Executing rule NW.b1
2026-03-17 01:41:19 +0100: Memory Usage (438936K) : Starting 5.2 PWell:block
2026-03-17 01:41:19 +0100: Memory Usage (438936K) : Executing rule PWB.e
2026-03-17 01:41:19 +0100: Memory Usage (439376K) : Executing rule PWB.e1
2026-03-17 01:41:19 +0100: Memory Usage (439504K) : Executing rule PWB.f
2026-03-17 01:41:19 +0100: Memory Usage (439632K) : Executing rule PWB.f1
2026-03-17 01:41:19 +0100: Memory Usage (440272K) : Starting 5.3 nBuLay table
2026-03-17 01:41:19 +0100: Memory Usage (440272K) : Executing rule NBL.b
2026-03-17 01:41:19 +0100: Memory Usage (440272K) : Executing rule NBL.c
2026-03-17 01:41:19 +0100: Memory Usage (440272K) : Executing rule NBL.d
2026-03-17 01:41:19 +0100: Memory Usage (440272K) : Executing rule NBL.e
2026-03-17 01:41:19 +0100: Memory Usage (440272K) : Executing rule NBL.f
2026-03-17 01:41:19 +0100: Memory Usage (440272K) : Starting 5.5. Activ table
2026-03-17 01:41:19 +0100: Memory Usage (440272K) : Executing rule Act.a
2026-03-17 01:41:19 +0100: Memory Usage (440272K) : Executing rule Act.b
2026-03-17 01:41:19 +0100: Memory Usage (440568K) : Starting 5.6 Activ:filler table
2026-03-17 01:41:19 +0100: Memory Usage (440568K) : Executing rule AFil.c1
2026-03-17 01:41:19 +0100: Memory Usage (440568K) : Executing rule AFil.c
2026-03-17 01:41:19 +0100: Memory Usage (440568K) : Executing rule AFil.d
2026-03-17 01:41:19 +0100: Memory Usage (440568K) : Executing rule AFil.e
2026-03-17 01:41:19 +0100: Memory Usage (440568K) : Executing rule AFil.j
2026-03-17 01:41:19 +0100: Memory Usage (440568K) : Starting 5.7. ThickGateOx table
2026-03-17 01:41:19 +0100: Memory Usage (440568K) : Executing rule TGO.f
2026-03-17 01:41:19 +0100: Memory Usage (440568K) : Starting 5.8. GatPoly table
2026-03-17 01:41:19 +0100: Memory Usage (440568K) : Executing rule Gat.a
2026-03-17 01:41:19 +0100: Memory Usage (440568K) : Executing rule Gat.b
2026-03-17 01:41:19 +0100: Memory Usage (440568K) : Executing rule Gat.d
2026-03-17 01:41:19 +0100: Memory Usage (440568K) : Executing rule Gat.a1
2026-03-17 01:41:19 +0100: Memory Usage (440824K) : Executing rule Gat.a2
2026-03-17 01:41:19 +0100: Memory Usage (440824K) : Executing rule Gat.g
2026-03-17 01:41:19 +0100: Memory Usage (440992K) : Starting 5.9 GatPoly:filler
2026-03-17 01:41:19 +0100: Memory Usage (440992K) : Executing rule GFil.d
2026-03-17 01:41:19 +0100: Memory Usage (440992K) : Executing rule GFil.e
2026-03-17 01:41:19 +0100: Memory Usage (440992K) : Executing rule GFil.i
2026-03-17 01:41:19 +0100: Memory Usage (440992K) : Starting 5.10 pSD table
2026-03-17 01:41:19 +0100: Memory Usage (440992K) : Executing rule pSD.c1
2026-03-17 01:41:19 +0100: Memory Usage (440992K) : Starting 5.14. Cont table
2026-03-17 01:41:19 +0100: Memory Usage (440992K) : Executing rule Cnt.a
2026-03-17 01:41:19 +0100: Memory Usage (440992K) : Executing rule Cnt.b
2026-03-17 01:41:19 +0100: Memory Usage (440992K) : Executing rule Cnt.c
2026-03-17 01:41:19 +0100: Memory Usage (440992K) : Executing rule Cnt.c
2026-03-17 01:41:19 +0100: Memory Usage (440992K) : Executing rule Cnt.d
2026-03-17 01:41:19 +0100: Memory Usage (440992K) : Executing rule Cnt.e
2026-03-17 01:41:19 +0100: Memory Usage (440992K) : Executing rule Cnt.g1
2026-03-17 01:41:19 +0100: Memory Usage (440992K) : Executing rule Cnt.g2
2026-03-17 01:41:19 +0100: Memory Usage (440992K) : Starting 5.15. ContBar table
2026-03-17 01:41:19 +0100: Memory Usage (440992K) : Executing rule CntB.b1
2026-03-17 01:41:19 +0100: Memory Usage (440992K) : Executing rule CntB.h1
2026-03-17 01:41:19 +0100: Memory Usage (440992K) : Starting 6.1.3 NPN Substrate-Tie table
2026-03-17 01:41:19 +0100: Memory Usage (440992K) : Executing rule npn13G2.bR 
2026-03-17 01:41:19 +0100: Memory Usage (440992K) : Executing rule npn13G2L.cR 
2026-03-17 01:41:19 +0100: Memory Usage (440992K) : Executing rule npn13G2V.cR 
2026-03-17 01:41:19 +0100: Memory Usage (440992K) : Starting 6.7 Schottky diode table
2026-03-17 01:41:19 +0100: Memory Usage (440992K) : Executing rule Sdiod.d
2026-03-17 01:41:19 +0100: Memory Usage (440992K) : Executing rule Sdiod.e
2026-03-17 01:41:19 +0100: Memory Usage (440992K) : Starting 7.2 Latch-up table
2026-03-17 01:41:19 +0100: Memory Usage (440992K) : Executing rule LU.b
2026-03-17 01:41:19 +0100: Memory Usage (440992K) : Starting 5.16. Metal1 table
2026-03-17 01:41:19 +0100: Memory Usage (440992K) : Executing rule M1.a
2026-03-17 01:41:19 +0100: Memory Usage (440992K) : Executing rule M1.b
2026-03-17 01:41:19 +0100: Memory Usage (440992K) : Executing rule M1.e
2026-03-17 01:41:19 +0100: Memory Usage (440992K) : Executing rule M1.f
2026-03-17 01:41:19 +0100: Memory Usage (440992K) : Executing rule M1.g
2026-03-17 01:41:19 +0100: Memory Usage (440992K) : Executing rule M1.i
2026-03-17 01:41:19 +0100: Memory Usage (441156K) : Starting 5.17 Metaln table
2026-03-17 01:41:19 +0100: Memory Usage (441156K) : Executing rule M2.a
2026-03-17 01:41:19 +0100: Memory Usage (441156K) : Executing rule M2.b
2026-03-17 01:41:19 +0100: Memory Usage (441156K) : Executing rule M2.e
2026-03-17 01:41:19 +0100: Memory Usage (441156K) : Executing rule M2.f
2026-03-17 01:41:19 +0100: Memory Usage (441156K) : Executing rule M2.g
2026-03-17 01:41:20 +0100: Memory Usage (441156K) : Executing rule M2.i
2026-03-17 01:41:20 +0100: Memory Usage (441156K) : Executing rule M3.a
2026-03-17 01:41:20 +0100: Memory Usage (441156K) : Executing rule M3.b
2026-03-17 01:41:20 +0100: Memory Usage (441156K) : Executing rule M3.e
2026-03-17 01:41:20 +0100: Memory Usage (441156K) : Executing rule M3.f
2026-03-17 01:41:20 +0100: Memory Usage (441156K) : Executing rule M3.g
2026-03-17 01:41:20 +0100: Memory Usage (441156K) : Executing rule M3.i
2026-03-17 01:41:20 +0100: Memory Usage (441156K) : Executing rule M4.a
2026-03-17 01:41:20 +0100: Memory Usage (441156K) : Executing rule M4.b
2026-03-17 01:41:20 +0100: Memory Usage (441284K) : Executing rule M4.e
2026-03-17 01:41:20 +0100: Memory Usage (441540K) : Executing rule M4.f
2026-03-17 01:41:20 +0100: Memory Usage (441924K) : Executing rule M4.g
2026-03-17 01:41:20 +0100: Memory Usage (442308K) : Executing rule M4.i
2026-03-17 01:41:20 +0100: Memory Usage (442692K) : Executing rule M5.a
2026-03-17 01:41:20 +0100: Memory Usage (442820K) : Executing rule M5.b
2026-03-17 01:41:20 +0100: Memory Usage (442948K) : Executing rule M5.e
2026-03-17 01:41:20 +0100: Memory Usage (443204K) : Executing rule M5.f
2026-03-17 01:41:20 +0100: Memory Usage (443204K) : Executing rule M5.g
2026-03-17 01:41:20 +0100: Memory Usage (443204K) : Executing rule M5.i
2026-03-17 01:41:20 +0100: Memory Usage (443204K) : Starting 5.18 Metaln:filler table
2026-03-17 01:41:20 +0100: Memory Usage (443204K) : Executing rule M1Fil.c
2026-03-17 01:41:20 +0100: Memory Usage (443204K) : Executing rule M1Fil.a2
2026-03-17 01:41:20 +0100: Memory Usage (443204K) : Executing rule M2Fil.c
2026-03-17 01:41:20 +0100: Memory Usage (443204K) : Executing rule M2Fil.a2
2026-03-17 01:41:20 +0100: Memory Usage (443204K) : Executing rule M3Fil.c
2026-03-17 01:41:20 +0100: Memory Usage (443204K) : Executing rule M3Fil.a2
2026-03-17 01:41:20 +0100: Memory Usage (443204K) : Executing rule M4Fil.c
2026-03-17 01:41:20 +0100: Memory Usage (443204K) : Executing rule M4Fil.a2
2026-03-17 01:41:20 +0100: Memory Usage (443204K) : Executing rule M5Fil.c
2026-03-17 01:41:20 +0100: Memory Usage (443204K) : Executing rule M5Fil.a2
2026-03-17 01:41:20 +0100: Memory Usage (443204K) : Starting 5.19. Via1 table
2026-03-17 01:41:20 +0100: Memory Usage (443204K) : Starting 5.19. Via1 table derivations
2026-03-17 01:41:20 +0100: Memory Usage (443204K) : Executing rule V1.a
2026-03-17 01:41:20 +0100: Memory Usage (443204K) : Executing rule V1.b
2026-03-17 01:41:20 +0100: Memory Usage (443204K) : Executing rule V1.c
2026-03-17 01:41:20 +0100: Memory Usage (443204K) : Starting 5.20. Vian table
2026-03-17 01:41:20 +0100: Memory Usage (443204K) : Executing rule V2.a
2026-03-17 01:41:20 +0100: Memory Usage (443204K) : Executing rule V2.b
2026-03-17 01:41:20 +0100: Memory Usage (443204K) : Executing rule V2.c
2026-03-17 01:41:20 +0100: Memory Usage (443204K) : Executing rule V3.a
2026-03-17 01:41:20 +0100: Memory Usage (443204K) : Executing rule V3.b
2026-03-17 01:41:20 +0100: Memory Usage (443204K) : Executing rule V3.c
2026-03-17 01:41:20 +0100: Memory Usage (443204K) : Executing rule V4.a
2026-03-17 01:41:20 +0100: Memory Usage (443204K) : Executing rule V4.b
2026-03-17 01:41:20 +0100: Memory Usage (443204K) : Executing rule V4.c
2026-03-17 01:41:20 +0100: Memory Usage (443204K) : Starting 5.21. TopVia1 table
2026-03-17 01:41:20 +0100: Memory Usage (443204K) : Executing rule TV1.a
2026-03-17 01:41:20 +0100: Memory Usage (443204K) : Executing rule TV1.b
2026-03-17 01:41:20 +0100: Memory Usage (443204K) : Executing rule TV1.c
2026-03-17 01:41:20 +0100: Memory Usage (443204K) : Executing rule TV1.d
2026-03-17 01:41:20 +0100: Memory Usage (443204K) : Starting 5.22. TopMetal1 table
2026-03-17 01:41:20 +0100: Memory Usage (443204K) : Executing rule TM1.a
2026-03-17 01:41:20 +0100: Memory Usage (443204K) : Executing rule TM1.b
2026-03-17 01:41:20 +0100: Memory Usage (443204K) : Starting 5.23 TopMetal1:filler table
2026-03-17 01:41:20 +0100: Memory Usage (443204K) : Executing rule TM1Fil.c
2026-03-17 01:41:20 +0100: Memory Usage (443204K) : Executing rule TM1Fil.a1
2026-03-17 01:41:20 +0100: Memory Usage (443204K) : Starting 5.24. TopVia2 table
2026-03-17 01:41:20 +0100: Memory Usage (443204K) : Executing rule TV2.a
2026-03-17 01:41:20 +0100: Memory Usage (443204K) : Executing rule TV2.b
2026-03-17 01:41:20 +0100: Memory Usage (443204K) : Executing rule TV2.c
2026-03-17 01:41:20 +0100: Memory Usage (443204K) : Executing rule TV2.d
2026-03-17 01:41:20 +0100: Memory Usage (443204K) : Starting 5.25. TopMetal2 table
2026-03-17 01:41:20 +0100: Memory Usage (443204K) : Executing rule TM2.a
2026-03-17 01:41:20 +0100: Memory Usage (443204K) : Executing rule TM2.b
2026-03-17 01:41:20 +0100: Memory Usage (443204K) : Executing rule TM2.bR
2026-03-17 01:41:20 +0100: Memory Usage (443204K) : Starting 5.26 TopMetal2:filler table
2026-03-17 01:41:20 +0100: Memory Usage (443204K) : Executing rule TM2Fil.c
2026-03-17 01:41:20 +0100: Memory Usage (443204K) : Executing rule TM2Fil.a1
2026-03-17 01:41:20 +0100: Memory Usage (443204K) : Starting 5.27. Passiv table
2026-03-17 01:41:20 +0100: Memory Usage (443204K) : Executing rule Pas.a
2026-03-17 01:41:20 +0100: Memory Usage (443204K) : Executing rule Pas.b
2026-03-17 01:41:20 +0100: Memory Usage (443204K) : Executing rule Pas.c
2026-03-17 01:41:20 +0100: Memory Usage (443204K) : Starting 6.9.2 Copper Pillar table
2026-03-17 01:41:20 +0100: Memory Usage (443204K) : Executing rule Padc.a
2026-03-17 01:41:20 +0100: Memory Usage (443204K) : Executing rule Padc.b
2026-03-17 01:41:20 +0100: Memory Usage (443204K) : Executing rule Padc.c
2026-03-17 01:41:20 +0100: Memory Usage (443204K) : Executing rule Padb.f
2026-03-17 01:41:20 +0100: Memory Usage (443204K) : Starting 6.9 Pad table
2026-03-17 01:41:20 +0100: Memory Usage (443204K) : Executing rule Pad.m
2026-03-17 01:41:20 +0100: Memory Usage (443204K) : Executing rule Pad.fR_M1
2026-03-17 01:41:20 +0100: Memory Usage (443204K) : Executing rule Pad.fR_M2
2026-03-17 01:41:20 +0100: Memory Usage (443204K) : Executing rule Pad.fR_M3
2026-03-17 01:41:20 +0100: Memory Usage (443204K) : Executing rule Pad.fR_M4
2026-03-17 01:41:20 +0100: Memory Usage (443204K) : Executing rule Pad.fR_M5
2026-03-17 01:41:20 +0100: Memory Usage (443204K) : Executing rule Pad.fR_TM1
2026-03-17 01:41:20 +0100: Memory Usage (443204K) : Executing rule Pad.fR_TM2
2026-03-17 01:41:20 +0100: Memory Usage (443204K) : Executing rule Pad.i
2026-03-17 01:41:20 +0100: Memory Usage (443204K) : Starting 6.9.1 Solder Bump
2026-03-17 01:41:20 +0100: Memory Usage (443204K) : Executing rule Padb.a
2026-03-17 01:41:20 +0100: Memory Usage (443204K) : Executing rule Padb.b
2026-03-17 01:41:20 +0100: Memory Usage (443204K) : Executing rule Padb.c
2026-03-17 01:41:20 +0100: Memory Usage (443204K) : Executing rule Padb.f
2026-03-17 01:41:20 +0100: Memory Usage (443204K) : Executing rule Padb.d
2026-03-17 01:41:20 +0100: Memory Usage (443204K) : Starting 6.10 Sealring table
2026-03-17 01:41:20 +0100: Memory Usage (443204K) : Executing rule Seal.l
2026-03-17 01:41:20 +0100: Memory Usage (443204K) : Executing rule Seal.n
2026-03-17 01:41:20 +0100: Memory Usage (443204K) : Executing rule seal.b_metal1
2026-03-17 01:41:20 +0100: Memory Usage (443204K) : Executing rule seal.b_metal2
2026-03-17 01:41:20 +0100: Memory Usage (443204K) : Executing rule seal.b_metal3
2026-03-17 01:41:20 +0100: Memory Usage (443204K) : Executing rule seal.b_metal4
2026-03-17 01:41:20 +0100: Memory Usage (443204K) : Executing rule seal.b_metal5
2026-03-17 01:41:20 +0100: Memory Usage (443204K) : Executing rule seal.b_topmetal1
2026-03-17 01:41:20 +0100: Memory Usage (443204K) : Executing rule seal.b_topmetal2
2026-03-17 01:41:20 +0100: Memory Usage (443204K) : Executing rule seal.b_activ
2026-03-17 01:41:20 +0100: Memory Usage (443204K) : Executing rule seal.b_psd
2026-03-17 01:41:20 +0100: Memory Usage (443204K) : Executing rule Seal.k
2026-03-17 01:41:20 +0100: Memory Usage (443204K) : Executing rule Seal.m
2026-03-17 01:41:20 +0100: Memory Usage (443204K) : Starting 6.11 MIM table
2026-03-17 01:41:20 +0100: Memory Usage (443204K) : Executing rule MIM.c
2026-03-17 01:41:20 +0100: Memory Usage (443204K) : Executing rule MIM.d
2026-03-17 01:41:20 +0100: Memory Usage (443204K) : Executing rule MIM.gR
2026-03-17 01:41:20 +0100: Memory Usage (443204K) : Starting 7.3 Metal Slits table
2026-03-17 01:41:20 +0100: Memory Usage (443204K) : Executing rule Slt.e1_M1
2026-03-17 01:41:20 +0100: Memory Usage (443204K) : Executing rule Slt.e1_M2
2026-03-17 01:41:20 +0100: Memory Usage (443332K) : Executing rule Slt.e1_M3
2026-03-17 01:41:20 +0100: Memory Usage (443332K) : Executing rule Slt.e1_M4
2026-03-17 01:41:20 +0100: Memory Usage (443332K) : Executing rule Slt.e1_M5
2026-03-17 01:41:20 +0100: Memory Usage (443332K) : Executing rule Slt.e1_TM1
2026-03-17 01:41:20 +0100: Memory Usage (443332K) : Executing rule Slt.e1_TM2
2026-03-17 01:41:20 +0100: Memory Usage (443332K) : Starting 9.1. LBE table
2026-03-17 01:41:20 +0100: Memory Usage (443332K) : Executing rule LBE.a
2026-03-17 01:41:20 +0100: Memory Usage (443332K) : Executing rule LBE.b
2026-03-17 01:41:20 +0100: Memory Usage (443332K) : Executing rule LBE.b1
2026-03-17 01:41:20 +0100: Memory Usage (443460K) : Executing rule LBE.c
2026-03-17 01:41:20 +0100: Memory Usage (443460K) : Executing rule LBE.d
2026-03-17 01:41:20 +0100: Memory Usage (443460K) : Executing rule LBE.h
2026-03-17 01:41:20 +0100: Memory Usage (443460K) : Starting 7.4. PIN table
2026-03-17 01:41:20 +0100: Memory Usage (443460K) : Executing rule Pin.a
2026-03-17 01:41:20 +0100: Memory Usage (443460K) : Executing rule Pin.b
2026-03-17 01:41:20 +0100: Memory Usage (443460K) : Executing rule Pin.e
2026-03-17 01:41:20 +0100: Memory Usage (443460K) : Executing rule Pin.f_M2
2026-03-17 01:41:20 +0100: Memory Usage (443460K) : Executing rule Pin.f_M3
2026-03-17 01:41:20 +0100: Memory Usage (443588K) : Executing rule Pin.f_M4
2026-03-17 01:41:20 +0100: Memory Usage (443588K) : Executing rule Pin.f_M5
2026-03-17 01:41:20 +0100: Memory Usage (443588K) : Executing rule Pin.g
2026-03-17 01:41:20 +0100: Memory Usage (443588K) : Executing rule Pin.h
2026-03-17 01:41:20 +0100: Memory Usage (443588K) : Starting 3.2. FORBIDDEN table
2026-03-17 01:41:20 +0100: Memory Usage (443588K) : Executing rule forbidden.biwind
2026-03-17 01:41:20 +0100: Memory Usage (443588K) : Executing rule forbidden.pemwind
2026-03-17 01:41:20 +0100: Memory Usage (443588K) : Executing rule forbidden.baspoly
2026-03-17 01:41:20 +0100: Memory Usage (443588K) : Executing rule forbidden.deepco
2026-03-17 01:41:20 +0100: Memory Usage (443716K) : Executing rule forbidden.pempoly
2026-03-17 01:41:20 +0100: Memory Usage (443716K) : Executing rule forbidden.empoly
2026-03-17 01:41:20 +0100: Memory Usage (443716K) : Executing rule forbidden.ldmos
2026-03-17 01:41:20 +0100: Memory Usage (443716K) : Executing rule forbidden.pbiwind
2026-03-17 01:41:20 +0100: Memory Usage (443716K) : Executing rule forbidden.nodrc
2026-03-17 01:41:20 +0100: Memory Usage (443716K) : Executing rule forbidden.flash
2026-03-17 01:41:20 +0100: Memory Usage (443716K) : Executing rule forbidden.colwind
2026-03-17 01:41:20 +0100: Memory Usage (443716K) : KLayout DRC run for tables 'main' completed in 1.24 seconds
