# Logfile created on 2026-03-24 21:16:31 +0100 by logger.rb/v1.6.0
2026-03-24 21:16:31 +0100: Memory Usage (421832K) : Starting running IHP-SG13G2 KLayout DRC runset on /home/cmaier/EDA/PUDDING/gds/dac4x32module_top_pins_only.gds
2026-03-24 21:16:31 +0100: Memory Usage (421832K) : Ruby Version for klayout: 3.3.10
2026-03-24 21:16:31 +0100: Memory Usage (422936K) : Loading database to memory is complete.
2026-03-24 21:16:31 +0100: Memory Usage (422936K) : IHP-SG13G2 KLayout DRC runset output at: /home/cmaier/EDA/PUDDING/gds/drc_run_dac4x32module/dac4x32module_top_pins_only_dac4x32module_main.lyrdb
2026-03-24 21:16:31 +0100: Memory Usage (423080K) : Evaluate switches.
2026-03-24 21:16:31 +0100: Memory Usage (423080K) : tables selected: main
2026-03-24 21:16:31 +0100: Memory Usage (423080K) : KLayout will use 1 thread(s) in tiling mode.
2026-03-24 21:16:31 +0100: Memory Usage (423080K) : deep mode is enabled.
2026-03-24 21:16:31 +0100: Memory Usage (423080K) : FEOL enabled: true
2026-03-24 21:16:31 +0100: Memory Usage (423080K) : BEOL enabled: true
2026-03-24 21:16:31 +0100: Memory Usage (423080K) : OFFGRID enabled: true
2026-03-24 21:16:31 +0100: Memory Usage (423080K) : PIN enabled: true
2026-03-24 21:16:31 +0100: Memory Usage (423080K) : FORBIDDEN enabled: true
2026-03-24 21:16:31 +0100: Memory Usage (423080K) : RECOMMENDED enabled: true
2026-03-24 21:16:31 +0100: Memory Usage (423080K) : PreCheck DRC enabled: false
2026-03-24 21:16:31 +0100: Memory Usage (423080K) : CONNECTIVITY_RULES enabled: true.
2026-03-24 21:16:31 +0100: Memory Usage (423080K) : Read in polygons from layers.
2026-03-24 21:16:31 +0100: Memory Usage (424408K) : activ_drw has 2192 polygons
2026-03-24 21:16:31 +0100: Memory Usage (424408K) : activ_pin has 0 polygons
2026-03-24 21:16:31 +0100: Memory Usage (424408K) : activ_mask has 0 polygons
2026-03-24 21:16:31 +0100: Memory Usage (424408K) : activ_filler has 0 polygons
2026-03-24 21:16:31 +0100: Memory Usage (424408K) : activ_nofill has 0 polygons
2026-03-24 21:16:31 +0100: Memory Usage (424408K) : activ_opc has 0 polygons
2026-03-24 21:16:31 +0100: Memory Usage (424408K) : activ_iopc has 0 polygons
2026-03-24 21:16:31 +0100: Memory Usage (424408K) : activ_noqrc has 0 polygons
2026-03-24 21:16:31 +0100: Memory Usage (424408K) : biwind_drw has 0 polygons
2026-03-24 21:16:31 +0100: Memory Usage (424664K) : biwind_opc has 0 polygons
2026-03-24 21:16:31 +0100: Memory Usage (424664K) : pemwind_drw has 0 polygons
2026-03-24 21:16:31 +0100: Memory Usage (424664K) : gatpoly_drw has 2256 polygons
2026-03-24 21:16:31 +0100: Memory Usage (424664K) : gatpoly_pin has 0 polygons
2026-03-24 21:16:31 +0100: Memory Usage (424664K) : gatpoly_filler has 0 polygons
2026-03-24 21:16:31 +0100: Memory Usage (424664K) : gatpoly_nofill has 0 polygons
2026-03-24 21:16:31 +0100: Memory Usage (424664K) : gatpoly_opc has 0 polygons
2026-03-24 21:16:31 +0100: Memory Usage (424664K) : gatpoly_iopc has 0 polygons
2026-03-24 21:16:31 +0100: Memory Usage (424664K) : gatpoly_noqrc has 0 polygons
2026-03-24 21:16:31 +0100: Memory Usage (424664K) : cont_drw has 15760 polygons
2026-03-24 21:16:31 +0100: Memory Usage (424664K) : cont_opc has 0 polygons
2026-03-24 21:16:31 +0100: Memory Usage (424664K) : nsd_drw has 0 polygons
2026-03-24 21:16:31 +0100: Memory Usage (424792K) : nsd_block has 0 polygons
2026-03-24 21:16:31 +0100: Memory Usage (424792K) : metal1_drw has 7721 polygons
2026-03-24 21:16:31 +0100: Memory Usage (424920K) : metal1_pin has 0 polygons
2026-03-24 21:16:31 +0100: Memory Usage (424920K) : metal1_mask has 0 polygons
2026-03-24 21:16:31 +0100: Memory Usage (425048K) : metal1_filler has 0 polygons
2026-03-24 21:16:31 +0100: Memory Usage (425048K) : metal1_nofill has 0 polygons
2026-03-24 21:16:31 +0100: Memory Usage (425176K) : metal1_slit has 0 polygons
2026-03-24 21:16:31 +0100: Memory Usage (425176K) : metal1_text has 0 polygons
2026-03-24 21:16:31 +0100: Memory Usage (425304K) : metal1_opc has 0 polygons
2026-03-24 21:16:31 +0100: Memory Usage (425304K) : metal1_noqrc has 0 polygons
2026-03-24 21:16:31 +0100: Memory Usage (425304K) : metal1_res has 0 polygons
2026-03-24 21:16:31 +0100: Memory Usage (425432K) : metal1_iprobe has 0 polygons
2026-03-24 21:16:31 +0100: Memory Usage (425432K) : metal1_diffprb has 0 polygons
2026-03-24 21:16:31 +0100: Memory Usage (425432K) : passiv_drw has 0 polygons
2026-03-24 21:16:31 +0100: Memory Usage (425432K) : passiv_pin has 0 polygons
2026-03-24 21:16:31 +0100: Memory Usage (425432K) : passiv_sbump has 0 polygons
2026-03-24 21:16:31 +0100: Memory Usage (425432K) : passiv_pillar has 0 polygons
2026-03-24 21:16:31 +0100: Memory Usage (425432K) : passiv_pdl has 0 polygons
2026-03-24 21:16:31 +0100: Memory Usage (425560K) : metal2_drw has 3220 polygons
2026-03-24 21:16:31 +0100: Memory Usage (425560K) : metal2_pin has 288 polygons
2026-03-24 21:16:31 +0100: Memory Usage (425560K) : metal2_mask has 0 polygons
2026-03-24 21:16:31 +0100: Memory Usage (425560K) : metal2_filler has 0 polygons
2026-03-24 21:16:31 +0100: Memory Usage (425688K) : metal2_nofill has 0 polygons
2026-03-24 21:16:31 +0100: Memory Usage (425688K) : metal2_slit has 0 polygons
2026-03-24 21:16:31 +0100: Memory Usage (425876K) : metal2_text has 288 polygons
2026-03-24 21:16:31 +0100: Memory Usage (425876K) : metal2_opc has 0 polygons
2026-03-24 21:16:31 +0100: Memory Usage (426004K) : metal2_noqrc has 0 polygons
2026-03-24 21:16:31 +0100: Memory Usage (426004K) : metal2_res has 0 polygons
2026-03-24 21:16:31 +0100: Memory Usage (426132K) : metal2_iprobe has 0 polygons
2026-03-24 21:16:31 +0100: Memory Usage (426132K) : metal2_diffprb has 0 polygons
2026-03-24 21:16:31 +0100: Memory Usage (426132K) : baspoly_drw has 0 polygons
2026-03-24 21:16:31 +0100: Memory Usage (426132K) : baspoly_pin has 0 polygons
2026-03-24 21:16:31 +0100: Memory Usage (426132K) : psd_drw has 631 polygons
2026-03-24 21:16:31 +0100: Memory Usage (426132K) : nldb_drw has 0 polygons
2026-03-24 21:16:31 +0100: Memory Usage (426132K) : digibnd_drw has 0 polygons
2026-03-24 21:16:31 +0100: Memory Usage (426132K) : via1_drw has 3350 polygons
2026-03-24 21:16:31 +0100: Memory Usage (426132K) : backmetal1_drw has 0 polygons
2026-03-24 21:16:31 +0100: Memory Usage (426260K) : backmetal1_pin has 0 polygons
2026-03-24 21:16:31 +0100: Memory Usage (426260K) : backmetal1_mask has 0 polygons
2026-03-24 21:16:31 +0100: Memory Usage (426388K) : backmetal1_filler has 0 polygons
2026-03-24 21:16:31 +0100: Memory Usage (426388K) : backmetal1_nofill has 0 polygons
2026-03-24 21:16:31 +0100: Memory Usage (426516K) : backmetal1_slit has 0 polygons
2026-03-24 21:16:31 +0100: Memory Usage (426516K) : backmetal1_text has 0 polygons
2026-03-24 21:16:31 +0100: Memory Usage (426644K) : backmetal1_opc has 0 polygons
2026-03-24 21:16:31 +0100: Memory Usage (426644K) : backmetal1_noqrc has 0 polygons
2026-03-24 21:16:31 +0100: Memory Usage (426772K) : backmetal1_res has 0 polygons
2026-03-24 21:16:31 +0100: Memory Usage (426772K) : backmetal1_iprobe has 0 polygons
2026-03-24 21:16:31 +0100: Memory Usage (426900K) : backmetal1_diffprb has 0 polygons
2026-03-24 21:16:31 +0100: Memory Usage (426900K) : backpassiv_drw has 0 polygons
2026-03-24 21:16:31 +0100: Memory Usage (427028K) : res_drw has 0 polygons
2026-03-24 21:16:31 +0100: Memory Usage (427028K) : sram_drw has 0 polygons
2026-03-24 21:16:31 +0100: Memory Usage (427156K) : trans_drw has 0 polygons
2026-03-24 21:16:31 +0100: Memory Usage (427156K) : ind_drw has 0 polygons
2026-03-24 21:16:31 +0100: Memory Usage (427284K) : ind_pin has 0 polygons
2026-03-24 21:16:31 +0100: Memory Usage (427284K) : ind_text has 0 polygons
2026-03-24 21:16:31 +0100: Memory Usage (427412K) : salblock_drw has 0 polygons
2026-03-24 21:16:31 +0100: Memory Usage (427412K) : via2_drw has 1926 polygons
2026-03-24 21:16:31 +0100: Memory Usage (427540K) : metal3_drw has 1456 polygons
2026-03-24 21:16:31 +0100: Memory Usage (427540K) : metal3_pin has 15 polygons
2026-03-24 21:16:31 +0100: Memory Usage (427668K) : metal3_mask has 0 polygons
2026-03-24 21:16:31 +0100: Memory Usage (427668K) : metal3_filler has 0 polygons
2026-03-24 21:16:31 +0100: Memory Usage (427796K) : metal3_nofill has 0 polygons
2026-03-24 21:16:31 +0100: Memory Usage (427796K) : metal3_slit has 0 polygons
2026-03-24 21:16:31 +0100: Memory Usage (427924K) : metal3_text has 15 polygons
2026-03-24 21:16:31 +0100: Memory Usage (427924K) : metal3_opc has 0 polygons
2026-03-24 21:16:31 +0100: Memory Usage (427924K) : metal3_noqrc has 0 polygons
2026-03-24 21:16:31 +0100: Memory Usage (428052K) : metal3_res has 0 polygons
2026-03-24 21:16:31 +0100: Memory Usage (428052K) : metal3_iprobe has 0 polygons
2026-03-24 21:16:31 +0100: Memory Usage (428180K) : metal3_diffprb has 0 polygons
2026-03-24 21:16:31 +0100: Memory Usage (428180K) : nwell_drw has 633 polygons
2026-03-24 21:16:31 +0100: Memory Usage (428564K) : nwell_pin has 0 polygons
2026-03-24 21:16:31 +0100: Memory Usage (428564K) : nbulay_drw has 0 polygons
2026-03-24 21:16:31 +0100: Memory Usage (428692K) : nbulay_pin has 0 polygons
2026-03-24 21:16:31 +0100: Memory Usage (428692K) : nbulay_block has 0 polygons
2026-03-24 21:16:31 +0100: Memory Usage (428692K) : emwind_drw has 0 polygons
2026-03-24 21:16:31 +0100: Memory Usage (428692K) : emwind_opc has 0 polygons
2026-03-24 21:16:31 +0100: Memory Usage (428692K) : deepco_drw has 0 polygons
2026-03-24 21:16:31 +0100: Memory Usage (428692K) : deepco_drw has 0 polygons
2026-03-24 21:16:31 +0100: Memory Usage (428820K) : mim_drw has 0 polygons
2026-03-24 21:16:31 +0100: Memory Usage (428820K) : edgeseal_drw has 0 polygons
2026-03-24 21:16:31 +0100: Memory Usage (428948K) : edgeseal_bound has 0 polygons
2026-03-24 21:16:31 +0100: Memory Usage (428948K) : substrate_drw has 32 polygons
2026-03-24 21:16:31 +0100: Memory Usage (429076K) : substrate_text has 0 polygons
2026-03-24 21:16:31 +0100: Memory Usage (429076K) : dfpad_drw has 0 polygons
2026-03-24 21:16:31 +0100: Memory Usage (429204K) : dfpad_pillar has 0 polygons
2026-03-24 21:16:31 +0100: Memory Usage (429204K) : dfpad_sbump has 0 polygons
2026-03-24 21:16:31 +0100: Memory Usage (429332K) : thickgateox_drw has 37 polygons
2026-03-24 21:16:31 +0100: Memory Usage (429332K) : pldb_drw has 0 polygons
2026-03-24 21:16:31 +0100: Memory Usage (429460K) : pwell_drw has 0 polygons
2026-03-24 21:16:31 +0100: Memory Usage (429460K) : pwell_pin has 0 polygons
2026-03-24 21:16:31 +0100: Memory Usage (429588K) : pwell_block has 0 polygons
2026-03-24 21:16:31 +0100: Memory Usage (429588K) : ic_drw has 0 polygons
2026-03-24 21:16:31 +0100: Memory Usage (429716K) : via3_drw has 1728 polygons
2026-03-24 21:16:31 +0100: Memory Usage (429716K) : metal4_drw has 90 polygons
2026-03-24 21:16:31 +0100: Memory Usage (429844K) : metal4_pin has 0 polygons
2026-03-24 21:16:31 +0100: Memory Usage (429844K) : metal4_mask has 0 polygons
2026-03-24 21:16:31 +0100: Memory Usage (429972K) : metal4_filler has 0 polygons
2026-03-24 21:16:31 +0100: Memory Usage (429972K) : metal4_nofill has 0 polygons
2026-03-24 21:16:31 +0100: Memory Usage (430100K) : metal4_slit has 0 polygons
2026-03-24 21:16:31 +0100: Memory Usage (430100K) : metal4_text has 0 polygons
2026-03-24 21:16:31 +0100: Memory Usage (430228K) : metal4_opc has 0 polygons
2026-03-24 21:16:31 +0100: Memory Usage (430228K) : metal4_noqrc has 0 polygons
2026-03-24 21:16:31 +0100: Memory Usage (430356K) : metal4_res has 0 polygons
2026-03-24 21:16:31 +0100: Memory Usage (430356K) : metal4_iprobe has 0 polygons
2026-03-24 21:16:31 +0100: Memory Usage (430484K) : metal4_diffprb has 0 polygons
2026-03-24 21:16:31 +0100: Memory Usage (430484K) : heattrans_drw has 32 polygons
2026-03-24 21:16:31 +0100: Memory Usage (430612K) : heatres_drw has 0 polygons
2026-03-24 21:16:31 +0100: Memory Usage (430612K) : pempoly_drw has 0 polygons
2026-03-24 21:16:31 +0100: Memory Usage (430740K) : fbe_drw has 0 polygons
2026-03-24 21:16:31 +0100: Memory Usage (430740K) : empoly_drw has 0 polygons
2026-03-24 21:16:31 +0100: Memory Usage (430868K) : ldmos_drw has 0 polygons
2026-03-24 21:16:31 +0100: Memory Usage (430868K) : pbiwind_drw has 0 polygons
2026-03-24 21:16:31 +0100: Memory Usage (430996K) : digisub_drw has 0 polygons
2026-03-24 21:16:31 +0100: Memory Usage (430996K) : nodrc_drw has 0 polygons
2026-03-24 21:16:31 +0100: Memory Usage (431124K) : text_drw has 0 polygons
2026-03-24 21:16:31 +0100: Memory Usage (431124K) : via4_drw has 3456 polygons
2026-03-24 21:16:31 +0100: Memory Usage (431252K) : metal5_drw has 20 polygons
2026-03-24 21:16:31 +0100: Memory Usage (431252K) : metal5_pin has 2 polygons
2026-03-24 21:16:31 +0100: Memory Usage (431380K) : metal5_mask has 0 polygons
2026-03-24 21:16:31 +0100: Memory Usage (431380K) : metal5_filler has 0 polygons
2026-03-24 21:16:31 +0100: Memory Usage (431508K) : metal5_nofill has 0 polygons
2026-03-24 21:16:31 +0100: Memory Usage (431508K) : metal5_slit has 0 polygons
2026-03-24 21:16:31 +0100: Memory Usage (431636K) : metal5_text has 2 polygons
2026-03-24 21:16:31 +0100: Memory Usage (431636K) : metal5_opc has 0 polygons
2026-03-24 21:16:31 +0100: Memory Usage (431764K) : metal5_noqrc has 0 polygons
2026-03-24 21:16:31 +0100: Memory Usage (431764K) : metal5_res has 0 polygons
2026-03-24 21:16:31 +0100: Memory Usage (431892K) : metal5_iprobe has 0 polygons
2026-03-24 21:16:31 +0100: Memory Usage (431892K) : metal5_diffprb has 0 polygons
2026-03-24 21:16:31 +0100: Memory Usage (432020K) : radhard_drw has 0 polygons
2026-03-24 21:16:31 +0100: Memory Usage (432020K) : memcap_drw has 0 polygons
2026-03-24 21:16:31 +0100: Memory Usage (432148K) : varicap_drw has 0 polygons
2026-03-24 21:16:31 +0100: Memory Usage (432148K) : flash_drw has 0 polygons
2026-03-24 21:16:31 +0100: Memory Usage (432276K) : intbondvia_drw has 0 polygons
2026-03-24 21:16:31 +0100: Memory Usage (432404K) : intbondmet_drw has 0 polygons
2026-03-24 21:16:31 +0100: Memory Usage (432404K) : devbondvia_drw has 0 polygons
2026-03-24 21:16:31 +0100: Memory Usage (432404K) : devbondmet_drw has 0 polygons
2026-03-24 21:16:31 +0100: Memory Usage (432404K) : devtrench_drw has 0 polygons
2026-03-24 21:16:31 +0100: Memory Usage (432404K) : redist_drw has 0 polygons
2026-03-24 21:16:31 +0100: Memory Usage (432404K) : graphbot_drw has 0 polygons
2026-03-24 21:16:31 +0100: Memory Usage (432404K) : graphtop_drw has 0 polygons
2026-03-24 21:16:31 +0100: Memory Usage (432404K) : antvia1_drw has 0 polygons
2026-03-24 21:16:31 +0100: Memory Usage (432404K) : antmetal2_drw has 0 polygons
2026-03-24 21:16:31 +0100: Memory Usage (432404K) : graphcont_drw has 0 polygons
2026-03-24 21:16:31 +0100: Memory Usage (432404K) : siwg_drw has 0 polygons
2026-03-24 21:16:31 +0100: Memory Usage (432404K) : siwg_filler has 0 polygons
2026-03-24 21:16:31 +0100: Memory Usage (432404K) : siwg_nofill has 0 polygons
2026-03-24 21:16:31 +0100: Memory Usage (432404K) : sigrating_drw has 0 polygons
2026-03-24 21:16:31 +0100: Memory Usage (432404K) : singrating_drw has 0 polygons
2026-03-24 21:16:31 +0100: Memory Usage (432404K) : graphpas_drw has 0 polygons
2026-03-24 21:16:31 +0100: Memory Usage (432404K) : emwind3_drw has 0 polygons
2026-03-24 21:16:31 +0100: Memory Usage (432404K) : emwihv3_drw has 0 polygons
2026-03-24 21:16:31 +0100: Memory Usage (432404K) : redbulay_drw has 0 polygons
2026-03-24 21:16:31 +0100: Memory Usage (432404K) : smos_drw has 0 polygons
2026-03-24 21:16:32 +0100: Memory Usage (432404K) : graphpad_drw has 0 polygons
2026-03-24 21:16:32 +0100: Memory Usage (432404K) : polimide_drw has 0 polygons
2026-03-24 21:16:32 +0100: Memory Usage (432404K) : polimide_pin has 0 polygons
2026-03-24 21:16:32 +0100: Memory Usage (432404K) : recog_drw has 0 polygons
2026-03-24 21:16:32 +0100: Memory Usage (432404K) : recog_pin has 0 polygons
2026-03-24 21:16:32 +0100: Memory Usage (432404K) : recog_esd has 0 polygons
2026-03-24 21:16:32 +0100: Memory Usage (432404K) : recog_diode has 0 polygons
2026-03-24 21:16:32 +0100: Memory Usage (432404K) : recog_tsv has 0 polygons
2026-03-24 21:16:32 +0100: Memory Usage (432404K) : recog_iprobe has 0 polygons
2026-03-24 21:16:32 +0100: Memory Usage (432404K) : recog_diffprb has 0 polygons
2026-03-24 21:16:32 +0100: Memory Usage (432404K) : recog_pillar has 0 polygons
2026-03-24 21:16:32 +0100: Memory Usage (432404K) : recog_sbump has 0 polygons
2026-03-24 21:16:32 +0100: Memory Usage (432404K) : recog_otp has 0 polygons
2026-03-24 21:16:32 +0100: Memory Usage (432404K) : recog_pdiode has 0 polygons
2026-03-24 21:16:32 +0100: Memory Usage (432404K) : recog_mom has 0 polygons
2026-03-24 21:16:32 +0100: Memory Usage (432404K) : recog_pcm has 0 polygons
2026-03-24 21:16:32 +0100: Memory Usage (432404K) : colopen_drw has 0 polygons
2026-03-24 21:16:32 +0100: Memory Usage (432404K) : graphmetal1_drw has 0 polygons
2026-03-24 21:16:32 +0100: Memory Usage (432404K) : graphmetal1_filler has 0 polygons
2026-03-24 21:16:32 +0100: Memory Usage (432404K) : graphmetal1_nofill has 0 polygons
2026-03-24 21:16:32 +0100: Memory Usage (432404K) : graphmetal1_slit has 0 polygons
2026-03-24 21:16:32 +0100: Memory Usage (432404K) : graphmetal1_opc has 0 polygons
2026-03-24 21:16:32 +0100: Memory Usage (432404K) : graphmet1l_drw has 0 polygons
2026-03-24 21:16:32 +0100: Memory Usage (432404K) : graphmet1l_filler has 0 polygons
2026-03-24 21:16:32 +0100: Memory Usage (432404K) : graphmet1l_nofill has 0 polygons
2026-03-24 21:16:32 +0100: Memory Usage (432404K) : graphmet1l_slit has 0 polygons
2026-03-24 21:16:32 +0100: Memory Usage (432404K) : graphmet1l_opc has 0 polygons
2026-03-24 21:16:32 +0100: Memory Usage (432404K) : extblock_drw has 0 polygons
2026-03-24 21:16:32 +0100: Memory Usage (432404K) : nldd_drw has 0 polygons
2026-03-24 21:16:32 +0100: Memory Usage (432404K) : pldd_drw has 0 polygons
2026-03-24 21:16:32 +0100: Memory Usage (432404K) : next_drw has 0 polygons
2026-03-24 21:16:32 +0100: Memory Usage (432404K) : pext_drw has 0 polygons
2026-03-24 21:16:32 +0100: Memory Usage (432404K) : nexthv_drw has 0 polygons
2026-03-24 21:16:32 +0100: Memory Usage (432404K) : pexthv_drw has 0 polygons
2026-03-24 21:16:32 +0100: Memory Usage (432404K) : graphgate_drw has 0 polygons
2026-03-24 21:16:32 +0100: Memory Usage (432404K) : sinwg_drw has 0 polygons
2026-03-24 21:16:32 +0100: Memory Usage (432532K) : sinwg_filler has 0 polygons
2026-03-24 21:16:32 +0100: Memory Usage (432532K) : sinwg_nofill has 0 polygons
2026-03-24 21:16:32 +0100: Memory Usage (432660K) : mempad_drw has 0 polygons
2026-03-24 21:16:32 +0100: Memory Usage (432660K) : topvia1_drw has 0 polygons
2026-03-24 21:16:32 +0100: Memory Usage (432788K) : topmetal1_drw has 0 polygons
2026-03-24 21:16:32 +0100: Memory Usage (432788K) : topmetal1_pin has 0 polygons
2026-03-24 21:16:32 +0100: Memory Usage (432916K) : topmetal1_mask has 0 polygons
2026-03-24 21:16:32 +0100: Memory Usage (432916K) : topmetal1_filler has 0 polygons
2026-03-24 21:16:32 +0100: Memory Usage (433044K) : topmetal1_nofill has 0 polygons
2026-03-24 21:16:32 +0100: Memory Usage (433044K) : topmetal1_slit has 0 polygons
2026-03-24 21:16:32 +0100: Memory Usage (433172K) : topmetal1_text has 0 polygons
2026-03-24 21:16:32 +0100: Memory Usage (433172K) : topmetal1_noqrc has 0 polygons
2026-03-24 21:16:32 +0100: Memory Usage (433300K) : topmetal1_res has 0 polygons
2026-03-24 21:16:32 +0100: Memory Usage (433300K) : topmetal1_iprobe has 0 polygons
2026-03-24 21:16:32 +0100: Memory Usage (433428K) : topmetal1_diffprb has 0 polygons
2026-03-24 21:16:32 +0100: Memory Usage (433428K) : inldpwl_drw has 0 polygons
2026-03-24 21:16:32 +0100: Memory Usage (433556K) : polyres_drw has 0 polygons
2026-03-24 21:16:32 +0100: Memory Usage (433556K) : polyres_pin has 0 polygons
2026-03-24 21:16:32 +0100: Memory Usage (433684K) : vmim_drw has 0 polygons
2026-03-24 21:16:32 +0100: Memory Usage (433684K) : nbulaycut_drw has 0 polygons
2026-03-24 21:16:32 +0100: Memory Usage (433812K) : antmetal1_drw has 0 polygons
2026-03-24 21:16:32 +0100: Memory Usage (433812K) : topvia2_drw has 0 polygons
2026-03-24 21:16:32 +0100: Memory Usage (433940K) : topmetal2_drw has 0 polygons
2026-03-24 21:16:32 +0100: Memory Usage (433940K) : topmetal2_pin has 0 polygons
2026-03-24 21:16:32 +0100: Memory Usage (434068K) : topmetal2_mask has 0 polygons
2026-03-24 21:16:32 +0100: Memory Usage (434068K) : topmetal2_filler has 0 polygons
2026-03-24 21:16:32 +0100: Memory Usage (434196K) : topmetal2_nofill has 0 polygons
2026-03-24 21:16:32 +0100: Memory Usage (434196K) : topmetal2_slit has 0 polygons
2026-03-24 21:16:32 +0100: Memory Usage (434324K) : topmetal2_text has 0 polygons
2026-03-24 21:16:32 +0100: Memory Usage (434324K) : topmetal2_noqrc has 0 polygons
2026-03-24 21:16:32 +0100: Memory Usage (434452K) : topmetal2_res has 0 polygons
2026-03-24 21:16:32 +0100: Memory Usage (434452K) : topmetal2_iprobe has 0 polygons
2026-03-24 21:16:32 +0100: Memory Usage (434580K) : topmetal2_diffprb has 0 polygons
2026-03-24 21:16:32 +0100: Memory Usage (434580K) : snsring_drw has 0 polygons
2026-03-24 21:16:32 +0100: Memory Usage (434708K) : sensor_drw has 0 polygons
2026-03-24 21:16:32 +0100: Memory Usage (434708K) : snsarms_drw has 0 polygons
2026-03-24 21:16:32 +0100: Memory Usage (434836K) : snscmosvia_drw has 0 polygons
2026-03-24 21:16:32 +0100: Memory Usage (434836K) : colwind_drw has 0 polygons
2026-03-24 21:16:32 +0100: Memory Usage (434964K) : flm_drw has 0 polygons
2026-03-24 21:16:32 +0100: Memory Usage (434964K) : hafniumox_drw has 0 polygons
2026-03-24 21:16:32 +0100: Memory Usage (435092K) : memvia_drw has 0 polygons
2026-03-24 21:16:32 +0100: Memory Usage (435092K) : thinfilmres_drw has 0 polygons
2026-03-24 21:16:32 +0100: Memory Usage (435220K) : rfmem_drw has 0 polygons
2026-03-24 21:16:32 +0100: Memory Usage (435220K) : norcx_drw has 0 polygons
2026-03-24 21:16:32 +0100: Memory Usage (435348K) : norcx_m2m3 has 0 polygons
2026-03-24 21:16:32 +0100: Memory Usage (435348K) : norcx_m2m4 has 0 polygons
2026-03-24 21:16:32 +0100: Memory Usage (435604K) : norcx_m2m5 has 0 polygons
2026-03-24 21:16:32 +0100: Memory Usage (435604K) : norcx_m2tm1 has 0 polygons
2026-03-24 21:16:32 +0100: Memory Usage (435604K) : norcx_m2tm2 has 0 polygons
2026-03-24 21:16:32 +0100: Memory Usage (435604K) : norcx_m3m4 has 0 polygons
2026-03-24 21:16:32 +0100: Memory Usage (435604K) : norcx_m3m5 has 0 polygons
2026-03-24 21:16:32 +0100: Memory Usage (435604K) : norcx_m3tm1 has 0 polygons
2026-03-24 21:16:32 +0100: Memory Usage (435604K) : norcx_m3tm2 has 0 polygons
2026-03-24 21:16:32 +0100: Memory Usage (435604K) : norcx_m4m5 has 0 polygons
2026-03-24 21:16:32 +0100: Memory Usage (435604K) : norcx_m4tm1 has 0 polygons
2026-03-24 21:16:32 +0100: Memory Usage (435604K) : norcx_m4tm2 has 0 polygons
2026-03-24 21:16:32 +0100: Memory Usage (435604K) : norcx_m5tm1 has 0 polygons
2026-03-24 21:16:32 +0100: Memory Usage (435604K) : norcx_m5tm2 has 0 polygons
2026-03-24 21:16:32 +0100: Memory Usage (435604K) : norcx_tm1tm2 has 0 polygons
2026-03-24 21:16:32 +0100: Memory Usage (435604K) : norcx_m1sub has 0 polygons
2026-03-24 21:16:32 +0100: Memory Usage (435604K) : norcx_m2sub has 0 polygons
2026-03-24 21:16:32 +0100: Memory Usage (435604K) : norcx_m3sub has 0 polygons
2026-03-24 21:16:32 +0100: Memory Usage (435604K) : norcx_m4sub has 0 polygons
2026-03-24 21:16:32 +0100: Memory Usage (435604K) : norcx_m5sub has 0 polygons
2026-03-24 21:16:32 +0100: Memory Usage (435604K) : norcx_tm1sub has 0 polygons
2026-03-24 21:16:32 +0100: Memory Usage (435604K) : norcx_tm2sub has 0 polygons
2026-03-24 21:16:32 +0100: Memory Usage (435604K) : snsbotvia_drw has 0 polygons
2026-03-24 21:16:32 +0100: Memory Usage (435604K) : snstopvia_drw has 0 polygons
2026-03-24 21:16:32 +0100: Memory Usage (435604K) : deepvia_drw has 0 polygons
2026-03-24 21:16:32 +0100: Memory Usage (435604K) : fgetch_drw has 0 polygons
2026-03-24 21:16:32 +0100: Memory Usage (435604K) : ctrgat_drw has 0 polygons
2026-03-24 21:16:32 +0100: Memory Usage (435604K) : fgimp_drw has 0 polygons
2026-03-24 21:16:32 +0100: Memory Usage (435604K) : emwihv_drw has 0 polygons
2026-03-24 21:16:32 +0100: Memory Usage (435604K) : lbe_drw has 0 polygons
2026-03-24 21:16:32 +0100: Memory Usage (435604K) : alcustop_drw has 0 polygons
2026-03-24 21:16:32 +0100: Memory Usage (435604K) : nometfiller_drw has 0 polygons
2026-03-24 21:16:32 +0100: Memory Usage (435604K) : prboundary_drw has 0 polygons
2026-03-24 21:16:32 +0100: Memory Usage (435604K) : exchange0_drw has 0 polygons
2026-03-24 21:16:32 +0100: Memory Usage (435604K) : exchange0_pin has 0 polygons
2026-03-24 21:16:32 +0100: Memory Usage (435604K) : exchange0_text has 0 polygons
2026-03-24 21:16:32 +0100: Memory Usage (435604K) : exchange1_drw has 0 polygons
2026-03-24 21:16:32 +0100: Memory Usage (435604K) : exchange1_pin has 0 polygons
2026-03-24 21:16:32 +0100: Memory Usage (435604K) : exchange1_text has 0 polygons
2026-03-24 21:16:32 +0100: Memory Usage (435604K) : exchange2_drw has 0 polygons
2026-03-24 21:16:32 +0100: Memory Usage (435604K) : exchange2_pin has 0 polygons
2026-03-24 21:16:32 +0100: Memory Usage (435604K) : exchange2_text has 0 polygons
2026-03-24 21:16:32 +0100: Memory Usage (435604K) : exchange3_drw has 0 polygons
2026-03-24 21:16:32 +0100: Memory Usage (435604K) : exchange3_pin has 0 polygons
2026-03-24 21:16:32 +0100: Memory Usage (435604K) : exchange3_text has 0 polygons
2026-03-24 21:16:32 +0100: Memory Usage (435604K) : exchange4_drw has 0 polygons
2026-03-24 21:16:32 +0100: Memory Usage (435604K) : exchange4_pin has 0 polygons
2026-03-24 21:16:32 +0100: Memory Usage (435604K) : exchange4_text has 0 polygons
2026-03-24 21:16:32 +0100: Memory Usage (435604K) : isonwell_drw has 0 polygons
2026-03-24 21:16:32 +0100: Memory Usage (435604K) : Total no. of polygons in the design is 45150
2026-03-24 21:16:32 +0100: Memory Usage (435604K) : Loaded TECH DRC rules values from /home/cmaier/.ciel/ciel/ihp-sg13g2/versions/c4b8b4e5e7a05f375cca3815d51b3a37721fbf5c/ihp-sg13g2/libs.tech/klayout/python/sg13g2_pycell_lib/sg13g2_tech_mod.json
2026-03-24 21:16:32 +0100: Memory Usage (435604K) : Loaded default DRC rules values from /home/cmaier/.ciel/ciel/ihp-sg13g2/versions/c4b8b4e5e7a05f375cca3815d51b3a37721fbf5c/ihp-sg13g2/libs.tech/klayout/tech/drc/rule_decks/sg13g2_tech_default.json
2026-03-24 21:16:32 +0100: Memory Usage (435604K) : The following rules values were missing in tech json and default values were used:
2026-03-24 21:16:32 +0100: Memory Usage (435604K) :   - Cnt_c_digibnd
2026-03-24 21:16:32 +0100: Memory Usage (436420K) : Total area of the design is 8146.593 um^2.
2026-03-24 21:16:32 +0100: Memory Usage (436420K) : The design dimensions are 308.7 µm * 26.39 µm.
2026-03-24 21:16:32 +0100: Memory Usage (436420K) : Starting general IHP-SG13G2 derivations.
2026-03-24 21:16:32 +0100: Memory Usage (436420K) : Starting Pwell derivations
2026-03-24 21:16:32 +0100: Memory Usage (437968K) : Starting n-Activ derivations
2026-03-24 21:16:32 +0100: Memory Usage (437968K) : Starting p-Activ derivations
2026-03-24 21:16:32 +0100: Memory Usage (437968K) : Starting ptap derivations
2026-03-24 21:16:32 +0100: Memory Usage (438096K) : Starting ntap derivations
2026-03-24 21:16:32 +0100: Memory Usage (438096K) : Starting pact FET derivations
2026-03-24 21:16:32 +0100: Memory Usage (438096K) : Starting nact FET derivations
2026-03-24 21:16:32 +0100: Memory Usage (438096K) : Starting Gate derivations
2026-03-24 21:16:32 +0100: Memory Usage (438096K) : Starting cont/contbar general derivations
2026-03-24 21:16:32 +0100: Memory Usage (438096K) : Starting pad general derivations
2026-03-24 21:16:32 +0100: Memory Usage (438096K) : Starting IHP-SG13G2 DRC connectivity related derivations.
2026-03-24 21:16:32 +0100: Memory Usage (438352K) : Starting IHP-SG13G2 DRC connectivity setup
2026-03-24 21:16:32 +0100: Memory Usage (438608K) : Starting IHP-SG13G2 DRC rules.
2026-03-24 21:16:32 +0100: Memory Usage (438608K) : Running all FEOL rules
2026-03-24 21:16:32 +0100: Memory Usage (438608K) : Running all BEOL rules
2026-03-24 21:16:32 +0100: Memory Usage (438608K) : Running all PIN rules
2026-03-24 21:16:32 +0100: Memory Usage (438608K) : Running all FORBIDDEN rules
2026-03-24 21:16:32 +0100: Memory Usage (438608K) : Starting 5.1 NWell table
2026-03-24 21:16:32 +0100: Memory Usage (438608K) : Executing rule NW.b
2026-03-24 21:16:32 +0100: Memory Usage (440372K) : Executing rule NW.b1
2026-03-24 21:16:32 +0100: Memory Usage (440372K) : Starting 5.2 PWell:block
2026-03-24 21:16:32 +0100: Memory Usage (440372K) : Executing rule PWB.e
2026-03-24 21:16:32 +0100: Memory Usage (440372K) : Executing rule PWB.e1
2026-03-24 21:16:32 +0100: Memory Usage (440372K) : Executing rule PWB.f
2026-03-24 21:16:32 +0100: Memory Usage (440372K) : Executing rule PWB.f1
2026-03-24 21:16:32 +0100: Memory Usage (440372K) : Starting 5.3 nBuLay table
2026-03-24 21:16:32 +0100: Memory Usage (440372K) : Executing rule NBL.b
2026-03-24 21:16:32 +0100: Memory Usage (440372K) : Executing rule NBL.c
2026-03-24 21:16:32 +0100: Memory Usage (440372K) : Executing rule NBL.d
2026-03-24 21:16:32 +0100: Memory Usage (440372K) : Executing rule NBL.e
2026-03-24 21:16:32 +0100: Memory Usage (440372K) : Executing rule NBL.f
2026-03-24 21:16:32 +0100: Memory Usage (440372K) : Starting 5.5. Activ table
2026-03-24 21:16:32 +0100: Memory Usage (440372K) : Executing rule Act.a
2026-03-24 21:16:32 +0100: Memory Usage (440372K) : Executing rule Act.b
2026-03-24 21:16:32 +0100: Memory Usage (440508K) : Starting 5.6 Activ:filler table
2026-03-24 21:16:32 +0100: Memory Usage (440508K) : Executing rule AFil.c1
2026-03-24 21:16:32 +0100: Memory Usage (440508K) : Executing rule AFil.c
2026-03-24 21:16:32 +0100: Memory Usage (440508K) : Executing rule AFil.d
2026-03-24 21:16:32 +0100: Memory Usage (440508K) : Executing rule AFil.e
2026-03-24 21:16:32 +0100: Memory Usage (440508K) : Executing rule AFil.j
2026-03-24 21:16:32 +0100: Memory Usage (440508K) : Starting 5.7. ThickGateOx table
2026-03-24 21:16:32 +0100: Memory Usage (440508K) : Executing rule TGO.f
2026-03-24 21:16:32 +0100: Memory Usage (440508K) : Starting 5.8. GatPoly table
2026-03-24 21:16:32 +0100: Memory Usage (440508K) : Executing rule Gat.a
2026-03-24 21:16:32 +0100: Memory Usage (440508K) : Executing rule Gat.b
2026-03-24 21:16:32 +0100: Memory Usage (440508K) : Executing rule Gat.d
2026-03-24 21:16:32 +0100: Memory Usage (440508K) : Executing rule Gat.a1
2026-03-24 21:16:32 +0100: Memory Usage (440920K) : Executing rule Gat.a2
2026-03-24 21:16:32 +0100: Memory Usage (440920K) : Executing rule Gat.g
2026-03-24 21:16:32 +0100: Memory Usage (441080K) : Starting 5.9 GatPoly:filler
2026-03-24 21:16:32 +0100: Memory Usage (441080K) : Executing rule GFil.d
2026-03-24 21:16:32 +0100: Memory Usage (441080K) : Executing rule GFil.e
2026-03-24 21:16:32 +0100: Memory Usage (441080K) : Executing rule GFil.i
2026-03-24 21:16:32 +0100: Memory Usage (441080K) : Starting 5.10 pSD table
2026-03-24 21:16:32 +0100: Memory Usage (441080K) : Executing rule pSD.c1
2026-03-24 21:16:32 +0100: Memory Usage (441080K) : Starting 5.14. Cont table
2026-03-24 21:16:32 +0100: Memory Usage (441080K) : Executing rule Cnt.a
2026-03-24 21:16:32 +0100: Memory Usage (441080K) : Executing rule Cnt.b
2026-03-24 21:16:32 +0100: Memory Usage (441080K) : Executing rule Cnt.c
2026-03-24 21:16:32 +0100: Memory Usage (441080K) : Executing rule Cnt.c
2026-03-24 21:16:32 +0100: Memory Usage (441080K) : Executing rule Cnt.d
2026-03-24 21:16:32 +0100: Memory Usage (441080K) : Executing rule Cnt.e
2026-03-24 21:16:32 +0100: Memory Usage (441080K) : Executing rule Cnt.g1
2026-03-24 21:16:32 +0100: Memory Usage (441080K) : Executing rule Cnt.g2
2026-03-24 21:16:32 +0100: Memory Usage (441080K) : Starting 5.15. ContBar table
2026-03-24 21:16:32 +0100: Memory Usage (441080K) : Executing rule CntB.b1
2026-03-24 21:16:32 +0100: Memory Usage (441080K) : Executing rule CntB.h1
2026-03-24 21:16:32 +0100: Memory Usage (441080K) : Starting 6.1.3 NPN Substrate-Tie table
2026-03-24 21:16:32 +0100: Memory Usage (441080K) : Executing rule npn13G2.bR 
2026-03-24 21:16:32 +0100: Memory Usage (441080K) : Executing rule npn13G2L.cR 
2026-03-24 21:16:32 +0100: Memory Usage (441080K) : Executing rule npn13G2V.cR 
2026-03-24 21:16:32 +0100: Memory Usage (441080K) : Starting 6.7 Schottky diode table
2026-03-24 21:16:32 +0100: Memory Usage (441080K) : Executing rule Sdiod.d
2026-03-24 21:16:32 +0100: Memory Usage (441080K) : Executing rule Sdiod.e
2026-03-24 21:16:32 +0100: Memory Usage (441080K) : Starting 7.2 Latch-up table
2026-03-24 21:16:32 +0100: Memory Usage (441080K) : Executing rule LU.b
2026-03-24 21:16:33 +0100: Memory Usage (441080K) : Starting 5.16. Metal1 table
2026-03-24 21:16:33 +0100: Memory Usage (441080K) : Executing rule M1.a
2026-03-24 21:16:33 +0100: Memory Usage (441080K) : Executing rule M1.b
2026-03-24 21:16:33 +0100: Memory Usage (441208K) : Executing rule M1.e
2026-03-24 21:16:33 +0100: Memory Usage (441208K) : Executing rule M1.f
2026-03-24 21:16:33 +0100: Memory Usage (441208K) : Executing rule M1.g
2026-03-24 21:16:33 +0100: Memory Usage (441208K) : Executing rule M1.i
2026-03-24 21:16:33 +0100: Memory Usage (441208K) : Starting 5.17 Metaln table
2026-03-24 21:16:33 +0100: Memory Usage (441208K) : Executing rule M2.a
2026-03-24 21:16:33 +0100: Memory Usage (441208K) : Executing rule M2.b
2026-03-24 21:16:33 +0100: Memory Usage (441208K) : Executing rule M2.e
2026-03-24 21:16:33 +0100: Memory Usage (441208K) : Executing rule M2.f
2026-03-24 21:16:33 +0100: Memory Usage (441208K) : Executing rule M2.g
2026-03-24 21:16:33 +0100: Memory Usage (441208K) : Executing rule M2.i
2026-03-24 21:16:33 +0100: Memory Usage (441208K) : Executing rule M3.a
2026-03-24 21:16:33 +0100: Memory Usage (441208K) : Executing rule M3.b
2026-03-24 21:16:33 +0100: Memory Usage (441208K) : Executing rule M3.e
2026-03-24 21:16:33 +0100: Memory Usage (441208K) : Executing rule M3.f
2026-03-24 21:16:33 +0100: Memory Usage (441208K) : Executing rule M3.g
2026-03-24 21:16:33 +0100: Memory Usage (441208K) : Executing rule M3.i
2026-03-24 21:16:33 +0100: Memory Usage (441208K) : Executing rule M4.a
2026-03-24 21:16:33 +0100: Memory Usage (441208K) : Executing rule M4.b
2026-03-24 21:16:33 +0100: Memory Usage (441208K) : Executing rule M4.e
2026-03-24 21:16:33 +0100: Memory Usage (441208K) : Executing rule M4.f
2026-03-24 21:16:33 +0100: Memory Usage (441208K) : Executing rule M4.g
2026-03-24 21:16:33 +0100: Memory Usage (441208K) : Executing rule M4.i
2026-03-24 21:16:33 +0100: Memory Usage (441208K) : Executing rule M5.a
2026-03-24 21:16:33 +0100: Memory Usage (441208K) : Executing rule M5.b
2026-03-24 21:16:33 +0100: Memory Usage (441208K) : Executing rule M5.e
2026-03-24 21:16:33 +0100: Memory Usage (441208K) : Executing rule M5.f
2026-03-24 21:16:33 +0100: Memory Usage (441208K) : Executing rule M5.g
2026-03-24 21:16:33 +0100: Memory Usage (441208K) : Executing rule M5.i
2026-03-24 21:16:33 +0100: Memory Usage (441208K) : Starting 5.18 Metaln:filler table
2026-03-24 21:16:33 +0100: Memory Usage (441208K) : Executing rule M1Fil.c
2026-03-24 21:16:33 +0100: Memory Usage (441208K) : Executing rule M1Fil.a2
2026-03-24 21:16:33 +0100: Memory Usage (441208K) : Executing rule M2Fil.c
2026-03-24 21:16:33 +0100: Memory Usage (441208K) : Executing rule M2Fil.a2
2026-03-24 21:16:33 +0100: Memory Usage (441208K) : Executing rule M3Fil.c
2026-03-24 21:16:33 +0100: Memory Usage (441208K) : Executing rule M3Fil.a2
2026-03-24 21:16:33 +0100: Memory Usage (441208K) : Executing rule M4Fil.c
2026-03-24 21:16:33 +0100: Memory Usage (441208K) : Executing rule M4Fil.a2
2026-03-24 21:16:33 +0100: Memory Usage (441208K) : Executing rule M5Fil.c
2026-03-24 21:16:33 +0100: Memory Usage (441208K) : Executing rule M5Fil.a2
2026-03-24 21:16:33 +0100: Memory Usage (441208K) : Starting 5.19. Via1 table
2026-03-24 21:16:33 +0100: Memory Usage (441208K) : Starting 5.19. Via1 table derivations
2026-03-24 21:16:33 +0100: Memory Usage (441208K) : Executing rule V1.a
2026-03-24 21:16:33 +0100: Memory Usage (441208K) : Executing rule V1.b
2026-03-24 21:16:33 +0100: Memory Usage (441208K) : Executing rule V1.c
2026-03-24 21:16:33 +0100: Memory Usage (441208K) : Starting 5.20. Vian table
2026-03-24 21:16:33 +0100: Memory Usage (441208K) : Executing rule V2.a
2026-03-24 21:16:33 +0100: Memory Usage (441464K) : Executing rule V2.b
2026-03-24 21:16:33 +0100: Memory Usage (441720K) : Executing rule V2.c
2026-03-24 21:16:33 +0100: Memory Usage (441976K) : Executing rule V3.a
2026-03-24 21:16:33 +0100: Memory Usage (442232K) : Executing rule V3.b
2026-03-24 21:16:33 +0100: Memory Usage (442360K) : Executing rule V3.c
2026-03-24 21:16:33 +0100: Memory Usage (442616K) : Executing rule V4.a
2026-03-24 21:16:33 +0100: Memory Usage (442872K) : Executing rule V4.b
2026-03-24 21:16:33 +0100: Memory Usage (443128K) : Executing rule V4.c
2026-03-24 21:16:33 +0100: Memory Usage (443256K) : Starting 5.21. TopVia1 table
2026-03-24 21:16:33 +0100: Memory Usage (443256K) : Executing rule TV1.a
2026-03-24 21:16:33 +0100: Memory Usage (443512K) : Executing rule TV1.b
2026-03-24 21:16:33 +0100: Memory Usage (443640K) : Executing rule TV1.c
2026-03-24 21:16:33 +0100: Memory Usage (443768K) : Executing rule TV1.d
2026-03-24 21:16:33 +0100: Memory Usage (443896K) : Starting 5.22. TopMetal1 table
2026-03-24 21:16:33 +0100: Memory Usage (443896K) : Executing rule TM1.a
2026-03-24 21:16:33 +0100: Memory Usage (443896K) : Executing rule TM1.b
2026-03-24 21:16:33 +0100: Memory Usage (443896K) : Starting 5.23 TopMetal1:filler table
2026-03-24 21:16:33 +0100: Memory Usage (443896K) : Executing rule TM1Fil.c
2026-03-24 21:16:33 +0100: Memory Usage (443896K) : Executing rule TM1Fil.a1
2026-03-24 21:16:33 +0100: Memory Usage (443896K) : Starting 5.24. TopVia2 table
2026-03-24 21:16:33 +0100: Memory Usage (443896K) : Executing rule TV2.a
2026-03-24 21:16:33 +0100: Memory Usage (443896K) : Executing rule TV2.b
2026-03-24 21:16:33 +0100: Memory Usage (443896K) : Executing rule TV2.c
2026-03-24 21:16:33 +0100: Memory Usage (443896K) : Executing rule TV2.d
2026-03-24 21:16:33 +0100: Memory Usage (443896K) : Starting 5.25. TopMetal2 table
2026-03-24 21:16:33 +0100: Memory Usage (443896K) : Executing rule TM2.a
2026-03-24 21:16:33 +0100: Memory Usage (443896K) : Executing rule TM2.b
2026-03-24 21:16:33 +0100: Memory Usage (443896K) : Executing rule TM2.bR
2026-03-24 21:16:33 +0100: Memory Usage (443896K) : Starting 5.26 TopMetal2:filler table
2026-03-24 21:16:33 +0100: Memory Usage (443896K) : Executing rule TM2Fil.c
2026-03-24 21:16:33 +0100: Memory Usage (443896K) : Executing rule TM2Fil.a1
2026-03-24 21:16:33 +0100: Memory Usage (443896K) : Starting 5.27. Passiv table
2026-03-24 21:16:33 +0100: Memory Usage (443896K) : Executing rule Pas.a
2026-03-24 21:16:33 +0100: Memory Usage (443896K) : Executing rule Pas.b
2026-03-24 21:16:33 +0100: Memory Usage (443896K) : Executing rule Pas.c
2026-03-24 21:16:33 +0100: Memory Usage (443896K) : Starting 6.9.2 Copper Pillar table
2026-03-24 21:16:33 +0100: Memory Usage (443896K) : Executing rule Padc.a
2026-03-24 21:16:33 +0100: Memory Usage (443896K) : Executing rule Padc.b
2026-03-24 21:16:33 +0100: Memory Usage (443896K) : Executing rule Padc.c
2026-03-24 21:16:33 +0100: Memory Usage (443896K) : Executing rule Padb.f
2026-03-24 21:16:33 +0100: Memory Usage (443896K) : Starting 6.9 Pad table
2026-03-24 21:16:33 +0100: Memory Usage (443896K) : Executing rule Pad.m
2026-03-24 21:16:33 +0100: Memory Usage (443896K) : Executing rule Pad.fR_M1
2026-03-24 21:16:33 +0100: Memory Usage (443896K) : Executing rule Pad.fR_M2
2026-03-24 21:16:33 +0100: Memory Usage (443896K) : Executing rule Pad.fR_M3
2026-03-24 21:16:33 +0100: Memory Usage (443896K) : Executing rule Pad.fR_M4
2026-03-24 21:16:34 +0100: Memory Usage (443896K) : Executing rule Pad.fR_M5
2026-03-24 21:16:34 +0100: Memory Usage (443896K) : Executing rule Pad.fR_TM1
2026-03-24 21:16:34 +0100: Memory Usage (443896K) : Executing rule Pad.fR_TM2
2026-03-24 21:16:34 +0100: Memory Usage (443896K) : Executing rule Pad.i
2026-03-24 21:16:34 +0100: Memory Usage (443896K) : Starting 6.9.1 Solder Bump
2026-03-24 21:16:34 +0100: Memory Usage (443896K) : Executing rule Padb.a
2026-03-24 21:16:34 +0100: Memory Usage (443896K) : Executing rule Padb.b
2026-03-24 21:16:34 +0100: Memory Usage (443896K) : Executing rule Padb.c
2026-03-24 21:16:34 +0100: Memory Usage (443896K) : Executing rule Padb.f
2026-03-24 21:16:34 +0100: Memory Usage (443896K) : Executing rule Padb.d
2026-03-24 21:16:34 +0100: Memory Usage (443896K) : Starting 6.10 Sealring table
2026-03-24 21:16:34 +0100: Memory Usage (443896K) : Executing rule Seal.l
2026-03-24 21:16:34 +0100: Memory Usage (443896K) : Executing rule Seal.n
2026-03-24 21:16:34 +0100: Memory Usage (443896K) : Executing rule seal.b_metal1
2026-03-24 21:16:34 +0100: Memory Usage (443896K) : Executing rule seal.b_metal2
2026-03-24 21:16:34 +0100: Memory Usage (443896K) : Executing rule seal.b_metal3
2026-03-24 21:16:34 +0100: Memory Usage (443896K) : Executing rule seal.b_metal4
2026-03-24 21:16:34 +0100: Memory Usage (443896K) : Executing rule seal.b_metal5
2026-03-24 21:16:34 +0100: Memory Usage (443896K) : Executing rule seal.b_topmetal1
2026-03-24 21:16:34 +0100: Memory Usage (443896K) : Executing rule seal.b_topmetal2
2026-03-24 21:16:34 +0100: Memory Usage (444024K) : Executing rule seal.b_activ
2026-03-24 21:16:34 +0100: Memory Usage (444024K) : Executing rule seal.b_psd
2026-03-24 21:16:34 +0100: Memory Usage (444024K) : Executing rule Seal.k
2026-03-24 21:16:34 +0100: Memory Usage (444280K) : Executing rule Seal.m
2026-03-24 21:16:34 +0100: Memory Usage (444536K) : Starting 6.11 MIM table
2026-03-24 21:16:34 +0100: Memory Usage (444536K) : Executing rule MIM.c
2026-03-24 21:16:34 +0100: Memory Usage (444792K) : Executing rule MIM.d
2026-03-24 21:16:34 +0100: Memory Usage (444920K) : Executing rule MIM.gR
2026-03-24 21:16:34 +0100: Memory Usage (444920K) : Starting 7.3 Metal Slits table
2026-03-24 21:16:34 +0100: Memory Usage (444920K) : Executing rule Slt.e1_M1
2026-03-24 21:16:34 +0100: Memory Usage (445176K) : Executing rule Slt.e1_M2
2026-03-24 21:16:34 +0100: Memory Usage (445304K) : Executing rule Slt.e1_M3
2026-03-24 21:16:34 +0100: Memory Usage (445432K) : Executing rule Slt.e1_M4
2026-03-24 21:16:34 +0100: Memory Usage (445560K) : Executing rule Slt.e1_M5
2026-03-24 21:16:34 +0100: Memory Usage (445816K) : Executing rule Slt.e1_TM1
2026-03-24 21:16:34 +0100: Memory Usage (445944K) : Executing rule Slt.e1_TM2
2026-03-24 21:16:34 +0100: Memory Usage (446072K) : Starting 9.1. LBE table
2026-03-24 21:16:34 +0100: Memory Usage (446200K) : Executing rule LBE.a
2026-03-24 21:16:34 +0100: Memory Usage (446328K) : Executing rule LBE.b
2026-03-24 21:16:34 +0100: Memory Usage (446456K) : Executing rule LBE.b1
2026-03-24 21:16:34 +0100: Memory Usage (446584K) : Executing rule LBE.c
2026-03-24 21:16:34 +0100: Memory Usage (446712K) : Executing rule LBE.d
2026-03-24 21:16:34 +0100: Memory Usage (446840K) : Executing rule LBE.h
2026-03-24 21:16:34 +0100: Memory Usage (447096K) : Starting 7.4. PIN table
2026-03-24 21:16:34 +0100: Memory Usage (447096K) : Executing rule Pin.a
2026-03-24 21:16:34 +0100: Memory Usage (447224K) : Executing rule Pin.b
2026-03-24 21:16:34 +0100: Memory Usage (447352K) : Executing rule Pin.e
2026-03-24 21:16:34 +0100: Memory Usage (447608K) : Executing rule Pin.f_M2
2026-03-24 21:16:34 +0100: Memory Usage (447736K) : Executing rule Pin.f_M3
2026-03-24 21:16:34 +0100: Memory Usage (447864K) : Executing rule Pin.f_M4
2026-03-24 21:16:34 +0100: Memory Usage (447992K) : Executing rule Pin.f_M5
2026-03-24 21:16:34 +0100: Memory Usage (448120K) : Executing rule Pin.g
2026-03-24 21:16:34 +0100: Memory Usage (448376K) : Executing rule Pin.h
2026-03-24 21:16:34 +0100: Memory Usage (448504K) : Starting 3.2. FORBIDDEN table
2026-03-24 21:16:34 +0100: Memory Usage (448504K) : Executing rule forbidden.biwind
2026-03-24 21:16:34 +0100: Memory Usage (448632K) : Executing rule forbidden.pemwind
2026-03-24 21:16:34 +0100: Memory Usage (448632K) : Executing rule forbidden.baspoly
2026-03-24 21:16:34 +0100: Memory Usage (448760K) : Executing rule forbidden.deepco
2026-03-24 21:16:34 +0100: Memory Usage (448888K) : Executing rule forbidden.pempoly
2026-03-24 21:16:34 +0100: Memory Usage (449016K) : Executing rule forbidden.empoly
2026-03-24 21:16:34 +0100: Memory Usage (449016K) : Executing rule forbidden.ldmos
2026-03-24 21:16:34 +0100: Memory Usage (449144K) : Executing rule forbidden.pbiwind
2026-03-24 21:16:34 +0100: Memory Usage (449272K) : Executing rule forbidden.nodrc
2026-03-24 21:16:34 +0100: Memory Usage (449272K) : Executing rule forbidden.flash
2026-03-24 21:16:34 +0100: Memory Usage (449400K) : Executing rule forbidden.colwind
2026-03-24 21:16:34 +0100: Memory Usage (449528K) : KLayout DRC run for tables 'main' completed in 2.37 seconds
